C51 COMPILER V9.55   ADC_INIT                                                              05/19/2020 16:42:08 PAGE 1   


C51 COMPILER V9.55, COMPILATION OF MODULE ADC_INIT
OBJECT MODULE PLACED IN .\Objects\ADC_Init.obj
COMPILER INVOKED BY: C:\Keil_v5\C51\BIN\C51.EXE c\ADC_Init.c OPTIMIZE(8,SPEED) BROWSE DEBUG OBJECTEXTEND PRINT(.\Listing
                    -s\ADC_Init.lst) OBJECT(.\Objects\ADC_Init.obj)

line level    source

   1          #include "H/Function_Init.H"
   2          
   3          void ADC_Init(uint Channel);
   4          unsigned int ADCValue = 0x0000;
   5          bit AdcFlag = 0;
   6          
   7          /***********ADC采样口选择*************/
   8          #if (IC_MODEL == SC95FS523)
                      enum Channel {AIN0=0,AIN1,AIN2,AIN3,AIN4,AIN5,AIN6,AIN7,AIN8,AIN9,VDD4=31};
              #endif
  11          
  12          #if (IC_MODEL == SC95FS522)
              enum Channel {AIN2=2,AIN3,AIN4,AIN5,AIN8=8,AIN9,VDD4=31};
              #endif
  15          
  16          #if (IC_MODEL == SC95FS521)
              enum Channel {AIN2=2,AIN3,AIN4,AIN8=8,AIN9,VDD4=31};
              #endif
  19          
  20          #if (IC_MODEL == SC95FS520S)
              enum Channel {AIN2=2,AIN8=8,VDD4=31};
              #endif
  23          
  24          #if (IC_MODEL == SC95FS520M)
  25          enum Channel {AIN2=2,VDD4=31};
  26          #endif
  27          
  28          /*****************************************************
  29          *函数名称：void ADC_Test(void)
  30          *函数功能：ADC测试
  31          *入口参数：void
  32          *出口参数：void
  33          *****************************************************/
  34          void ADC_Test(void)
  35          {
  36   1              ADC_Init(AIN2);
  37   1              while(1)
  38   1              {
  39   2                      ADCCON |= 0X40;   //开始ADC转换
  40   2                      while(!AdcFlag);                                 //等待 ADC转换完成;
  41   2                      AdcFlag = 0;
  42   2                      ADCValue = (ADCVH<<4)+(ADCVL>>4);
  43   2              }
  44   1      }
  45          /*****************************************************
  46          *函数名称：void ADC_Init(uint Channel)
  47          *函数功能：ADC初始化
  48          *入口参数：Channel
  49          *出口参数：void
  50          *****************************************************/
  51          void ADC_Init(uint Channel)
  52          {
  53   1              ADCCON = 0X80|Channel;          //开启ADC，ADC采样频率为2M ,选择Channel位ADC采样口
  54   1              if(Channel<8)
C51 COMPILER V9.55   ADC_INIT                                                              05/19/2020 16:42:08 PAGE 2   

  55   1              {
  56   2                      ADCCFG0 = 1<<Channel;   //设置Channel作为采样口
  57   2              }
  58   1              else
  59   1              {
  60   2                      ADCCFG1 = 1<<(Channel-8);   //设置Channel作为采样口
  61   2              }
  62   1              IE |= 0X40;        //开启ADC中断
  63   1              EA = 1;
  64   1      }
  65          
  66          
  67          void ADC_Interrupt(void) interrupt 6
  68          {
  69   1              ADCCON &= ~(0X20);  //清中断标志位
  70   1              AdcFlag = 1;
  71   1      }


MODULE INFORMATION:   STATIC OVERLAYABLE
   CODE SIZE        =     99    ----
   CONSTANT SIZE    =   ----    ----
   XDATA SIZE       =   ----    ----
   PDATA SIZE       =   ----    ----
   DATA SIZE        =      2    ----
   IDATA SIZE       =   ----    ----
   BIT SIZE         =      1    ----
END OF MODULE INFORMATION.


C51 COMPILATION COMPLETE.  0 WARNING(S),  0 ERROR(S)
