C51 COMPILER V9.55   IO_INIT                                                               05/19/2020 16:42:08 PAGE 1   


C51 COMPILER V9.55, COMPILATION OF MODULE IO_INIT
OBJECT MODULE PLACED IN .\Objects\IO_Init.obj
COMPILER INVOKED BY: C:\Keil_v5\C51\BIN\C51.EXE c\IO_Init.c OPTIMIZE(8,SPEED) BROWSE DEBUG OBJECTEXTEND PRINT(.\Listings
                    -\IO_Init.lst) OBJECT(.\Objects\IO_Init.obj)

line level    source

   1          #include "H/Function_Init.H"
   2          /*****************************************************
   3          *函数名称：void IO_Init(void)
   4          *函数功能：IO初始化
   5          *入口参数：void
   6          *出口参数：void
   7          *****************************************************/
   8          void IO_Init(void)
   9          {
  10   1              #if (IC_MODEL == SC95FS523)  //SC95FS523引脚定义
                      P0CON = 0xFF;  //设置P0为强推挽模式
                      P0PH  = 0x00;
                      P1CON = 0x00;  //设置P1为高阻输入模式
                      P1PH  = 0x00;
                      P2CON = 0x00;  //设置P2为高阻带上拉模式
                      P2PH  = 0xFF;
                      P5CON = 0xFF;  //设置P5为强推挽模式
                      P5PH  = 0x00;
                      #endif
  20   1              
  21   1              #if (IC_MODEL == SC95FS522)  //SC95FS522引脚定义
                      P0CON = 0xFF;  //设置P0为强推挽模式
                      P0PH  = 0x00;
                      P1CON = 0x00;  //设置P1为高阻输入模式
                      P1PH  = 0x00;
                      P2CON = 0x00;  //设置P2为高阻带上拉模式
                      P2PH  = 0xFF;
                      SC95FS522_NIO_Init(); //未引出IO口配置
                      #endif
  30   1          
  31   1          #if (IC_MODEL == SC95FS521)  //SC95FS521引脚定义
                      P0CON = 0xFF;  //设置P0为强推挽模式
                      P0PH  = 0x00;
                      P1CON = 0x00;  //设置P1为高阻输入模式
                      P1PH  = 0x00;
                      P2CON = 0x00;  //设置P2为高阻带上拉模式
                      P2PH  = 0xFF;
                      SC95FS521_NIO_Init(); //未引出IO口配置
                      #endif
  40   1              
  41   1              #if (IC_MODEL == SC95FS520S)  //SC95FS520S引脚定义
                      P0CON = 0xFF;  //设置P0为强推挽模式
                      P0PH  = 0x00;
                      P1CON = 0x00;  //设置P1为高阻输入模式
                      P1PH  = 0x00;
                      P2CON = 0x00;  //设置P2为高阻带上拉模式
                      P2PH  = 0xFF;
                      SC95FS520S_NIO_Init(); //未引出IO口配置
                      #endif
  50   1          
  51   1          #if (IC_MODEL == SC95FS520M)  //SC95FS520M引脚定义
  52   1              P0CON = 0xFF;  //设置P0为强推挽模式
  53   1              P0PH  = 0x00;
  54   1              P1CON = 0x00;  //设置P1为高阻输入模式
C51 COMPILER V9.55   IO_INIT                                                               05/19/2020 16:42:08 PAGE 2   

  55   1              P1PH  = 0x00;
  56   1              P2CON = 0x00;  //设置P2为高阻带上拉模式
  57   1              P2PH  = 0xFF;
  58   1              SC95FS520M_NIO_Init(); //未引出IO口配置
  59   1              #endif
  60   1      }
  61          
  62          void Delay(uint time)
  63          {
  64   1          for(;time>0;time--);
  65   1      }


MODULE INFORMATION:   STATIC OVERLAYABLE
   CODE SIZE        =     45    ----
   CONSTANT SIZE    =   ----    ----
   XDATA SIZE       =   ----    ----
   PDATA SIZE       =   ----    ----
   DATA SIZE        =   ----    ----
   IDATA SIZE       =   ----    ----
   BIT SIZE         =   ----    ----
END OF MODULE INFORMATION.


C51 COMPILATION COMPLETE.  0 WARNING(S),  0 ERROR(S)
