C51 COMPILER V9.55   LCD_INIT                                                              07/25/2019 10:00:24 PAGE 1   


C51 COMPILER V9.55, COMPILATION OF MODULE LCD_INIT
OBJECT MODULE PLACED IN .\Objects\LCD_Init.obj
COMPILER INVOKED BY: C:\Keil_v5\C51\BIN\C51.EXE c\LCD_Init.c OPTIMIZE(8,SPEED) BROWSE DEBUG OBJECTEXTEND PRINT(.\Listing
                    -s\LCD_Init.lst) OBJECT(.\Objects\LCD_Init.obj)

line level    source

   1          #include "H/Function_Init.H"
   2          
   3          void LCD_Init(uchar VDD_1_2);
   4          void Delay(uint time);
   5          enum COM{COM0=1,COM1=2,COM2=4,COM3=8};
   6          /*****************************************************
   7          *函数名称：void LCD_Test(void)
   8          *函数功能：LCD测试
   9          *入口参数：void
  10          *出口参数：void
  11          *****************************************************/
  12          void LCD_Test(void)
  13          {
  14   1          P0CON |= 0x0F;
  15   1          P0PH &= 0xF0;
  16   1              while(1)
  17   1              {   
  18   2              P0 |= 0x1f;        
  19   2              LCD_Init(~(COM0)); 
  20   2              Delay(100);
  21   2              LCD_Init(~(COM1)); 
  22   2              Delay(100);
  23   2              LCD_Init(~(COM2)); 
  24   2              Delay(100);
  25   2              LCD_Init(~(COM3)); 
  26   2              Delay(100);
  27   2      
  28   2              P0 &= 0xE0;        
  29   2              LCD_Init(~(COM0)); 
  30   2              Delay(100);
  31   2              LCD_Init(~(COM1)); 
  32   2              Delay(100);
  33   2              LCD_Init(~(COM2)); 
  34   2              Delay(100);
  35   2              LCD_Init(~(COM3)); 
  36   2              Delay(100);
  37   2                   
  38   2              }
  39   1      }
  40          
  41          /*****************************************************
  42          *函数名称：void LCD_Init(uchar VDD_1_2)
  43          *函数功能：LCD初始化
  44          *入口参数：VDD_1_2
  45          *出口参数：void
  46          *****************************************************/
  47          void LCD_Init(uchar VDD_1_2)
  48          {
  49   1              P0VO = VDD_1_2;   //打开LCD电压输出功能，输出电压为1/2VDD
  50   1      //      OTCON |= 0x00;     //关闭内部分压电阻
  51   1      //      OTCON |= 0x04;     //设定内部分压电阻为25K
  52   1      //      OTCON |= 0x08;     //设定内部分压电阻为50K
  53   1              OTCON |= 0x0C;     //设定内部分压电阻为100K
  54   1      }
C51 COMPILER V9.55   LCD_INIT                                                              07/25/2019 10:00:24 PAGE 2   

  55          
  56          void Delay(uint time)
  57          {
  58   1          uint i = 0;
  59   1          for(i=0; i<100; i++)
  60   1          for(; time>0; time--)
  61   1          ;
  62   1      }


MODULE INFORMATION:   STATIC OVERLAYABLE
   CODE SIZE        =    119    ----
   CONSTANT SIZE    =   ----    ----
   XDATA SIZE       =   ----    ----
   PDATA SIZE       =   ----    ----
   DATA SIZE        =   ----    ----
   IDATA SIZE       =   ----    ----
   BIT SIZE         =   ----    ----
END OF MODULE INFORMATION.


C51 COMPILATION COMPLETE.  0 WARNING(S),  0 ERROR(S)
