C51 COMPILER V9.55   UART_INIT                                                             07/25/2019 10:00:24 PAGE 1   


C51 COMPILER V9.55, COMPILATION OF MODULE UART_INIT
OBJECT MODULE PLACED IN .\Objects\Uart_Init.obj
COMPILER INVOKED BY: C:\Keil_v5\C51\BIN\C51.EXE c\Uart_Init.c OPTIMIZE(8,SPEED) BROWSE DEBUG OBJECTEXTEND PRINT(.\Listin
                    -gs\Uart_Init.lst) OBJECT(.\Objects\Uart_Init.obj)

line level    source

   1          #include "H/Function_Init.H" 
   2          
   3          void Uart0_Init(void);
   4          bit UartSendFlag = 0; //发送中断标志位
   5          bit UartReceiveFlag = 0; //接收中断标志位
   6          /*****************************************************
   7          *函数名称：void Uart0_Test(void)
   8          *函数功能：Uart0测试
   9          *入口参数：void
  10          *出口参数：void
  11          *****************************************************/
  12          void Uart0_Test(void)
  13          {
  14   1              Uart0_Init();
  15   1              while(1)
  16   1              {
  17   2                      SBUF = 0x55;
  18   2                      while(!UartSendFlag);
  19   2                      UartSendFlag = 0;
  20   2              }
  21   1      }
  22          /*****************************************************
  23          *函数名称：void Uart0_Init(void)
  24          *函数功能：Uart0中断初始化
  25          *入口参数：void
  26          *出口参数：void
  27          *****************************************************/
  28          void Uart0_Init(void)    //选择Timer1作为波特率信号发生器
  29          {
  30   1              P1CON &= 0XF3;
  31   1              P1PH |= 0X0C;    //TX/RX为带上拉输入；          
  32   1              SCON = 0X50;     //方式1，允许接收数据
  33   1              PCON |= 0X80; 
  34   1              T2CON = 0x00;    //使用定时器1作UART时钟
  35   1              TMOD = 0X20;     //定时器1  8位自动重载
  36   1              TMCON = 0X02;    //定时器1   Fsys；
  37   1              TL1 = 217;              
  38   1              TH1 = 217;               //UART 波特率24M情况下=38400；
  39   1              TR1 = 1;                 //启动Timer0
  40   1              EUART = 1;           //允许UART中断
  41   1              EA = 1;              //开总中断
  42   1      }
  43          
  44          /*
  45          void Uart0_Init(void)    //选择Timer2作为波特率信号发生器
  46          {
  47                  P1CON &= 0XF3;
  48                  P1PH |= 0X0C;    //TX为强推输出，RX为带上拉输入；
  49                  SCON  = 0X50;    //设置通信方式为模式一，允许接收
  50                  PCON |= 0X80; 
  51                  TMCON |= 0X04;
  52                  T2MOD = 0X00;
  53                  T2CON = 0X30;
  54                  RCAP2H = 0xFF;
C51 COMPILER V9.55   UART_INIT                                                             07/25/2019 10:00:24 PAGE 2   

  55                  RCAP2L = 0xB2;
  56                  TR2 = 1;
  57                  EUART = 1;     //开启Uart0中断
  58                  EA = 1;
  59          }
  60          */
  61          
  62          /*****************************************************
  63          *函数名称：void UartInt(void) interrupt 4
  64          *函数功能：Uart0中断服务函数
  65          *入口参数：void
  66          *出口参数：void
  67          *****************************************************/
  68          void UartInt(void) interrupt 4
  69          {
  70   1              if(TI)
  71   1              {
  72   2                      TI = 0; 
  73   2                      UartSendFlag = 1;               
  74   2              }
  75   1              if(RI)
  76   1              {
  77   2                      RI = 0; 
  78   2                      UartReceiveFlag = 1;
  79   2              }       
  80   1      }


MODULE INFORMATION:   STATIC OVERLAYABLE
   CODE SIZE        =     62    ----
   CONSTANT SIZE    =   ----    ----
   XDATA SIZE       =   ----    ----
   PDATA SIZE       =   ----    ----
   DATA SIZE        =   ----    ----
   IDATA SIZE       =   ----    ----
   BIT SIZE         =      2    ----
END OF MODULE INFORMATION.


C51 COMPILATION COMPLETE.  0 WARNING(S),  0 ERROR(S)
