C51 COMPILER V9.55   PWM_INIT                                                              07/25/2019 09:58:53 PAGE 1   


C51 COMPILER V9.55, COMPILATION OF MODULE PWM_INIT
OBJECT MODULE PLACED IN .\Objects\PWM_Init.obj
COMPILER INVOKED BY: C:\Keil_v5\C51\BIN\C51.EXE c\PWM_Init.c OPTIMIZE(8,SPEED) BROWSE DEBUG OBJECTEXTEND PRINT(.\Listing
                    -s\PWM_Init.lst) OBJECT(.\Objects\PWM_Init.obj)

line level    source

   1          #include "H/Function_Init.H"
   2          
   3          void PWM_Init(void);
   4          /*****************************************************
   5          *函数名称：void PWM_Test(void)
   6          *函数功能：PWM测试
   7          *入口参数：void
   8          *出口参数：void
   9          *****************************************************/
  10          void PWM_Test(void)
  11          {
  12   1              PWM_Init();
  13   1              while(1)
  14   1              {
  15   2              }
  16   1      }
  17          /*****************************************************
  18          *函数名称：void PWM_Init(void)
  19          *函数功能：PWM初始化
  20          *入口参数：void
  21          *出口参数：void
  22          *****************************************************/
  23          void PWM_Init(void)
  24          {
  25   1              PWMCON  = 0x3A;         //PWM输出到IO，PWM时钟为Fsys/4
  26   1              PWMPRD  = 59;           //PWM周期=(59+1)*(1/6us)=10us   ;
  27   1              PWMCFG  = 0x07;         //PWM输出不反向,输出至P25/P26/P27
  28   1              PWMDTY0 = 30;           //PWM0的Duty = 30/60 =1/2
  29   1              PWMDTY1 = 15;       //PWM0的Duty = 15/60 =1/4
  30   1              PWMDTY2 = 10;       //PWM0的Duty = 10/60 =1/6
  31   1              PWMDTYA = 0x00;
  32   1              PWMCON |= 0x80;     //开启PWM
  33   1              IE1 |= 0x02;        //开启PWM中断
  34   1              EA = 1;
  35   1      }
  36          
  37          /*****************************************************
  38          *函数名称：void PWMInt(void) interrupt 8
  39          *函数功能：PWM中断服务函数
  40          *入口参数：void
  41          *出口参数：void
  42          *****************************************************/
  43          void PWMInt(void) interrupt 8
  44          {       
  45   1              P20=~P20;         
  46   1      }


MODULE INFORMATION:   STATIC OVERLAYABLE
   CODE SIZE        =     38    ----
   CONSTANT SIZE    =   ----    ----
   XDATA SIZE       =   ----    ----
   PDATA SIZE       =   ----    ----
   DATA SIZE        =   ----    ----
C51 COMPILER V9.55   PWM_INIT                                                              07/25/2019 09:58:53 PAGE 2   

   IDATA SIZE       =   ----    ----
   BIT SIZE         =   ----    ----
END OF MODULE INFORMATION.


C51 COMPILATION COMPLETE.  0 WARNING(S),  0 ERROR(S)
