C51 COMPILER V9.03   32K                                                                   08/14/2016 21:42:37 PAGE 1   


C51 COMPILER V9.03, COMPILATION OF MODULE 32K
OBJECT MODULE PLACED IN .\output\32K.obj
COMPILER INVOKED BY: C:\Keil\C51\BIN\C51.EXE c\32K.C BROWSE DEBUG OBJECTEXTEND PRINT(.\lst\32K.lst) OBJECT(.\output\32K.
                    -obj)

line level    source

   1          //************************************************************
   2          //  Copyright (c) 深圳市赛元微电子有限公司
   3          //      文件名称        : IO_Set.c
   4          //      作者            : 
   5          //      模块功能        : IO常用设置
   6          //      局部函数列表:
   7          //  最后更正日期:
   8          //      版本            :
   9          //      更改记录        :rom前256byte禁止查表,因此在编译的时候，设置keil->option for Target->BL51 Locate->Code Range:
             -0x100
  10          //*************************************************************
  11          #include "h\sc91f8322_C.h"
  12          unsigned int count;
  13          //*************************************************************
  14          // 函数名       ：void X32K_init(void)
  15          // 作者         ：
  16          // 功能         ：32K初始化设置
  17          // 参数         ：无
  18          // 返回值       ：无
  19          // 调用全局变量：无
  20          // 修改全局变量：无
  21          // 备注         ：烧录时，Code Option请选择USEX32
  22          //**************************************************************
  23          void X32K_init()
  24          {
  25   1              E32K=0;  //关闭32K中断
  26   1              X32CTL=0xE6; //启动32K，使用外接的32K晶振，开始计数，每1秒产生一个interrupt;
  27   1              E32K=1;  //允许32K中断
  28   1      }
  29          //*************************************************************
  30          // 函数名       ：void X32K() interrupt 2
  31          // 作者         ：
  32          // 功能         ：每次中断，计数器加1
  33          // 参数         ：无
  34          // 返回值       ：无
  35          // 调用全局变量：无
  36          // 修改全局变量：无
  37          // 备注         ：
  38          //**************************************************************
  39          void X32K() interrupt 2
  40          {
  41   1              count++;                                         //计数器加1；
  42   1              if(count==3600) 
  43   1                      count=0;                                                
  44   1      }
  45          void main()
  46          {
  47   1              RSTCFG=0X2A;                             //切换RstPin为GPIO,lvr选择3.5V复位
  48   1              WDTCR = 0x90;                           //1--1 -- 00    开WDT,WDT清0,WDT 262ms溢出;烧录时，可Code Option选择ENWDT
  49   1              X32K_init();
  50   1              EA=1;                                           //开总中断
  51   1              while(1)
  52   1              {
  53   2                      WDTCR = 0x90;                           //1--1 -- 00    开WDT,WDT清0,WDT 262ms溢出;烧录时，可Code Option选择ENWDT               
C51 COMPILER V9.03   32K                                                                   08/14/2016 21:42:37 PAGE 2   

  54   2              }
  55   1      }


MODULE INFORMATION:   STATIC OVERLAYABLE
   CODE SIZE        =     55    ----
   CONSTANT SIZE    =   ----    ----
   XDATA SIZE       =   ----    ----
   PDATA SIZE       =   ----    ----
   DATA SIZE        =      2    ----
   IDATA SIZE       =   ----    ----
   BIT SIZE         =   ----    ----
END OF MODULE INFORMATION.


C51 COMPILATION COMPLETE.  0 WARNING(S),  0 ERROR(S)
