C51 COMPILER V9.03   IO的设置                                                              05/15/2013 13:26:59 PAGE 1   


C51 COMPILER V9.03, COMPILATION OF MODULE IO的设置
OBJECT MODULE PLACED IN .\output\IO的设置.obj
COMPILER INVOKED BY: D:\Keil\C51\BIN\C51.EXE c\IO的设置.c BROWSE DEBUG OBJECTEXTEND PRINT(.\lst\IO的设置.lst) OBJECT(.\o
                    -utput\IO的设置.obj)

line level    source

   1          //************************************************************
   2          //  Copyright (c) 深圳市赛元微电子有限公司
   3          //      文件名称        : IO_Set.c
   4          //      作者            : 
   5          //      模块功能        : IO常用设置
   6          //      局部函数列表:
   7          //  最后更正日期:
   8          //      版本            :
   9          //      更改记录        :712 rom前256byte禁止查表,因此在编译的时候，设置keil->option for Target->BL51 Locate->Code Ra
             -nge:0x100
  10          //*************************************************************
  11          #include "h\sc91f712_C.h"
  12          
  13          //============================
  14          //模块内宏定义
  15          //============================
  16          #define         BS(SFR,NUM)             (SFR|=(1<<NUM))             //位置1
  17          #define         BC(SFR,NUM)             (SFR&=~(1<<NUM))                    //位清0
  18          //============================
  19          //按键输入，使用准双向模式时，需要切换为准双向模式，并对该IO口写1,输出则选择强推挽模式
  20          //============================
  21          #define         SET(SFR,NUM)    (SFR = NUM)     
  22          
  23          //=========================P1、P3 准双向IO设置=========================================//
  24          #define         P10M                                    (BC(P1CFG0,0),BC(P1CFG0,1))                                                     //设置P10为准双向IO
  25          #define         P11M                                    (BC(P1CFG0,2),BC(P1CFG0,3))                                                     //设置P11为准双向IO
  26          #define         P12M                                    (BC(P1CFG0,4),BC(P1CFG0,5))                                                     //设置P12为准双向IO
  27          #define         P13M                                    (BC(P1CFG0,6),BC(P1CFG0,7))                                                     //设置P13为准双向IO
  28          
  29          #define         P30M                                    (BC(P3CFG0,0),BC(P3CFG0,1))                                                     //设置P30为准双向IO
  30          #define         P31M                                    (BC(P3CFG0,2),BC(P3CFG0,3))                                                     //设置P31为准双向IO
  31          #define         P32M                                    (BC(P3CFG0,4),BC(P3CFG0,5))                                                     //设置P32为准双向IO
  32          #define         P33M                                    (BC(P3CFG0,6),BC(P3CFG0,7))                                                     //设置P33为准双向IO
  33          #define         P34M                                    (BC(P3CFG1,0),BC(P3CFG1,1))                                                     //设置P34为准双向IO
  34          #define         P35M                                    (BC(P3CFG1,2),BC(P3CFG1,3))                                                     //设置P35为准双向IO
  35          #define         P36M                                    (BC(P3CFG1,4),BC(P3CFG1,5))                                                     //设置P36为准双向IO
  36          #define         P37M                                    (BC(P3CFG1,6),BC(P3CFG1,7))                                                     //设置P37为准双向IO
  37          
  38          //=========================P1、P3  强推挽IO设置=========================================//
  39          
  40          #define         P10PM                                   (BS(P1CFG0,0),BC(P1CFG0,1))                                                     //设置P10为强推挽IO
  41          #define         P11PM                                   (BS(P1CFG0,2),BC(P1CFG0,3))                                                     //设置P11为强推挽IO
  42          #define         P12PM                                   (BS(P1CFG0,4),BC(P1CFG0,5))                                                     //设置P12为强推挽IO
  43          #define         P13PM                                   (BS(P1CFG0,6),BC(P1CFG0,7))                                                     //设置P13为强推挽IO
  44          
  45          #define         P30PM                                   (BS(P3CFG0,0),BC(P3CFG0,1))                                                     //设置P30为强推挽IO
  46          #define         P31PM                                   (BS(P3CFG0,2),BC(P3CFG0,3))                                                     //设置P31为强推挽IO
  47          #define         P32PM                                   (BS(P3CFG0,4),BC(P3CFG0,5))                                                     //设置P32为强推挽IO
  48          #define         P33PM                                   (BS(P3CFG0,6),BC(P3CFG0,7))                                                     //设置P33为强推挽IO
  49          #define         P34PM                                   (BS(P3CFG1,0),BC(P3CFG1,1))                                                     //设置P34为强推挽IO
  50          #define         P35PM                                   (BS(P3CFG1,2),BC(P3CFG1,3))                                                     //设置P35为强推挽IO
  51          #define         P36PM                                   (BS(P3CFG1,4),BC(P3CFG1,5))                                                     //设置P36为强推挽IO
  52          #define         P37PM                                   (BS(P3CFG1,6),BC(P3CFG1,7))                                                     //设置P37为强推挽IO
  53          
C51 COMPILER V9.03   IO的设置                                                              05/15/2013 13:26:59 PAGE 2   

  54          //=========================P1、P3  高阻态(仅输入)IO设置=========================================//
  55          
  56          #define         P10IM                                   (BC(P1CFG0,0),BS(P1CFG0,1))                                                     //设置P10为高阻态IO
  57          #define         P11IM                                   (BC(P1CFG0,2),BS(P1CFG0,3))                                                     //设置P11为高阻态IO
  58          #define         P12IM                                   (BC(P1CFG0,4),BS(P1CFG0,5))                                                     //设置P12为高阻态IO
  59          #define         P13IM                                   (BC(P1CFG0,6),BS(P1CFG0,7))                                                     //设置P13为高阻态IO
  60          
  61          #define         P30IM                                   (BC(P3CFG0,0),BS(P3CFG0,1))                                                     //设置P30为高阻态IO
  62          #define         P31IM                                   (BC(P3CFG0,2),BS(P3CFG0,3))                                                     //设置P31为高阻态IO
  63          #define         P32IM                                   (BC(P3CFG0,4),BS(P3CFG0,5))                                                     //设置P32为高阻态IO
  64          #define         P33IM                                   (BC(P3CFG0,6),BS(P3CFG0,7))                                                     //设置P33为高阻态IO
  65          #define         P34IM                                   (BC(P3CFG1,0),BS(P3CFG1,1))                                                     //设置P34为高阻态IO
  66          #define         P35IM                                   (BC(P3CFG1,2),BS(P3CFG1,3))                                                     //设置P35为高阻态IO
  67          #define         P36IM                                   (BC(P3CFG1,4),BS(P3CFG1,5))                                                     //设置P36为高阻态IO
  68          #define         P37IM                                   (BC(P3CFG1,6),BS(P3CFG1,7))                                                     //设置P37为高阻态IO
  69          
  70          //=========================P1、P3  开漏输出IO设置=========================================//
  71          
  72          #define         P10OM                                   (BS(P1CFG0,0),BS(P1CFG0,1))                                                     //设置P10为开漏输出IO
  73          #define         P11OM                                   (BS(P1CFG0,2),BS(P1CFG0,3))                                                     //设置P11为开漏输出IO
  74          #define         P12OM                                   (BS(P1CFG0,4),BS(P1CFG0,5))                                                     //设置P12为开漏输出IO
  75          #define         P13OM                                   (BS(P1CFG0,6),BS(P1CFG0,7))                                                     //设置P13为开漏输出IO
  76          
  77          #define         P30OM                                   (BS(P3CFG0,0),BS(P3CFG0,1))                                                     //设置P30为开漏输出IO
  78          #define         P31OM                                   (BS(P3CFG0,2),BS(P3CFG0,3))                                                     //设置P31为开漏输出IO
  79          #define         P32OM                                   (BS(P3CFG0,4),BS(P3CFG0,5))                                                     //设置P32为开漏输出IO
  80          #define         P33OM                                   (BS(P3CFG0,6),BS(P3CFG0,7))                                                     //设置P33为开漏输出IO
  81          #define         P34OM                                   (BS(P3CFG1,0),BS(P3CFG1,1))                                                     //设置P34为开漏输出IO
  82          #define         P35OM                                   (BS(P3CFG1,2),BS(P3CFG1,3))                                                     //设置P35为开漏输出IO
  83          #define         P36OM                                   (BS(P3CFG1,4),BS(P3CFG1,5))                                                     //设置P36为开漏输出IO
  84          #define         P37OM                                   (BS(P3CFG1,6),BS(P3CFG1,7))                                                     //设置P37为开漏输出IO
  85          
  86          //=========================P1、P3  准双向IO设置输入=========================================//
  87          #define         P10MI                                   (BC(P1CFG0,0),BC(P1CFG0,1),SET(P10,1))                          //设置P10为准双向IO输入
  88          #define         P11MI                                   (BC(P1CFG0,2),BC(P1CFG0,3),SET(P11,1))                          //设置P11为准双向IO输入
  89          #define         P12MI                                   (BC(P1CFG0,4),BC(P1CFG0,5),SET(P12,1))                          //设置P12为准双向IO输入
  90          #define         P13MI                                   (BC(P1CFG0,6),BC(P1CFG0,7),SET(P13,1))                          //设置P13为准双向IO输入
  91          
  92          #define         P30MI                                   (BC(P3CFG0,0),BC(P3CFG0,1),SET(P30,1))                          //设置P30为准双向IO输入
  93          #define         P31MI                                   (BC(P3CFG0,2),BC(P3CFG0,3),SET(P31,1))                          //设置P31为准双向IO输入
  94          #define         P32MI                                   (BC(P3CFG0,4),BC(P3CFG0,5),SET(P32,1))                          //设置P32为准双向IO输入
  95          #define         P33MI                                   (BC(P3CFG0,6),BC(P3CFG0,7),SET(P33,1))                          //设置P33为准双向IO输入
  96          #define         P34MI                                   (BC(P3CFG1,0),BC(P3CFG1,1),SET(P34,1))                          //设置P34为准双向IO输入
  97          #define         P35MI                                   (BC(P3CFG1,2),BC(P3CFG1,3),SET(P35,1))                          //设置P35为准双向IO输入
  98          #define         P36MI                                   (BC(P3CFG1,4),BC(P3CFG1,5),SET(P36,1))                          //设置P36为准双向IO输入
  99          #define         P37MI                                   (BC(P3CFG1,6),BC(P3CFG1,7),SET(P37,1))                          //设置P37为准双向IO输入
 100          //*************************************************************
 101          // 函数名       ：void main()
 102          // 作者         ：
 103          // 功能         ：主函数
 104          // 参数         ：无
 105          // 返回值       ：无
 106          // 调用全局变量：无
 107          // 修改全局变量：无
 108          // 备注         ：
 109          //**************************************************************
 110          void main()
 111          {
 112   1              RSTCFG=0x2A;                            //RSTpin切换GPIO,lvr 选择3.5V复位
 113   1              WDTCR = 0x90;                           //1--1 -- 00    开WDT,WDT清0,WDT 262ms溢出;烧录时，可Code Option选择ENWDT
 114   1              P11MI;                                     //按键输入
 115   1              P11PM;                                     //显示输出
C51 COMPILER V9.03   IO的设置                                                              05/15/2013 13:26:59 PAGE 3   

 116   1              while(1)
 117   1              {
 118   2                      WDTCR = 0x90;                           //1--1 -- 00    开WDT,WDT清0,WDT 262ms溢出;烧录时，可Code Option选择ENWDT
 119   2              }
 120   1      }


MODULE INFORMATION:   STATIC OVERLAYABLE
   CODE SIZE        =     25    ----
   CONSTANT SIZE    =   ----    ----
   XDATA SIZE       =   ----    ----
   PDATA SIZE       =   ----    ----
   DATA SIZE        =   ----    ----
   IDATA SIZE       =   ----    ----
   BIT SIZE         =   ----    ----
END OF MODULE INFORMATION.


C51 COMPILATION COMPLETE.  0 WARNING(S),  0 ERROR(S)
