C51 COMPILER V9.03   EX0_6                                                                 04/27/2017 11:38:38 PAGE 1   


C51 COMPILER V9.03, COMPILATION OF MODULE EX0_6
OBJECT MODULE PLACED IN .\output\EX0_6.obj
COMPILER INVOKED BY: D:\keil\C51\BIN\C51.EXE c\EX0_6.c BROWSE DEBUG OBJECTEXTEND PRINT(.\lst\EX0_6.lst) OBJECT(.\output\
                    -EX0_6.obj)

line level    source

   1          //************************************************************
   2          //  Copyright (c) 深圳市赛元微电子有限公司
   3          //      文件名称        : EX0_6.c
   4          //      作者            : 
   5          //      模块功能        : 外部中断的使用
   6          //      局部函数列表:
   7          //  最后更正日期:
   8          //      版本            :
   9          //      更改记录        : 746 rom前256byte禁止查表,因此在编译的时候，设置keil->option for Target->BL51 Locate->Code R
             -ange:0x100
  10          //*************************************************************
  11          
  12          #include "h\sc91f746_C.h"
  13          //*************************************************************
  14          // 函数名       ：void EX0_6init(void)
  15          // 作者         ：
  16          // 功能         ：外部中断初始化设置
  17          // 参数         ：无
  18          // 返回值       ：无
  19          // 调用全局变量：无
  20          // 修改全局变量：无
  21          // 备注         ：除外部中断1之外,其他外部中断均为下降沿触发
  22          //**************************************************************
  23          void EX0_6init(void)
  24          {       
  25   1              EXIE = 0x3F;                            //0111 1111  外部中断5...外部中断0使能
  26   1              EXIP = 0x00;                            //0000 0000  外部中断5...外部中断0无中断优先级
  27   1              P1IT = 0x00;                        //--000000           外部 中断`选择双沿触发:        00-下降沿触发 01-无中断 10-双沿触发 11-上升沿触发
             -        
  28   1      }
  29          //*************************************************************
  30          // 函数名       ：void EX0() interrupt  n
  31          // 作者         ：
  32          // 功能         ：外部中断
  33          // 参数         ：无
  34          // 返回值       ：无
  35          // 调用全局变量：无
  36          // 修改全局变量：无
  37          // 备注         ：硬件自动清除中断标志
  38          //**************************************************************
  39          void EX0() interrupt    7
  40          {
  41   1      }
  42          void EX1() interrupt    8
  43          {
  44   1      }
  45          void EX2() interrupt    9
  46          {
  47   1      }
  48          void EX3() interrupt    10
  49          {
  50   1      }
  51          void EX4() interrupt    11
  52          {
C51 COMPILER V9.03   EX0_6                                                                 04/27/2017 11:38:38 PAGE 2   

  53   1      }
  54          void EX5() interrupt    12
  55          {
  56   1      }
  57          
  58          //*************************************************************
  59          // 函数名       ：void main()
  60          // 作者         ：
  61          // 功能         ：主函数
  62          // 参数         ：无
  63          // 返回值       ：无
  64          // 调用全局变量：无
  65          // 修改全局变量：无
  66          // 备注         ：
  67          //**************************************************************
  68          void main()
  69          {
  70   1              RSTCFG=0x2A;                            //RSTpin切换GPIO,lvr 选择3.5V复位
  71   1              WDTCR = 0x90;                           //1--1 -- 00    开WDT,WDT清0,WDT 280ms溢出;烧录时，可Code Option选择ENWDT
  72   1              EX0_6init();
  73   1              EA=1;                                           //开总中断
  74   1              while(1)
  75   1              {
  76   2                      WDTCR = 0x90;                           //1--1 -- 00    开WDT,WDT清0,WDT 280ms溢出;烧录时，可Code Option选择ENWDT
  77   2              }
  78   1      }


MODULE INFORMATION:   STATIC OVERLAYABLE
   CODE SIZE        =     31    ----
   CONSTANT SIZE    =   ----    ----
   XDATA SIZE       =   ----    ----
   PDATA SIZE       =   ----    ----
   DATA SIZE        =   ----    ----
   IDATA SIZE       =   ----    ----
   BIT SIZE         =   ----    ----
END OF MODULE INFORMATION.


C51 COMPILATION COMPLETE.  0 WARNING(S),  0 ERROR(S)
