C51 COMPILER V9.03   MAIN                                                                  11/20/2011 15:55:52 PAGE 1   


C51 COMPILER V9.03, COMPILATION OF MODULE MAIN
OBJECT MODULE PLACED IN main.OBJ
COMPILER INVOKED BY: C:\Keil\C51\BIN\C51.EXE main.c ROM(COMPACT) OPTIMIZE(9,SPEED) BROWSE DEBUG OBJECTEXTEND

line level    source

   1          /*******************************************************
   2          项目： SC91F72B Demo code C语言的基本构架；
   3          *******************************************************/
   4          #include"sc91F72B_C.h"                          //include进MCU的头文件
   5          #include "Hex2Bin.h"                            //include进十六进制对应二进制的头文件
   6          
   7          /*===================
   8                    宏定义
   9          =====================*/
  10          #define  uchar  unsigned char           //无符号char类型
  11          #define  uint   unsigned int            //无符号int类型
  12          
  13          /*===================
  14                    变量定义
  15          =====================*/                                 
  16          unsigned char TusCounter;
  17          uchar           ValueL;
  18          uchar           ValueH;
  19          uint            ADC16;
  20          uint            ADC_AVG;
  21          float           Checksum;                               //浮点类型
  22          bit bdata       FLGms;                                  //位变量
  23          bit bdata       FLG;                                    //位变量
  24          
  25          unsigned char code LEDTABLE[ ]={        //定义一个数组，常量类型（不可变类型），把数组定义在Flash ROM
  26          0xC0,0xf9,0x24,0x70,0x59,0x52,0x42,
  27          0xf8,0x40,0x50,0x48,0x43,0xc6,0x61,
  28          0x46,0x4e};
  29          
  30          void IO_init();                                         //各子函数原型；
  31          void timer0_init(void);                         //在定义各个子函数前，把所有子函数先声明；
  32          void timer1_init(void);                         //该步骤不是必须的，不过建议养成这个好习惯。
  33          void INT_init();                                        
  34          void ADC_init(void);
  35          void PWM_init();
  36          void PWM_set();
  37          
  38          
  39          /*===================
  40                  GPIO的初始化
  41          =====================*/
  42          void IO_init()                                          //GPIO的各个模式，各个状态，视乎产品具体功能决定，以下举例，仅供参考
  43          {
  44   1              P1CFG1=_b00000000;                              //PxCFGx为GPIO模式配置寄存器，上电默认为准双向模式
  45   1              P1CFG0=_b01010101;                              //将P10、P11、P12、P13都设为强推挽模式
  46   1              P2CFG0=_b10101010;                              //将P20、P21都设为高阻输入模式
  47   1              P3CFG1=_b10101010;                              //将P34、P35、P36、P37都设高阻输入模式
  48   1              P3CFG0=_b01010101;                              //将P30、P31、P32、P33都设强推挽模式
  49   1      
  50   1              P1=0;                                                   //譬如讲P1设为0，（由产品功能决定）
  51   1              P2=0;                                                   //譬如讲P2设为0，（由产品功能决定）
  52   1              P3=_b11111111;                                  //譬如讲P3设为， （由产品功能决定）
  53   1      }
  54          
  55          /*===================
C51 COMPILER V9.03   MAIN                                                                  11/20/2011 15:55:52 PAGE 2   

  56                  定时器0程序区
  57          =====================*/
  58          void timer0_init(void)
  59          {
  60   1              TMCON=0x01;                                             //定时器timer0的时钟频率选择为Fosc/4
  61   1              TMOD=0x02;                                              //timer0选择自动重载模式
  62   1              TL0=(256-200);                                  //定时50uS
  63   1              TH0=(256-200);          
  64   1      
  65   1              TR0=0;                                                  //定时器T0的运行控制位。打开timer0前，先清TR0
  66   1              ET0=1;                                                  //允许timer0中断
  67   1              TR0=1;                                                  //允许timer0开始计数    
  68   1      }
  69          
  70          /*===================
  71                  定时器1程序区
  72          =====================*/
  73          void timer1_init(void)
  74          {
  75   1              TMCON=0x03;                                             //定时器timer1的时钟频率选择为Fosc/4（timer0的时钟频率也选择为Fosc/4）
  76   1              TMOD=0x22;                                              //timer1选择自动重载模式 (timer0选择自动重载模式)
  77   1              TL1=(256-200);                                  //定时50uS
  78   1              TH1=(256-200);          
  79   1      
  80   1              TR1=0;                                                  //定时器T1的运行控制位。打开timer1前，先清TRO
  81   1              ET1=1;                                                  //允许timer1中断
  82   1              TR1=1;                                                  //允许timer1开始计数    
  83   1      }
  84          
  85          /*===================
  86           外部中断初始化程序区
  87          =====================*/
  88          void INT_init()
  89          {
  90   1              EXIE=_b00000001;                                //只允许外部中断INT0发生中断
  91   1              EXIP=_b00000000;                                //外部中断优先权选择
  92   1              INT4IT=_b00000010;                              //外部中断类型选择为：双沿中断（即上升沿中断，下降沿中断）
  93   1      }
  94          
  95          /*===================
  96            AD转化初始化程序区
  97          =====================*/
  98          void ADC_init(void)
  99          {
 100   1              ADCCFG=0x00;                                    //VDD作参考电压
 101   1              P3ADC=0x01;                                             //P3.0作ADC输入口
 102   1              ADCCR=0x60;                                             //011000000, Fosc/6,打开ADC电源
 103   1      }
 104          
 105          /*===================
 106              PWM初始化程序区
 107          =====================*/
 108          void PWM_init()
 109          {
 110   1              PWMCR=_b00000101;                               //P1.1设为PWM1的输出；P1.2设为PWM0的输出;PWM波形不强制输出为高（DTY08=DTY18=0）.
 111   1              PWMCFG=_b00000111;                              //设置PWM时钟为Fosc/256，即fosc每32个clock，PWM计算器加1；
 112   1                                                      //PWM的输出不反向（INV0=INV1=0）；
 113   1              PWMPRD=255;                                             //即将PWM输出为（周期-1）*PWM时钟，也即PWM时钟周期为256个PWM时钟。
 114   1              PWMDTY0=128;                                    //PWM0的占空比长度为128，128:256=1:2;
 115   1              PWMDTY1=128;                                    //PWM1的占空比长度为128，128:256=1:2；
 116   1      }
 117          
C51 COMPILER V9.03   MAIN                                                                  11/20/2011 15:55:52 PAGE 3   

 118          /*===================
 119              PWM功能程序区
 120          =====================*/
 121          void PWM_set()  
 122          {       
 123   1               ENPWM=1;                                               //打开PWM模块，允许Clock进到PWM单元，开始PWM的工作。
 124   1               EPWM=0;                                                //PWM中断使能，若EPWM=1即打开PWM中断使能
 125   1      } 
 126          
 127          /*===================
 128               AD转换程序区
 129          =====================*/
 130          void  ADC_Convert(void)                         // ADC转换，无返回值
 131          {       
 132   1              unsigned char i;
 133   1              Checksum=0;                                             //每次开始采样前，Checksum清0
 134   1              for(i=0;i<10;i++)                               //ADC采样循环做10次，
 135   1              {                                                                                               
 136   2                      ADCCR |= 0x88;                          //开启ADC模块电源,ADCS置1，开始ADC转换
 137   2                      while(!(ADCCR&0x10));           //判断ADC是否转换完毕
 138   2              
 139   2                      ValueH=ADCVH;                           //ADC高8位存入8位寄存器
 140   2                      ValueL=ADCVL;                           //ADC低2位存入8位寄存器
 141   2              
 142   2                      ADCCR &= 0xEF;                          //ADC转换完毕，清EOC    
 143   2                      ADCCR &= 0x7F;                          //关闭ADC
 144   2      
 145   2                      /*将10位ADC存入16bit register*/
 146   2                      ADC16=ValueH<<8|ValueL<<6;      //2个8位寄存器合并为16位寄存器
 147   2                      ADC16>>=6;                                      //获得10bitADC值
 148   2                      Checksum +=ADC16;
 149   2              }                        
 150   1              
 151   1              ADC_AVG=Checksum/10;                    //ADC采样，取平均值
 152   1      }
 153          
 154          /*===================
 155           定时器0中断服务程序区
 156          =====================*/
 157          void timer0()interrupt 1
 158          {       
 159   1              TusCounter++;
 160   1              if(TusCounter==100)                             //50us*100=5ms
 161   1              {
 162   2                      TusCounter=0;
 163   2                      FLGms=1;
 164   2              }
 165   1      }
 166          
 167          /*===================
 168           定时器1中断服务程序区
 169          =====================*/
 170          void timer1()interrupt 3
 171          {
 172   1      }
 173          
 174          /*===================
 175           PWM中断服务程序区
 176          =====================*/
 177          void PWM()interrupt 5
 178          {
 179   1      }
C51 COMPILER V9.03   MAIN                                                                  11/20/2011 15:55:52 PAGE 4   

 180          
 181          /*===================
 182            ADC中断服务程序区
 183          =====================*/
 184          void ADC()interrupt 6
 185          {
 186   1      }
 187          
 188          /*===================
 189            外部中断服务程序区
 190          =====================*/
 191          void INT0()interrupt 7                          //外部中断0
 192          {
 193   1      }
 194          void INT1()interrupt 8                          //外部中断1
 195          {
 196   1      }
 197          void INT2()interrupt 9                          //外部中断2
 198          {
 199   1      }
 200          void INT3()interrupt 10                         //外部中断3
 201          {
 202   1      }
 203          void INT4()interrupt 11                         //外部中断4
 204          {
 205   1      }
 206          void INT5()interrupt 12                         //外部中断5
 207          {
 208   1      }
 209          void INT6()interrupt 13                         //外部中断6
 210          {
 211   1      }
 212          void INT7()interrupt 14                         //外部中断7
 213          {
 214   1      }
 215          
 216          
 217          /******************************
 218                          主函数程序区
 219          *******************************/
 220          void main()
 221          {                                               
 222   1              /******系统初始化***********
 223   1              ****************/
 224   1              RSTCFG=_b00001011;                              //P1.0需切换为IO口。LVR（低电复位）设为3.5V
 225   1              WDTCR=0x90;                                             //打开看门狗，设WDTCKS[1:0]=00，即在524.288ms内要喂狗一次（建议做法）
 226   1              /****************
 227   1              *******以上是系统初始化****/
 228   1      
 229   1      
 230   1              /***产品功能模块的初始化***/
 231   1              /******譬如以下的函数******/
 232   1              IO_init();
 233   1              timer0_init();                                  //timer0初始化
 234   1              ADC_init();                                     //ADC初始化
 235   1              PWM_init();                                             //PWM初始化
 236   1          /***************************
 237   1              以上是产品功能模块的初始化*/
 238   1      
 239   1              EA=1;                                                   //开总中断
 240   1      
 241   1              /***打开MCU某一功能函数***/
C51 COMPILER V9.03   MAIN                                                                  11/20/2011 15:55:52 PAGE 5   

 242   1              /******譬如PWM_set()******/
 243   1              PWM_set();                                              //打开PWM模块，开始PWM的工作
 244   1      
 245   1              do{
 246   2                 WDTCR=0x90;                                  //WDTCKS[1:0]=00，即在524.288ms内喂狗(建议做法)
 247   2      
 248   2                 /************** ****************************
 249   2                 ************插入其他代码，函数等************
 250   2                 ***譬如以上的ADC_Convert(),或是其他函数等***   
 251   2                 ***************** *************************/
 252   2                 ADC_Convert();
 253   2              }while(1);
 254   1              
 255   1      }


MODULE INFORMATION:   STATIC OVERLAYABLE
   CODE SIZE        =    302    ----
   CONSTANT SIZE    =     16    ----
   XDATA SIZE       =   ----    ----
   PDATA SIZE       =   ----    ----
   DATA SIZE        =     11       1
   IDATA SIZE       =   ----    ----
   BIT SIZE         =      2    ----
END OF MODULE INFORMATION.


C51 COMPILATION COMPLETE.  0 WARNING(S),  0 ERROR(S)
