C51 COMPILER V9.03   IAP                                                                   06/30/2017 18:03:20 PAGE 1   


C51 COMPILER V9.03, COMPILATION OF MODULE IAP
OBJECT MODULE PLACED IN .\output\IAP.obj
COMPILER INVOKED BY: D:\keil\C51\BIN\C51.EXE c\IAP.c BROWSE DEBUG OBJECTEXTEND PRINT(.\list\IAP.lst) OBJECT(.\output\IAP
                    -.obj)

line level    source

   1          //************************************************************
   2          //  Copyright (c) 深圳市赛元微电子有限公司
   3          //      文件名称        : 
   4          //      作者            : 
   5          //      模块功能        : 
   6          //      局部函数列表:
   7          //  最后更正日期:
   8          //      版本            :
   9          //      更改记录        :rom前256byte禁止查表,因此在编译的时候，设置keil->option for Target->BL51 Locate->Code Range:
             -0x100
  10          //*************************************************************
  11          #include "h\SC92F732X_C.h"
  12          #include"intrins.h"
  13          
  14          #define WRITE_EEPROM 0X02   //OPTION IAPS1 IAPS0置1
  15          #define WRITE_ROM    0X00       //OPTION IAPS1 IAPS0置0
  16          typedef enum{ IAPHOLD4MS=0x02,IAPHOLD2MS=0x06,IAPHOLD1MS=0x0a }deHoldtimer;
  17          unsigned char ReadData;
  18          
  19          //*************************************************************
  20          // 函数名       ：
  21          // 作者         ：
  22          // 功能         ：IAP写
  23          // 参数         ：有
  24          // 返回值       ：无
  25          // 调用全局变量：无
  26          // 修改全局变量：无
  27          // 备注         ：
  28          //**************************************************************
  29          void IapWrite(unsigned char Data,unsigned int Addr,unsigned char Region,deHoldtimer eHoldtimer)
  30          {
  31   1              IAPDAT = Data;
  32   1              IAPADH = (unsigned char)((Addr >> 8));
  33   1          IAPADL = (unsigned char)Addr;
  34   1              
  35   1              IAPADE = Region;
  36   1          IAPKEY = 240 ;
  37   1              IAPCTL = eHoldtimer;
  38   1              
  39   1          _nop_();
  40   1          _nop_();
  41   1          _nop_();
  42   1          _nop_();
  43   1          _nop_();
  44   1              IAPADE = WRITE_ROM; 
  45   1      }
  46          
  47          //*************************************************************
  48          // 函数名       ：
  49          // 作者         ：
  50          // 功能         ：IAP读
  51          // 参数         ：有
  52          // 返回值       ：有
  53          // 调用全局变量：无
C51 COMPILER V9.03   IAP                                                                   06/30/2017 18:03:20 PAGE 2   

  54          // 修改全局变量：无
  55          // 备注         ：
  56          //**************************************************************
  57          unsigned char IapRead(unsigned int Addr,unsigned char Region)
  58          {
  59   1          unsigned char code *IapAddr=0x00;
  60   1              unsigned char Temp;
  61   1               
  62   1              IAPADE = Region;
  63   1              Temp = *(IapAddr+Addr);
  64   1              IAPADE = WRITE_ROM;
  65   1      
  66   1              return Temp;
  67   1      }
  68          
  69          void main()
  70          {
  71   1              WDTCON  = 0x10;                             //清看门狗，500ms溢出
  72   1              while(1)
  73   1              {
  74   2                      WDTCON |= 0x10;                         //清看门狗
  75   2                      IapWrite(0x55,0x01,WRITE_EEPROM,IAPHOLD4MS);
  76   2                      ReadData=IapRead(0x01,WRITE_EEPROM);            
  77   2              }
  78   1      }
  79          


MODULE INFORMATION:   STATIC OVERLAYABLE
   CODE SIZE        =     72    ----
   CONSTANT SIZE    =   ----    ----
   XDATA SIZE       =   ----    ----
   PDATA SIZE       =   ----    ----
   DATA SIZE        =      1       5
   IDATA SIZE       =   ----    ----
   BIT SIZE         =   ----    ----
END OF MODULE INFORMATION.


C51 COMPILATION COMPLETE.  0 WARNING(S),  0 ERROR(S)
