C51 COMPILER V9.03   PWM                                                                   06/30/2017 16:45:47 PAGE 1   


C51 COMPILER V9.03, COMPILATION OF MODULE PWM
OBJECT MODULE PLACED IN .\output\PWM.obj
COMPILER INVOKED BY: D:\keil\C51\BIN\C51.EXE c\PWM.c BROWSE DEBUG OBJECTEXTEND PRINT(.\list\PWM.lst) OBJECT(.\output\PWM
                    -.obj)

line level    source

   1          //************************************************************
   2          //  Copyright (c) 深圳市赛元微电子有限公司
   3          //      文件名称        : PWM.c
   4          //      作者            : 
   5          //      模块功能        :PWM的使用
   6          //      局部函数列表:
   7          //  最后更正日期:
   8          //      版本            :
   9          //      更改记录        :rom前256byte禁止查表,因此在编译的时候，设置keil->option for Target->BL51 Locate->Code Range:
             -0x100
  10          //*************************************************************
  11          
  12          #include "h\SC92F732X_C.h"
  13          //*************************************************************
  14          // 函数名       ：void PWMinit(void)
  15          // 作者         ：
  16          // 功能         ：
  17          // 参数         ：无
  18          // 返回值       ：无
  19          // 调用全局变量：无
  20          // 修改全局变量：无
  21          // 备注         ：
  22          //**************************************************************
  23          void PWMinit(void)
  24          {
  25   1              PWMCON = 0X38;                  //PWM0\PWM1\PWM2输出到I/O，Fsys频率；
  26   1              PWMCFG = 0x00;                  //不反向，P23,P26,P27输出
  27   1              PWMPRD = 99;                    //PWM周期=(99+1)                          240KHZ 4.167us
  28   1              PWMDTY0 = 50;                   //PWM0的Duty = 50/100  =1/2
  29   1              PWMDTY1 = 25;                   //PWM1的Duty = 25/100  =1/4
  30   1              PWMDTY2 = 25;                   //PWM2的Duty = 25/100  =1/4
  31   1      //      PWMDTYA = 0x15;                 //PWM2/PWM1/PWM0 duty微调，为PWMDTY设定值加1
  32   1              PWMCON |= 0x80;                 //开始PWM工作
  33   1      }
  34          //*************************************************************
  35          // 函数名       ：void PWM() interrupt 5
  36          // 作者         ：
  37          // 功能         ：PWM产生50us的中断
  38          // 参数         ：无
  39          // 返回值       ：无
  40          // 调用全局变量：无
  41          // 修改全局变量：无
  42          // 备注         ：PWM中断需用户软件清除
  43          //**************************************************************
  44          void PWM() interrupt 8
  45          {
  46   1      }
  47          
  48          void main()
  49          {
  50   1              P0CON =0XFF;
  51   1              P1CON =0XFF;
  52   1              P2CON =0XFF;
  53   1              WDTCON  = 0x10;                         //清看门狗，500ms溢出
C51 COMPILER V9.03   PWM                                                                   06/30/2017 16:45:47 PAGE 2   

  54   1              PWMinit();
  55   1              IE1 |=0X02;                                 //使能PWM中断
  56   1              EA=1;                                           //开总中断
  57   1              while(1)
  58   1              {
  59   2                      WDTCON |= 0x10;             //清看门狗
  60   2              }
  61   1      }


MODULE INFORMATION:   STATIC OVERLAYABLE
   CODE SIZE        =     48    ----
   CONSTANT SIZE    =   ----    ----
   XDATA SIZE       =   ----    ----
   PDATA SIZE       =   ----    ----
   DATA SIZE        =   ----    ----
   IDATA SIZE       =   ----    ----
   BIT SIZE         =   ----    ----
END OF MODULE INFORMATION.


C51 COMPILATION COMPLETE.  0 WARNING(S),  0 ERROR(S)
