C51 COMPILER V9.03   UART2                                                                 06/30/2017 16:18:41 PAGE 1   


C51 COMPILER V9.03, COMPILATION OF MODULE UART2
OBJECT MODULE PLACED IN .\output\UART2.obj
COMPILER INVOKED BY: D:\keil\C51\BIN\C51.EXE c\UART2.c BROWSE DEBUG OBJECTEXTEND PRINT(.\list\UART2.lst) OBJECT(.\output
                    -\UART2.obj)

line level    source

   1          //************************************************************
   2          //  Copyright (c) 深圳市赛元微电子有限公司
   3          //      文件名称        :
   4          //      作者            : 
   5          //      模块功能        : 
   6          //      局部函数列表:
   7          //  最后更正日期:
   8          //      版本            :
   9          //      更改记录        :rom前256byte禁止查表,因此在编译的时候，设置keil->option for Target->BL51 Locate->Code Range:
             -0x100
  10          //*************************************************************
  11          
  12          
  13          #include "h\SC92F732X_C.h"
  14          
  15          bit flag;
  16          bit RI_FLAG=0;
  17          unsigned char i;
  18          
  19          void IOinit(void )
  20          {       
  21   1              P1CON |=0X08;      //P13设置为输出      
  22   1              P1CON &=0XFB;      //P12设置为输入      
  23   1              P1PH  &=0XF7;      //P13上拉电阻关闭
  24   1              P1PH  |=0X04;      //P12上拉电阻打开
  25   1              P13=1;
  26   1              P12=1;
  27   1      }
  28          
  29          void init_uart_mode1(void)
  30          {
  31   1          SCON=0X50;         //方式1，允许接收数据
  32   1          PCON |=0X80;       //方式1
  33   1              T2CON=0x35;            //定时器2产生波特率
  34   1              T2MOD=0x03;        //16位自动重载定时器模式
  35   1              TMCON=0X04; 
  36   1              RCAP2H=(65536-20)/256;                  
  37   1              RCAP2L=(65536-20)%256;
  38   1              TR2=0;
  39   1              ET2=1;
  40   1              TR2=1;
  41   1              EUART=1;
  42   1      }
  43          
  44          void uart()interrupt 4
  45          {       
  46   1              if(TI)
  47   1              {
  48   2                      TI=0;                      //中断进来要把TI清0
  49   2              }
  50   1              if(RI)                             //接收中断
  51   1              {
  52   2                      RI=0;                      //中断进来要把RI清0  
  53   2                      RI_FLAG=1;
C51 COMPILER V9.03   UART2                                                                 06/30/2017 16:18:41 PAGE 2   

  54   2              }
  55   1      }
  56          
  57          void timer2()interrupt 5                //Timer2向量号 5
  58          {
  59   1      }
  60          
  61          void main()
  62          {
  63   1              WDTCON  = 0x10;                         //清看门狗，500ms溢出
  64   1              EA=1;  //开总中断；
  65   1              IOinit();
  66   1              init_uart_mode1();
  67   1              while(1)
  68   1              {
  69   2                      WDTCON |= 0x10;                 //清看门狗              
  70   2                      if(RI_FLAG)                         //接收中断
  71   2                      {
  72   3                              RI_FLAG=0;
  73   3                              i=SBUF;                 //把SBUF 数据赋值给i            
  74   3                              flag=1;                 //收完一帧数据时则进行发送
  75   3                      }       
  76   2      
  77   2                      if(flag==1)
  78   2                      {
  79   3                              EUART=0;                    //发送数据之前要把串口中断关掉
  80   3                              flag=0;                     //让接收下一数据时置1
  81   3                              SBUF=i;                     //把i数据发送到SBUF中
  82   3                              while(!TI);                 //等待发送完成
  83   3                              EUART=1;                    //打开中断进行下一个数据的接收
  84   3                      }
  85   2              }
  86   1      }


MODULE INFORMATION:   STATIC OVERLAYABLE
   CODE SIZE        =    102    ----
   CONSTANT SIZE    =   ----    ----
   XDATA SIZE       =   ----    ----
   PDATA SIZE       =   ----    ----
   DATA SIZE        =      1    ----
   IDATA SIZE       =   ----    ----
   BIT SIZE         =      2    ----
END OF MODULE INFORMATION.


C51 COMPILATION COMPLETE.  0 WARNING(S),  0 ERROR(S)
