C51 COMPILER V9.55   UART_INIT                                                             01/09/2019 16:41:21 PAGE 1   


C51 COMPILER V9.55, COMPILATION OF MODULE UART_INIT
OBJECT MODULE PLACED IN .\output\Uart_Init.obj
COMPILER INVOKED BY: C:\Keil_v5\C51\BIN\C51.EXE c\Uart_Init.c OPTIMIZE(8,SPEED) BROWSE NOINTPROMOTE DEBUG OBJECTEXTEND P
                    -RINT(.\list\Uart_Init.lst) OBJECT(.\output\Uart_Init.obj)

line level    source

   1          #include "H/Function_Init.H"
   2          
   3          void Uart0_Init(uint Freq, unsigned long int BaudRate);
   4          bit Uart0SendFlag = 0; //发送中断标志位
   5          bit Uart0ReceiveFlag = 0; //接收中断标志位
   6          
   7          /****************************************************
   8          *函数名称：void Uart0_Test(void)
   9          *函数工能：Uart0测试
  10          *入口参数：void
  11          *出口参数：void
  12          *****************************************************/
  13          void Uart0_Test(void)
  14          {
  15   1          Uart0_Init(12,19200);
  16   1          while(1)
  17   1          {
  18   2              SBUF = 0x55;
  19   2              while(!(Uart0SendFlag));
  20   2              Uart0SendFlag = 0;
  21   2          }
  22   1      }
  23          
  24          /*****************************************************
  25          *函数名称：void Uart0_Init(void)
  26          *函数功能：Uart0中断初始化
  27          *入口参数：Freq-主频(M)，baud-波特率
  28          *出口参数：void 
  29          *****************************************************/
  30          void Uart0_Init(uint Freq, unsigned long int BaudRate)     //选择Timer1作为波特率发生器
  31          {
  32   1          P1CON &= 0xF3;
  33   1              P1PH = 0X0C;     //TX/RX为带上拉输入；
  34   1      
  35   1          PCON |= 0x80;    //SMOD = 1；
  36   1              SCON = 0X50;     //设置通信方式为模式一，允许接收
  37   1              T2CON = 0x00;    //使用定时器1作UART时钟
  38   1              TMCON = 0X03;    //定时器时钟为Fsys
  39   1              TMOD = 0X20;     //8位重载
  40   1              TH1 = 256 - (Freq*1000000/BaudRate/16);      //在24M时，波特率为9600；
  41   1              TR1 = 1;
  42   1              EUART = 1;       //开启Uart0中断
  43   1              EA = 1;
  44   1      }
  45          /*
  46          void Uart0_Init(uint Freq, unsigned long int BaudRate)       //选择Timer2作为波特率发生器
  47          {
  48              P1CON &= 0xF3;
  49                  P1PH = 0X0C;     //TX为强推输出，RX为带上拉输入；
  50          
  51              PCON |= 0x80;    //SMOD = 1；
  52                  SCON = 0X50;     //设置通信方式为模式一，允许接收
  53                  TMCON |= 0X04;
  54                  T2MOD = 0X00;
C51 COMPILER V9.55   UART_INIT                                                             01/09/2019 16:41:21 PAGE 2   

  55                  T2CON = 0X30;
  56                  RCAP2H = (65536-Freq*1000000/BaudRate/32)/256;
  57                  RCAP2L = (65536-Freq*1000000/BaudRate/32)%256;
  58                  TR2 = 0;
  59                  ET2 = 1;
  60                  TR2 = 1;
  61                  EUART = 1;     //开启Uart0中断
  62                  EA = 1;
  63          }
  64          */
  65          
  66          /*****************************************************
  67          *函数名称：void UartInt(void) interrupt 4
  68          *函数功能：Uart0中断函数
  69          *入口参数：void
  70          *出口参数：void
  71          *****************************************************/
  72          void UartInt(void) interrupt 4
  73          {
  74   1              if(TI)
  75   1              {
  76   2                      TI=0;   
  77   2                  Uart0SendFlag = 1;
  78   2              }
  79   1              if(RI)
  80   1              {
  81   2                      RI=0;
  82   2              Uart0ReceiveFlag = 1;
  83   2              }
  84   1      }


MODULE INFORMATION:   STATIC OVERLAYABLE
   CODE SIZE        =    106    ----
   CONSTANT SIZE    =   ----    ----
   XDATA SIZE       =   ----    ----
   PDATA SIZE       =   ----    ----
   DATA SIZE        =   ----       6
   IDATA SIZE       =   ----    ----
   BIT SIZE         =      2    ----
END OF MODULE INFORMATION.


C51 COMPILATION COMPLETE.  0 WARNING(S),  0 ERROR(S)
