C51 COMPILER V9.55   SMARTCARD                                                             05/19/2020 16:39:39 PAGE 1   


C51 COMPILER V9.55, COMPILATION OF MODULE SMARTCARD
OBJECT MODULE PLACED IN .\Objects\SmartCard.obj
COMPILER INVOKED BY: C:\Keil_v5\C51\BIN\C51.EXE c\SmartCard.c OPTIMIZE(8,SPEED) BROWSE DEBUG OBJECTEXTEND PRINT(.\Listin
                    -gs\SmartCard.lst) OBJECT(.\Objects\SmartCard.obj)

line level    source

   1          #include "H\Function_Init.H"
   2          
   3          #define SC_CK   P05
   4          #define SC_DAT  P20
   5          #define SC_PWR  P15
   6          #define SC_RST  P16
   7          #define SC_CD   P17
   8          
   9          bit TC_Flag = 0;
  10          bit RC_Flag = 0;
  11          bit WTRT_Flag = 0;
  12          bit TBUSY_Flag = 0;
  13          bit RBUSY_Flag = 0;
  14          bit WTER_Flag = 0;
  15          bit FER_Flag = 0;
  16          bit TPER_Flag = 0;
  17          bit RPER_Flag = 0;
  18          bit TOVF_Flag = 0;
  19          bit ROVF_Flag = 0;
  20          
  21          
  22          unsigned char Receive_ATR_Info[16];//ATR信息
  23          void SmartCard_Init(void);
  24          void Timer_Delay(unsigned int count);
  25          void SC_Activation_ColdReduction(void);
  26          void SC_WarmReset(void);
  27          
  28          /*****************************************************
  29          *函数名称：void SmartCard_Test(void)
  30          *函数功能：智能卡测试
  31          *入口参数：void
  32          *出口参数：void
  33          *****************************************************/
  34          void SmartCard_Test(void)
  35          {
  36   1              SmartCard_Init();//智能卡初始化
  37   1          SC_Activation_ColdReduction();//冷复位后读取ATR
  38   1      //    void SC_WarmReset();//暖复位后读取ATR
  39   1              while(1)
  40   1              {
  41   2              }
  42   1      }
  43          
  44          /*****************************************************
  45          *函数名称：void SmartCard_Init(void)
  46          *函数功能：智能卡初始化
  47          *入口参数：void
  48          *出口参数：void
  49          *****************************************************/
  50          void SmartCard_Init(void)
  51          {
  52   1          OTCON &= 0xCF;     //选择SC通信
  53   1          US0CON0 = 0x30;    //普通IO
  54   1          US0CON0 &= ~0x04;  //正反向约定选择
C51 COMPILER V9.55   SMARTCARD                                                             05/19/2020 16:39:39 PAGE 2   

  55   1          US0CON1 = 0x74; 
  56   1          US0CON2 |= 0x81;   //设置SCCK  372
  57   1          US0CON4 = 0x03;    //扩展保护时间       
  58   1      //    IE1 = 0x01;        //中断使能
  59   1      //    EA = 1;            //总中断使能
  60   1      }
  61          
  62          /*****************************************************
  63          *函数名称：void SmartCard_Init(void)
  64          *函数功能：智能卡冷复位后的接收ATR
  65          *入口参数：void
  66          *出口参数：void
  67          *****************************************************/
  68          void SC_Activation_ColdReduction(void)
  69          {
  70   1          int i = 0;
  71   1          US0CON0 &= ~0x40;  //关闭SC_CLK      
  72   1          SC_RST = 0;
  73   1          SC_PWR = 1;
  74   1          US0CON0 &= 0x7f;  //DAT设置普通IO口
  75   1          SC_DAT = 1;
  76   1          Timer_Delay(42);
  77   1          US0CON0 |= 0x40;  //开启SC_CLK
  78   1          US0CON0 |= 0x80;  //DAT设置为DAT口
  79   1          Timer_Delay(250);
  80   1          SC_RST = 1;
  81   1          Timer_Delay(400);
  82   1          
  83   1          //接收数据
  84   1          US0CON0 &= ~0X20;   //接收使能
  85   1          for(i=0; i<16; i++) //ATR为15byte
  86   1          {  
  87   2              US0CON5 &= 0x7f;  //切换到读写状态寄存器        
  88   2              while(US0CON5 & 0x04);
  89   2              while(!(US0CON5 & 0x20));        
  90   2              US0CON5 |= 0X20;   //写1清零
  91   2              Receive_ATR_Info[i] = US0CON3;
  92   2          }
  93   1      }
  94          
  95          /*****************************************************
  96          *函数名称：void SC_WarmReset(void)
  97          *函数功能：智能卡暖复位后的接收ATR
  98          *入口参数：void
  99          *出口参数：void
 100          *****************************************************/
 101          void SC_WarmReset(void)
 102          {
 103   1          int i = 0;
 104   1          SC_RST = 0;
 105   1          Timer_Delay(41);
 106   1          SC_DAT = 1;
 107   1          Timer_Delay(242);
 108   1          SC_RST = 1;
 109   1          Timer_Delay(500);
 110   1          
 111   1          //接收数据
 112   1          US0CON0 &= ~0X20;   //接收使能
 113   1          for(i=0; i<16; i++)
 114   1          {    
 115   2              US0CON5 &= 0x7f;  //切换到读写状态寄存器        
 116   2              while(US0CON5 & 0x04);
C51 COMPILER V9.55   SMARTCARD                                                             05/19/2020 16:39:39 PAGE 3   

 117   2              while(!(US0CON5 & 0x20));
 118   2              US0CON5 |= 0x20;  //写1清零
 119   2              Receive_ATR_Info[i] = US0CON3;
 120   2          }
 121   1      }
 122          
 123          /*****************************************************
 124          *函数名称：void SC_Send(unsigned char Data)
 125          *函数功能：智能卡发送数据
 126          *入口参数：Data
 127          *出口参数：void
 128          *****************************************************/
 129          void SC_Send(unsigned char Data)
 130          {
 131   1          US0CON0 &= ~0x20;  //清零
 132   1          US0CON0 |= 0x20;  //发送使能
 133   1          P07 = ~P07;P07 = ~P07;P07 = ~P07;   
 134   1          US0CON3 = Data;  
 135   1          while(US0CON5 & 0x08);   
 136   1          while(!TC_Flag);
 137   1          TC_Flag = 0;
 138   1      }
 139          
 140          /*****************************************************
 141          *函数名称：void SC_Receive(void)
 142          *函数功能：智能卡接收送数据
 143          *入口参数：void
 144          *出口参数：void
 145          *****************************************************/
 146          unsigned char SC_Receive(void)
 147          {
 148   1          unsigned char temp = 0x00;
 149   1          US0CON0 &= ~0x20;  //接收使能 
 150   1          while(US0CON5 & 0x04);
 151   1          while(!RC_Flag);  
 152   1          RC_Flag = 0;  
 153   1          temp = US0CON3; 
 154   1          return temp;
 155   1      }
 156          
 157          /*****************************************************
 158          *函数名称：void Timer_Delay(unsigned int count)
 159          *函数功能：延时函数
 160          *入口参数：count
 161          *出口参数：void
 162          *****************************************************/
 163          void Timer_Delay(unsigned int count)
 164          {
 165   1          for(;count>0;count--)
 166   1          {
 167   2      //        while(!TF0);
 168   2      //        TF0 = 0;
 169   2          }
 170   1      }
 171          
 172          /*****************************************************
 173          *函数名称：void SC_Interrupt() interrupt 7
 174          *函数功能：中断服务函数
 175          *入口参数：void
 176          *出口参数：void
 177          *****************************************************/
 178          void SC_Interrupt() interrupt 7
C51 COMPILER V9.55   SMARTCARD                                                             05/19/2020 16:39:39 PAGE 4   

 179          {  
 180   1          P07 = ~P07;
 181   1          US0CON5 = 0x00;    //读写状态寄存器
 182   1          if(US0CON5 & 0x40)  //发送完成标志位
 183   1          {
 184   2              US0CON5 |= 0x40;
 185   2              TC_Flag = 1;
 186   2          }
 187   1          
 188   1          if(US0CON5 & 0x20)  //接受完成标志位
 189   1          {
 190   2              US0CON5 |= 0x20;
 191   2              RC_Flag = 1;
 192   2          }
 193   1          
 194   1          if(US0CON5 & 0x10)  //等待数据重发标志位
 195   1          {
 196   2              WTRT_Flag = 1;
 197   2          }
 198   1          if(US0CON5 & 0x08)  //数据发送忙标志位
 199   1          {
 200   2              TBUSY_Flag = 1;
 201   2          }
 202   1          if(US0CON5 & 0x04)  //数据接收忙标志位
 203   1          {
 204   2              RBUSY_Flag = 1;
 205   2          }
 206   1          if(US0CON5 & 0x02)  //等待超时标志位
 207   1          {
 208   2              US0CON5 |= 0x02;
 209   2              WTER_Flag = 1;
 210   2          }
 211   1          if(US0CON5 & 0x01)  //接收帧错误标志位
 212   1          {
 213   2              US0CON5 |= 0x01;
 214   2              FER_Flag = 1;
 215   2          }
 216   1          
 217   1          US0CON5 = 0x80;    //读写错误信息寄存器
 218   1          if(US0CON5 & 0x08)  //发送数据奇偶检验错误标志位
 219   1          {
 220   2              US0CON5 |= 0x08;
 221   2              TPER_Flag = 1;
 222   2          }
 223   1          if(US0CON5 & 0x04)  //接收数据奇偶检验错误标志位
 224   1          {
 225   2              US0CON5 |= 0x04;
 226   2              RPER_Flag = 1;
 227   2          }
 228   1          if(US0CON5 & 0x02)  //TX溢出错误中断状态标志
 229   1          {
 230   2              US0CON5 |= 0x02;
 231   2              TOVF_Flag = 1;
 232   2          }
 233   1          if(US0CON5 & 0x01)  //接收溢出标志位
 234   1          {
 235   2              US0CON5 |= 0x01;
 236   2              ROVF_Flag = 1;
 237   2          }
 238   1      }


C51 COMPILER V9.55   SMARTCARD                                                             05/19/2020 16:39:39 PAGE 5   

MODULE INFORMATION:   STATIC OVERLAYABLE
   CODE SIZE        =    349    ----
   CONSTANT SIZE    =   ----    ----
   XDATA SIZE       =   ----    ----
   PDATA SIZE       =   ----    ----
   DATA SIZE        =     16    ----
   IDATA SIZE       =   ----    ----
   BIT SIZE         =     11    ----
END OF MODULE INFORMATION.


C51 COMPILATION COMPLETE.  0 WARNING(S),  0 ERROR(S)
