C51 COMPILER V9.01   IO_INIT                                                               06/04/2020 10:35:40 PAGE 1   


C51 COMPILER V9.01, COMPILATION OF MODULE IO_INIT
OBJECT MODULE PLACED IN .\Objects\IO_Init.obj
COMPILER INVOKED BY: C:\Keil_v4\C51\BIN\C51.EXE c\IO_Init.c BROWSE DEBUG OBJECTEXTEND PRINT(.\Listings\IO_Init.lst) TABS
                    -(2) OBJECT(.\Objects\IO_Init.obj)

line level    source

   1          #include "H/Function_Init.H"
   2          /*****************************************************
   3          *函数名称：void IO_Init(void)
   4          *函数功能：IO初始化
   5          *入口参数：void
   6          *出口参数：void
   7          *****************************************************/
   8          void IO_Init(void)
   9          {
  10   1        #if (IC_MODEL == SC92WL463)  //SC92F8463脚定义
  11   1        P0CON = 0x00;  //设置P0为高阻输入模式
  12   1        P0PH  = 0x00;   
  13   1        P1CON = 0x00;  //设置P1为高阻带上拉模式
  14   1        P1PH  = 0xFF;
  15   1        P2CON = 0xFF;  //设置P2为强推挽模式
  16   1        P2PH  = 0x00;
  17   1        P5CON = 0xFF;  //设置P4为强推挽模式
  18   1        P5PH  = 0x00;
  19   1        #endif
  20   1        
  21   1        #if (IC_MODEL == SC92WL462)  //SC92F8462脚定义
                P0CON = 0x00;  //设置P0为高阻输入模式
                P0PH  = 0x00;   
                P1CON = 0x00;  //设置P1为高阻带上拉模式
                P1PH  = 0xFF;
                P2CON = 0xFF;  //设置P2为强推挽模式
                P2PH  = 0x00;
                SC92F8462_NIO_Init(); //未引出IO口配置
                #endif
  30   1        
  31   1        #if (IC_MODEL == SC92WL461)  //SC92F8461脚定义
                P0CON = 0x00;  //设置P0为高阻输入模式
                P0PH  = 0x00;   
                P1CON = 0x00;  //设置P1为高阻带上拉模式
                P1PH  = 0xFF;
                P2CON = 0xFF;  //设置P2为强推挽模式
                P2PH  = 0x00;
                SC92F8461_NIO_Init(); //未引出IO口配置
                #endif
  40   1      }


MODULE INFORMATION:   STATIC OVERLAYABLE
   CODE SIZE        =     21    ----
   CONSTANT SIZE    =   ----    ----
   XDATA SIZE       =   ----    ----
   PDATA SIZE       =   ----    ----
   DATA SIZE        =   ----    ----
   IDATA SIZE       =   ----    ----
   BIT SIZE         =   ----    ----
END OF MODULE INFORMATION.


C51 COMPILATION COMPLETE.  0 WARNING(S),  0 ERROR(S)
