C51 COMPILER V9.01   UART_INIT                                                             06/04/2020 10:35:40 PAGE 1   


C51 COMPILER V9.01, COMPILATION OF MODULE UART_INIT
OBJECT MODULE PLACED IN .\Objects\Uart_Init.obj
COMPILER INVOKED BY: C:\Keil_v4\C51\BIN\C51.EXE c\Uart_Init.c BROWSE DEBUG OBJECTEXTEND PRINT(.\Listings\Uart_Init.lst) 
                    -TABS(2) OBJECT(.\Objects\Uart_Init.obj)

line level    source

   1          #include "H/Function_Init.H" 
   2          
   3          void Uart0_Init(uint Freq,unsigned long int baud);
   4          bit UartSendFlag = 0; //发送中断标志位
   5          bit UartReceiveFlag = 0; //接收中断标志位
   6          /*****************************************************
   7          *函数名称：void Uart0_Test(void)
   8          *函数功能：Uart0测试
   9          *入口参数：void
  10          *出口参数：void
  11          *****************************************************/
  12          void Uart0_Test(void)
  13          {
  14   1        Uart0_Init(12,9600);
  15   1        while(1)
  16   1        {
  17   2          SBUF = 0x55;
  18   2          while(!UartSendFlag);
  19   2          UartSendFlag = 0;
  20   2        }
  21   1      }
  22          /*****************************************************
  23          *函数名称：void Uart0_Init(uint Freq,unsigned long int baud)
  24          *函数功能：Uart0中断初始化
  25          *入口参数：Freq-主频，baud-波特率
  26          *出口参数：void
  27          *****************************************************/
  28          void Uart0_Init(uint Freq,unsigned long int baud)    //选择Timer1作为波特率信号发生器
  29          {
  30   1        P1CON &= 0xF3;   //TX设置为强推挽输出高，RX设置为输入带上拉
  31   1        P1CON |= 0x08;
  32   1        P1PH  |= 0x04;
  33   1        P13 = 1;
  34   1        
  35   1        SCON  |= 0X50;   //设置通信方式为模式一，允许接收
  36   1        TMCON |= 0X02;
  37   1        TMOD  |= 0X20;
  38   1        PCON  |= 0X80;  //SMOD=1
  39   1        TH1 = (Freq*1000000/baud)>>8;   //波特率为T1的溢出时间；
  40   1        TL1 = Freq*1000000/baud;
  41   1        TR1 = 0;
  42   1        ET1 = 0;
  43   1        EUART = 1;     //开启Uart0中断
  44   1        EA = 1;
  45   1      }
  46          /*
  47          void Uart0_Init(uint Freq,unsigned long int baud)    //选择Timer2作为波特率信号发生器
  48          {
  49              P1CON &= 0xF3;   //TX设置为强推挽输出高，RX设置为输入带上拉
  50            P1CON |= 0x08;
  51            P1PH  |= 0x04;
  52            P13 = 1;
  53          
  54            SCON  |= 0X50;   //设置通信方式为模式一，允许接收
C51 COMPILER V9.01   UART_INIT                                                             06/04/2020 10:35:40 PAGE 2   

  55            TMCON |= 0X04;
  56            T2MOD = 0X00;
  57            T2CON = 0X30;
  58            RCAP2H = Freq*1000000/baud/256;
  59            RCAP2L = Freq*1000000/baud%256;
  60            TR2 = 0;
  61            ET2 = 0;
  62            EUART = 1;     //开启Uart0中断
  63            EA = 1;
  64          }
  65          */
  66          
  67          /*****************************************************
  68          *函数名称：void UartInt(void) interrupt 4
  69          *函数功能：Uart0中断函数
  70          *入口参数：void
  71          *出口参数：void
  72          *****************************************************/
  73          void UartInt(void) interrupt 4
  74          {
  75   1        if(TI)
  76   1        {
  77   2          TI = 0; 
  78   2          UartSendFlag = 1;   
  79   2        }
  80   1        if(RI)
  81   1        {
  82   2          RI = 0; 
  83   2          UartReceiveFlag = 1;
  84   2        } 
  85   1      }


MODULE INFORMATION:   STATIC OVERLAYABLE
   CODE SIZE        =    143    ----
   CONSTANT SIZE    =   ----    ----
   XDATA SIZE       =   ----    ----
   PDATA SIZE       =   ----    ----
   DATA SIZE        =   ----       6
   IDATA SIZE       =   ----    ----
   BIT SIZE         =      2    ----
END OF MODULE INFORMATION.


C51 COMPILATION COMPLETE.  0 WARNING(S),  0 ERROR(S)
