C51 COMPILER V9.55   IO_INIT                                                               07/25/2019 10:30:37 PAGE 1   


C51 COMPILER V9.55, COMPILATION OF MODULE IO_INIT
OBJECT MODULE PLACED IN .\Objects\IO_Init.obj
COMPILER INVOKED BY: C:\Keil_v5\C51\BIN\C51.EXE c\IO_Init.c OPTIMIZE(8,SPEED) BROWSE DEBUG OBJECTEXTEND PRINT(.\Listings
                    -\IO_Init.lst) OBJECT(.\Objects\IO_Init.obj)

line level    source

   1          #include "H/Function_Init.H"
   2          /*****************************************************
   3          *函数名称：void IO_Init(void)
   4          *函数功能：IO初始化
   5          *入口参数：void
   6          *出口参数：void
   7          *****************************************************/
   8          void IO_Init(void)
   9          {
  10   1              #if (IC_MODEL == SC92F74A3)  //SC92F74A3脚定义
                      P0CON = 0x00;  //设置P0为高阻输入模式
                      P0PH  = 0x00;           
                      P1CON = 0x00;  //设置P1为高阻带上拉模式
                      P1PH  = 0xFF;
                      P2CON = 0xFF;  //设置P2为强推挽模式
                      P2PH  = 0x00;
                      P5CON = 0xFF;  //设置P4为强推挽模式
                      P5PH  = 0x00;
                      #endif
  20   1              
  21   1              #if (IC_MODEL == SC92F74A2)  //SC92F74A2脚定义
  22   1              P0CON = 0x00;  //设置P0为高阻输入模式
  23   1              P0PH  = 0x00;           
  24   1              P1CON = 0x00;  //设置P1为高阻带上拉模式
  25   1              P1PH  = 0xFF;
  26   1              P2CON = 0xFF;  //设置P2为强推挽模式
  27   1              P2PH  = 0x00;
  28   1              SC92F74A2_NIO_Init(); //未引出IO口配置
  29   1              #endif
  30   1              
  31   1              #if (IC_MODEL == SC92F74A1)  //SC92F74A1脚定义
                      P0CON = 0x00;  //设置P0为高阻输入模式
                      P0PH  = 0x00;           
                      P1CON = 0x00;  //设置P1为高阻带上拉模式
                      P1PH  = 0xFF;
                      P2CON = 0xFF;  //设置P2为强推挽模式
                      P2PH  = 0x00;
                      SC92F74A1_NIO_Init(); //未引出IO口配置
                      #endif
  40   1      }


MODULE INFORMATION:   STATIC OVERLAYABLE
   CODE SIZE        =     28    ----
   CONSTANT SIZE    =   ----    ----
   XDATA SIZE       =   ----    ----
   PDATA SIZE       =   ----    ----
   DATA SIZE        =   ----    ----
   IDATA SIZE       =   ----    ----
   BIT SIZE         =   ----    ----
END OF MODULE INFORMATION.


C51 COMPILATION COMPLETE.  0 WARNING(S),  0 ERROR(S)
