C51 COMPILER V9.55   ADC_INIT                                                              07/25/2019 10:18:29 PAGE 1   


C51 COMPILER V9.55, COMPILATION OF MODULE ADC_INIT
OBJECT MODULE PLACED IN .\Objects\ADC_Init.obj
COMPILER INVOKED BY: C:\Keil_v5\C51\BIN\C51.EXE c\ADC_Init.c OPTIMIZE(8,SPEED) BROWSE DEBUG OBJECTEXTEND PRINT(.\Listing
                    -s\ADC_Init.lst) OBJECT(.\Objects\ADC_Init.obj)

line level    source

   1          #include "H/Function_Init.H"
   2          
   3          void ADC_Init(uint Channel);
   4          unsigned int ADCValue = 0x0000;
   5          bit AdcFlag = 0;
   6          
   7          /***********ADC采样口选择*************/
   8          enum Channel {AIN0=0,AIN1,AIN2,AIN3,AIN4,AIN5,AIN6,AIN7,AIN13=13,AIN14,AIN15,VDD4=31};
   9                  
  10          /*****************************************************
  11          *函数名称：void ADC_Test(void)
  12          *函数功能：ADC测试
  13          *入口参数：void
  14          *出口参数：void
  15          *****************************************************/
  16          void ADC_Test(void)
  17          {
  18   1              ADC_Init(AIN4);
  19   1              while(1)
  20   1              {
  21   2                      ADCCON |= 0X40;   //开始ADC转换
  22   2                      while(!AdcFlag);                                 //等待 ADC转换完成;
  23   2                      AdcFlag = 0;
  24   2                      ADCValue = (ADCVH<<4)+(ADCVL>>4);
  25   2              }
  26   1      }
  27          /*****************************************************
  28          *函数名称：void ADC_Init(uint Channel)
  29          *函数功能：ADC初始化
  30          *入口参数：Channel
  31          *出口参数：void
  32          *****************************************************/
  33          void ADC_Init(uint Channel)
  34          {
  35   1              ADCCON = 0X80|Channel;          //开启ADC，ADC采样频率为2M ,选择Channel位ADC采样口
  36   1              if(Channel<8)
  37   1              {
  38   2                      ADCCFG0 = 1<<Channel;   //设置Channel作为采样口
  39   2              }
  40   1              else
  41   1              {
  42   2                      ADCCFG1 = 1<<(Channel-8);   //设置Channel作为采样口
  43   2              }
  44   1              IE |= 0X40;        //开启ADC中断
  45   1              EA = 1;
  46   1      }
  47          
  48          
  49          void ADC_Interrupt(void) interrupt 6
  50          {
  51   1              ADCCON &= ~(0X20);  //清中断标志位
  52   1              AdcFlag = 1;
  53   1      }

C51 COMPILER V9.55   ADC_INIT                                                              07/25/2019 10:18:29 PAGE 2   


MODULE INFORMATION:   STATIC OVERLAYABLE
   CODE SIZE        =     99    ----
   CONSTANT SIZE    =   ----    ----
   XDATA SIZE       =   ----    ----
   PDATA SIZE       =   ----    ----
   DATA SIZE        =      2    ----
   IDATA SIZE       =   ----    ----
   BIT SIZE         =      1    ----
END OF MODULE INFORMATION.


C51 COMPILATION COMPLETE.  0 WARNING(S),  0 ERROR(S)
