C51 COMPILER V9.55   CMP_INIT                                                              07/25/2019 10:18:32 PAGE 1   


C51 COMPILER V9.55, COMPILATION OF MODULE CMP_INIT
OBJECT MODULE PLACED IN .\Objects\CMP_Init.obj
COMPILER INVOKED BY: C:\Keil_v5\C51\BIN\C51.EXE c\CMP_Init.c OPTIMIZE(8,SPEED) BROWSE DEBUG OBJECTEXTEND PRINT(.\Listing
                    -s\CMP_Init.lst) OBJECT(.\Objects\CMP_Init.obj)

line level    source

   1          #include "H/Function_Init.H" 
   2          
   3          void CMP_Init(uchar CMPIS, uchar CMPRF);
   4          
   5          /*************模拟比较器负端比较电压选择****************/
   6          enum CMPRF {CMPRF0=0,CMPRF1,CMPRF2,CMPRF3,CMPRF4,CMPRF5,CMPRF6,CMPRF7,CMPRF8,CMPRF9,CMPRF10,CMPRF11,CMPRF1
             -2,CMPRF13,CMPRF014,CMPRF015};
   7          
   8          /*************模拟比较器正端输入通道选择****************/
   9          enum CMPIS {CMP0=0,CMP1,CMP2,CMP3};
  10          
  11          bit CMPSTA = 0;
  12          
  13          /*****************************************************
  14          *函数名称：void CPM_Test(void)
  15          *函数功能：模拟比较器测试
  16          *入口参数：void
  17          *出口参数：void
  18          *****************************************************/
  19          void CMP_Test(void)
  20          {
  21   1              CMP_Init(CMP1,CMPRF1);  //选择正端通道1，负端电压选择1/16VDD
  22   1              while(1)
  23   1              {
  24   2                      if(CMPCON&0x20)     //判断模拟器输出状态
  25   2                      {
  26   3                              CMPSTA = 1;     //V+ > V-
  27   3                      }
  28   2                      else
  29   2                      {
  30   3                              CMPSTA = 0;     //V- > V+
  31   3                      }
  32   2              }
  33   1      }
  34          
  35          /*****************************************************
  36          *函数名称：void CMP_Init(uchar CMPIS, uchar CMPRF)
  37          *函数功能：模拟比较器初始化
  38          *入口参数：CMPIS=正端通道，CMPRF=负端电压
  39          *出口参数：void
  40          *****************************************************/
  41          void CMP_Init(uchar CMPIS, uchar CMPRF)
  42          {
  43   1              CMPCON = 0x80;   //开启模拟比较器电源
  44   1              CMPCON |= CMPRF; //选择负端电压
  45   1              CMPCFG = 0x40;   //上升沿中断
  46   1              CMPCFG |= CMPIS; //正端输入通道选择     
  47   1          
  48   1          IE1 |= 0x20;
  49   1          EA = 1;
  50   1      }
  51          
  52          void CMP_INTERRUPT() interrupt 12
  53          {
C51 COMPILER V9.55   CMP_INIT                                                              07/25/2019 10:18:32 PAGE 2   

  54   1              CMPCON &= ~0x40;        //清中断标志位
  55   1      }


MODULE INFORMATION:   STATIC OVERLAYABLE
   CODE SIZE        =     42    ----
   CONSTANT SIZE    =   ----    ----
   XDATA SIZE       =   ----    ----
   PDATA SIZE       =   ----    ----
   DATA SIZE        =   ----    ----
   IDATA SIZE       =   ----    ----
   BIT SIZE         =      1    ----
END OF MODULE INFORMATION.


C51 COMPILATION COMPLETE.  0 WARNING(S),  0 ERROR(S)
