C51 COMPILER V9.55   ADC_INIT                                                              07/25/2019 10:02:17 PAGE 1   


C51 COMPILER V9.55, COMPILATION OF MODULE ADC_INIT
OBJECT MODULE PLACED IN .\Objects\ADC_Init.obj
COMPILER INVOKED BY: C:\Keil_v5\C51\BIN\C51.EXE c\ADC_Init.c OPTIMIZE(8,SPEED) BROWSE DEBUG OBJECTEXTEND PRINT(.\Listing
                    -s\ADC_Init.lst) OBJECT(.\Objects\ADC_Init.obj)

line level    source

   1          #include "H/Function_Init.H"
   2          
   3          void ADC_Init(uint Channel);
   4          unsigned int ADCValue = 0x0000;
   5          bit AdcFlag = 0;
   6          
   7          /***********ADC采样口选择*************/
   8          #if (IC_MODEL == SC92F7352)
                      enum Channel {AIN0=0,AIN1,AIN4=4,AIN5,AIN6,AIN7,AIN8,AIN9,VDD4=15};
              #endif
  11          
  12          #if (IC_MODEL == SC92F7351)
  13                  enum Channel {AIN0=0,AIN1,AIN4=4,AIN5,AIN8=8,AIN9,VDD4=15};
  14          #endif
  15                  
  16          #if (IC_MODEL == SC92F7350)
                      enum Channel {AIN0=0,AIN1,AIN6=6,AIN7,VDD4=15};
              #endif
  19                  
  20          /*****************************************************
  21          *函数名称：void ADC_Test(void)
  22          *函数功能：ADC测试
  23          *入口参数：void
  24          *出口参数：void
  25          *****************************************************/
  26          void ADC_Test(void)
  27          {
  28   1              ADC_Init(AIN0);
  29   1              while(1)
  30   1              {
  31   2                      ADCCON |= 0X40;   //开始ADC转换
  32   2                      while(!AdcFlag);                                 //等待 ADC转换完成;
  33   2                      AdcFlag = 0;
  34   2                      ADCValue = (ADCVH<<4)+(ADCVL>>4);
  35   2              }
  36   1      }
  37          /*****************************************************
  38          *函数名称：void ADC_Init(uint Channel)
  39          *函数功能：ADC初始化
  40          *入口参数：Channel
  41          *出口参数：void
  42          *****************************************************/
  43          void ADC_Init(uint Channel)
  44          {
  45   1              ADCCON = 0X80|Channel;          //开启ADC，ADC采样频率为2M ,选择Channel位ADC采样口
  46   1              if(Channel<8)
  47   1              {
  48   2                      ADCCFG0 = 1<<Channel;   //设置Channel作为采样口
  49   2              }
  50   1              else
  51   1              {
  52   2                      ADCCFG1 = 1<<(Channel-8);   //设置Channel作为采样口
  53   2              }
  54   1              IE |= 0X40;        //开启ADC中断
C51 COMPILER V9.55   ADC_INIT                                                              07/25/2019 10:02:17 PAGE 2   

  55   1              EA = 1;
  56   1      }
  57          
  58          
  59          void ADC_Interrupt(void) interrupt 6
  60          {
  61   1              ADCCON &= ~(0X10);  //清中断标志位
  62   1              AdcFlag = 1;
  63   1      }


MODULE INFORMATION:   STATIC OVERLAYABLE
   CODE SIZE        =     98    ----
   CONSTANT SIZE    =   ----    ----
   XDATA SIZE       =   ----    ----
   PDATA SIZE       =   ----    ----
   DATA SIZE        =      2    ----
   IDATA SIZE       =   ----    ----
   BIT SIZE         =      1    ----
END OF MODULE INFORMATION.


C51 COMPILATION COMPLETE.  0 WARNING(S),  0 ERROR(S)
