C51 COMPILER V9.55   PWM_INIT                                                              07/25/2019 10:02:19 PAGE 1   


C51 COMPILER V9.55, COMPILATION OF MODULE PWM_INIT
OBJECT MODULE PLACED IN .\Objects\PWM_Init.obj
COMPILER INVOKED BY: C:\Keil_v5\C51\BIN\C51.EXE c\PWM_Init.c OPTIMIZE(8,SPEED) BROWSE DEBUG OBJECTEXTEND PRINT(.\Listing
                    -s\PWM_Init.lst) OBJECT(.\Objects\PWM_Init.obj)

line level    source

   1          #include "H/Function_Init.H"
   2          
   3          void PWM_Init(void);
   4          /*****************************************************
   5          *函数名称：void PWM_Test(void)
   6          *函数功能：PWM测试
   7          *入口参数：void
   8          *出口参数：void
   9          *****************************************************/
  10          void PWM_Test(void)
  11          {
  12   1              PWM_Init();
  13   1              while(1)
  14   1              {
  15   2              }
  16   1      }
  17          /*****************************************************
  18          *函数名称：void PWM_Init(void)
  19          *函数功能：PWM初始化
  20          *入口参数：void
  21          *出口参数：void
  22          *****************************************************/
  23          void PWM_Init(void)
  24          {
  25   1              PWMCON  = 0x00;         //PWM0\PWM1\PWM2输出到I/O，Fsys频率；
  26   1              PWMCFG0 = 0x07;         //PWM0\PWM1\PWM2不反向，PWM3\PWM4\PWM5输出到I/O
  27   1              PWMCFG1 = 0x00;     //PWM3\PWM4\PWM5不反向
  28   1              PWMPRD  = 99;           //PWM周期=(99+1)                         
  29   1              PWMDTY0 = 50;           //PWM0的Duty = 50/100  =1/2
  30   1              PWMDTY1 = 25;           //PWM1的Duty = 25/100  =1/4
  31   1              PWMDTY2 = 10;           //PWM2的Duty = 10/100  =1/10
  32   1              PWMDTY3 = 50;           //PWM3的Duty = 50/100  =1/2
  33   1              PWMDTY4 = 25;           //PWM4的Duty = 25/100  =1/4
  34   1              PWMDTY5 = 10;           //PWM5的Duty = 10/100  =1/10
  35   1              PWMCON |= 0x80;         //启动PWM工作
  36   1              IE1 |= 0x02;        //开启PWM中断
  37   1              EA = 1;
  38   1      }
  39          
  40          /*****************************************************
  41          *函数名称：void PWMInt(void) interrupt 8
  42          *函数功能：PWM中断服务函数
  43          *入口参数：void
  44          *出口参数：void
  45          *****************************************************/
  46          void PWMInt(void) interrupt 8
  47          {       
  48   1              P02=~P02;         
  49   1      }


MODULE INFORMATION:   STATIC OVERLAYABLE
   CODE SIZE        =     46    ----
   CONSTANT SIZE    =   ----    ----
C51 COMPILER V9.55   PWM_INIT                                                              07/25/2019 10:02:19 PAGE 2   

   XDATA SIZE       =   ----    ----
   PDATA SIZE       =   ----    ----
   DATA SIZE        =   ----    ----
   IDATA SIZE       =   ----    ----
   BIT SIZE         =   ----    ----
END OF MODULE INFORMATION.


C51 COMPILATION COMPLETE.  0 WARNING(S),  0 ERROR(S)
