C51 COMPILER V9.01   MASTER_8_1_R_W                                                        05/21/2012 14:02:08 PAGE 1   


C51 COMPILER V9.01, COMPILATION OF MODULE MASTER_8_1_R_W
OBJECT MODULE PLACED IN .\output\Master_8_1_r_w.obj
COMPILER INVOKED BY: C:\Keil\C51\BIN\C51.EXE c\Master_8_1_r_w.c BROWSE DEBUG OBJECTEXTEND PRINT(.\lst\Master_8_1_r_w.lst
                    -) OBJECT(.\output\Master_8_1_r_w.obj)

line level    source

   1          //************************************************************
   2          //  Copyright (c) 深圳市赛元微电子有限公司
   3          //      文件名称        : master_8_1.c
   4          //      作者            : 
   5          //      模块功能        : SIF master 8+1读写通讯
   6          //      局部函数列表:
   7          //  最后更正日期:
   8          //      版本            :
   9          //      更改记录        :SIF master 接收slave发来的date,回复应答，将该date又发送给slave,进入stop
  10          //*************************************************************
  11          #include "H\SC91F73_C.H"
  12          #include "H\Master_8_1.H"
  13          
  14          //============================
  15          //静态局部变量定义
  16          //============================
  17          
  18          static  unsigned char send_dat_buff[3]={0x31,0x5a,0xa5};
  19          static  unsigned char receive_dat_buff[3]={0x00,0x00,0x00};
  20          
  21          //============================
  22          //模块内常量定义
  23          //============================
  24          #define false                                   0
  25          #define ture                                    1
  26          
  27          
  28          //============================
  29          //内部函数声明
  30          //============================
  31          
  32          bit Sif_Read_Writ_Byte(void);
  33          void I2C_Usdelay(unsigned int delay);
  34          
  35          //******************************************************************
  36          // 函数名       ：void I2C_Usdelay(unsigned int delay)
  37          // 作者         ：
  38          // 功能         ：通信延时函数
  39          // 参数         ：无
  40          // 返回值       ：无
  41          // 调用全局变量：无
  42          // 修改全局变量：无
  43          // 备注         ：
  44          //******************************************************************
  45          void I2C_Usdelay(unsigned int delay)
  46          {
  47   1              while(delay)
  48   1              {
  49   2                      delay--;
  50   2              }
  51   1      }
  52          //*************************************************************
  53          // 函数名       ：void Sif_Read_Writ_Byte(void))
  54          // 作者         ：
C51 COMPILER V9.01   MASTER_8_1_R_W                                                        05/21/2012 14:02:08 PAGE 2   

  55          // 功能         ：单字节读写连续操作：先读后写
  56          // 参数         ：无
  57          // 返回值       ：0/1
  58          // 调用全局变量：无
  59          // 修改全局变量：无
  60          // 备注         ：                
  61          //**************************************************************
  62          bit Sif_Read_Writ_Byte(void)
  63          {       
  64   1              send_start();
  65   1              sif_ack();                                                               //设置寄存器，表明发送应答
  66   1              receive_dat_buff[0]=receive_byte();             //读取1byte,字节存入receive_dat_buff[0]
  67   1      //tst:
  68   1              send_dat_buff[0]=receive_dat_buff[0];   //将读到的值赋给发送的值;用于测试
  69   1                                                                      
  70   1              send_byte(send_dat_buff[0]);                    //发送1byte-> send_dat_buff[0]
  71   1              if(!sif_waitack())                                              //判断是否有响应,如果没有响应，进入Stop
  72   1                      {
  73   2                              send_stop();
  74   2                              I2C_Usdelay(50);                                //方便资料准备
  75   2                              return  (false);        
  76   2                      }
  77   1              send_stop();                                                    //发送停止信号
  78   1              I2C_Usdelay(50);                                                //方便资料准备
  79   1              return  (ture);          
  80   1      }
  81          
  82          void main()
  83          {
  84   1              RSTCFG = 0x0b;
  85   1              sif_init();                                                     //SIF初始化
  86   1              for(;;)
  87   1              {                       
  88   2                      Sif_Read_Writ_Byte();                   //先读后写              
  89   2              }
  90   1      }


MODULE INFORMATION:   STATIC OVERLAYABLE
   CODE SIZE        =     71    ----
   CONSTANT SIZE    =   ----    ----
   XDATA SIZE       =   ----    ----
   PDATA SIZE       =   ----    ----
   DATA SIZE        =      6    ----
   IDATA SIZE       =   ----    ----
   BIT SIZE         =   ----    ----
END OF MODULE INFORMATION.


C51 COMPILATION COMPLETE.  0 WARNING(S),  0 ERROR(S)
