C51 COMPILER V9.55   EX_INIT                                                               07/25/2019 10:30:52 PAGE 1   


C51 COMPILER V9.55, COMPILATION OF MODULE EX_INIT
OBJECT MODULE PLACED IN .\Objects\EX_Init.obj
COMPILER INVOKED BY: C:\Keil_v5\C51\BIN\C51.EXE c\EX_Init.c OPTIMIZE(8,SPEED) BROWSE DEBUG OBJECTEXTEND PRINT(.\Listings
                    -\EX_Init.lst) OBJECT(.\Objects\EX_Init.obj)

line level    source

   1          #include "H/Function_Init.H"
   2          
   3          void EX_Init(void);
   4          uchar INT1_flag = 0x00;
   5          /*****************************************************
   6          *函数名称：void EXTI_Test(void)
   7          *函数功能：外部中断测试
   8          *入口参数：void
   9          *出口参数：void
  10          *****************************************************/
  11          void EXTI_Test(void)
  12          {
  13   1              EX_Init();
  14   1              while(1)
  15   1              {                                       
  16   2              }
  17   1      }
  18          /*****************************************************
  19          *函数名称：void EX_Init(void)
  20          *函数功能：外部中断初始化
  21          *入口参数：void
  22          *出口参数：void
  23          *****************************************************/
  24          void EX_Init(void)
  25          {       
  26   1              //配置中断口INT03、INT12/13、INT24/25
  27   1              P1CON &= 0X37;     //中断IO口设置为高阻输入
  28   1              P1PH  |= 0xC8;     //中断IO口设置为高阻带上拉
  29   1              P2CON &= 0XFC;     //中断IO口设置为高阻输入
  30   1              P2PH  |= 0x03;     //中断IO口设置为高阻带上拉
  31   1       
  32   1              //配置INT03上升沿中断、INT12/13下降沿中断、INT24/25双沿中断
  33   1          //下降沿设置        
  34   1              INT0F = 0X00 ;    //xxxx 0000  0关闭 1使能
  35   1              INT1F = 0X0C ;    //xxxx xxxx  0关闭 1使能
  36   1          INT2F = 0X30 ;    //0000 xxxx  0关闭 1使能
  37   1          //上升沿设置        
  38   1              INT0R = 0X08 ;    //xxxx 0000  0关闭 1使能 
  39   1              INT1R = 0X00 ;    //xxxx xxxx  0关闭 1使能
  40   1              INT2R = 0X30 ;    //0000 xxxx  0关闭 1使能      
  41   1              
  42   1              //外部中断优先级设置
  43   1              IE  |= 0x05;    //0000 0x0x
  44   1              IE1 |= 0x08;    //0000 x000  INT2使能
  45   1              IP  |= 0X00;
  46   1              IP1 |= 0X00;
  47   1              EA = 1;
  48   1      }
  49          
  50          /*****************************************************
  51          *函数名称：void EX0/1/2() interrupt     0/2/10
  52          *函数功能：外部中断函数
  53          *入口参数：void
  54          *出口参数：void
C51 COMPILER V9.55   EX_INIT                                                               07/25/2019 10:30:52 PAGE 2   

  55          *****************************************************/
  56          void EX0() interrupt    0
  57          {
  58   1          P24 = ~P24;
  59   1      }
  60          
  61          void EX1() interrupt    2
  62          {
  63   1          P25= ~P25;
  64   1              if(P16 == 0)
  65   1              {
  66   2                      INT1_flag = 0x10; //INT12产生中断
  67   2              }
  68   1              if(P17 == 0)
  69   1              {
  70   2                      INT1_flag = 0x20; //INT13产生中断
  71   2              }
  72   1      }
  73          
  74          void EX2() interrupt    10
  75          {
  76   1          P26 = ~P26;
  77   1      }


MODULE INFORMATION:   STATIC OVERLAYABLE
   CODE SIZE        =     64    ----
   CONSTANT SIZE    =   ----    ----
   XDATA SIZE       =   ----    ----
   PDATA SIZE       =   ----    ----
   DATA SIZE        =      1    ----
   IDATA SIZE       =   ----    ----
   BIT SIZE         =   ----    ----
END OF MODULE INFORMATION.


C51 COMPILATION COMPLETE.  0 WARNING(S),  0 ERROR(S)
