C51 COMPILER V9.55   PWM_INIT                                                              07/25/2019 10:30:53 PAGE 1   


C51 COMPILER V9.55, COMPILATION OF MODULE PWM_INIT
OBJECT MODULE PLACED IN .\Objects\PWM_Init.obj
COMPILER INVOKED BY: C:\Keil_v5\C51\BIN\C51.EXE c\PWM_Init.c OPTIMIZE(8,SPEED) BROWSE DEBUG OBJECTEXTEND PRINT(.\Listing
                    -s\PWM_Init.lst) OBJECT(.\Objects\PWM_Init.obj)

line level    source

   1          #include "H/Function_Init.H"
   2          
   3          void PWM_Init(void);
   4          void PWM_Dead(void);
   5          /*****************************************************
   6          *函数名称：void PWM_Test(void)
   7          *函数功能：PWM测试
   8          *入口参数：void
   9          *出口参数：void
  10          *****************************************************/
  11          void PWM_Test(void)
  12          {
  13   1              PWM_Init();
  14   1              while(1)
  15   1              {
  16   2              }
  17   1      }
  18          /*****************************************************
  19          *函数名称：void PWM_Init(void)
  20          *函数功能：PWM初始化
  21          *入口参数：void
  22          *出口参数：void
  23          *注意：周期与占空比的低2位要先写值，再写高8位
  24          *****************************************************/
  25          void PWM_Init(void)
  26          {       
  27   1              PWMCFG  = 0x00;         //设置PWM系统时钟，控制输出反向
  28   1              PWMCON  = 0X3f;         //控制是否输出到IO口
  29   1              PWMDTYA = 0xea;         //周期与PWM0/1/2占空比的低2位设置
  30   1              PWMPRD  = 0x4f;         //周期高8位设置 
  31   1              PWMDTY0 = 0x28;     //PWM0占空比高8位设置
  32   1              PWMDTY1 = 0x28;     //PWM1占空比高8位设置
  33   1              PWMDTY2 = 0x28;     //PWM2占空比高8位设置
  34   1              PWMDTYB = 0X00;     //PWM3/4/5周期与占空比的低2位设置  
  35   1              PWMDTY3 = 0X14;     //PWM3占空比高8位设置
  36   1              PWMDTY4 = 0X14;         //PWM4占空比高8位设置
  37   1              PWMDTY5 = 0X14;     //PWM5占空比高8位设置
  38   1              PWMCON |= 0x80;         //打开PWM使能端
  39   1              IE1 |= 0x02;
  40   1              EA = 1;
  41   1      }
  42          
  43          /*
  44          void PWM_Dead(void) //死区设置
  45          {
  46                  PWMCFG = 0X38;    //设置PWM系统时钟，控制输出反向
  47                  PWMCON = 0X3F;    //控制是否输出到IO口
  48                  PWMDTYB |= 0X80;  //设置死区模式
  49                  PWMPRD = 0X18;    //周期高8位设置
  50                  PWMDTYA = 0XEA;   //11 10 10 10  周期与占空比低2位
  51                  PWMPRD = 0X18;    //周期与PWM0/1/2占空比的低2位设置
  52                  PWMDTY0 = 0X0C;   //PWM0占空比高8位设置
  53                  PWMDTY1 = 0X10;   //PWM1占空比高8位设置
  54                  PWMDTY2 = 0X0C;   //PWM2占空比高8位设置
C51 COMPILER V9.55   PWM_INIT                                                              07/25/2019 10:30:53 PAGE 2   

  55                  PWMDTY3 = 0X00;   //死区时间设置
  56                  PWMCON |= 0X80;   //开PWM
  57          }
  58          */
  59          
  60          void PWMInt(void) interrupt 8
  61          {       
  62   1              P50 = ~P50;       
  63   1      }


MODULE INFORMATION:   STATIC OVERLAYABLE
   CODE SIZE        =     49    ----
   CONSTANT SIZE    =   ----    ----
   XDATA SIZE       =   ----    ----
   PDATA SIZE       =   ----    ----
   DATA SIZE        =   ----    ----
   IDATA SIZE       =   ----    ----
   BIT SIZE         =   ----    ----
END OF MODULE INFORMATION.


C51 COMPILATION COMPLETE.  0 WARNING(S),  0 ERROR(S)
