C51 COMPILER V9.03   IO的设置                                                              06/03/2015 17:36:56 PAGE 1   


C51 COMPILER V9.03, COMPILATION OF MODULE IO的设置
OBJECT MODULE PLACED IN .\output\IO的设置.obj
COMPILER INVOKED BY: C:\Keil\C51\BIN\C51.EXE c\IO的设置.c BROWSE DEBUG OBJECTEXTEND PRINT(.\lst\IO的设置.lst) OBJECT(.\o
                    -utput\IO的设置.obj)

line level    source

   1          //************************************************************
   2          //  Copyright (c) 深圳市赛元微电子有限公司
   3          //      文件名称        : IO_Set.c
   4          //      作者            : 
   5          //      模块功能        : IO常用设置
   6          //      局部函数列表:
   7          //  最后更正日期:
   8          //      版本            :
   9          //      更改记录        :rom前256byte禁止查表,因此在编译的时候，设置keil->option for Target->BL51 Locate->Code Range:
             -0x100
  10          //*************************************************************
  11          #include "h\sc91f735_C.h"
  12          
  13          //============================
  14          //模块内宏定义
  15          //============================
  16          #define         BS(SFR,NUM)             (SFR|=(1<<NUM))             //位置1
  17          #define         BC(SFR,NUM)             (SFR&=~(1<<NUM))                    //位清0
  18          //============================
  19          //按键输入，使用准双向模式时，需要切换为准双向模式，并对该IO口写1,输出则选择强推挽模式
  20          //============================
  21          #define         SET(SFR,NUM)    (SFR = NUM)     
  22          
  23          //=========================P1、P2、P3、P4 准双向IO设置=========================================//
  24          #define         P10M                                    (BC(P1CFG0,0),BC(P1CFG0,1))                                                     //设置P10为准双向IO
  25          #define         P11M                                    (BC(P1CFG0,2),BC(P1CFG0,3))                                                     //设置P11为准双向IO
  26          #define         P12M                                    (BC(P1CFG0,4),BC(P1CFG0,5))                                                     //设置P12为准双向IO
  27          #define         P13M                                    (BC(P1CFG0,6),BC(P1CFG0,7))                                                     //设置P13为准双向IO
  28          #define         P14M                                    (BC(P1CFG1,0),BC(P1CFG1,1))                                                     //设置P14为准双向IO
  29          #define         P15M                                    (BC(P1CFG1,2),BC(P1CFG1,3))                                                     //设置P15为准双向IO
  30          #define         P16M                                    (BC(P1CFG1,4),BC(P1CFG1,5))                                                     //设置P16为准双向IO
  31          #define         P17M                                    (BC(P1CFG1,6),BC(P1CFG1,7))                                                     //设置P17为准双向IO
  32          
  33          #define         P20M                                    (BC(P2CFG0,0),BC(P2CFG0,1))                                                     //设置P20为准双向IO
  34          #define         P21M                                    (BC(P2CFG0,2),BC(P2CFG0,3))                                                     //设置P21为准双向IO
  35          #define         P22M                                    (BC(P2CFG0,4),BC(P2CFG0,5))                                                     //设置P22为准双向IO
  36          #define         P23M                                    (BC(P2CFG0,6),BC(P2CFG0,7))                                                     //设置P23为准双向IO
  37          #define         P24M                                    (BC(P2CFG1,0),BC(P2CFG1,1))                                                     //设置P24为准双向IO
  38          #define         P25M                                    (BC(P2CFG1,2),BC(P2CFG1,3))                                                     //设置P25为准双向IO
  39          #define         P26M                                    (BC(P2CFG1,4),BC(P2CFG1,5))                                                     //设置P26为准双向IO
  40          #define         P27M                                    (BC(P2CFG1,6),BC(P2CFG1,7))                                                     //设置P27为准双向IO
  41          
  42          #define         P30M                                    (BC(P3CFG0,0),BC(P3CFG0,1))                                                     //设置P30为准双向IO
  43          #define         P31M                                    (BC(P3CFG0,2),BC(P3CFG0,3))                                                     //设置P31为准双向IO
  44          #define         P32M                                    (BC(P3CFG0,4),BC(P3CFG0,5))                                                     //设置P32为准双向IO
  45          #define         P33M                                    (BC(P3CFG0,6),BC(P3CFG0,7))                                                     //设置P33为准双向IO
  46          #define         P34M                                    (BC(P3CFG1,0),BC(P3CFG1,1))                                                     //设置P34为准双向IO
  47          #define         P35M                                    (BC(P3CFG1,2),BC(P3CFG1,3))                                                     //设置P35为准双向IO
  48          #define         P36M                                    (BC(P3CFG1,4),BC(P3CFG1,5))                                                     //设置P36为准双向IO
  49          #define         P37M                                    (BC(P3CFG1,6),BC(P3CFG1,7))                                                     //设置P37为准双向IO
  50          
  51          #define         P40M                                    (BC(P4CFG0,0),BC(P4CFG0,1))                                                     //设置P40为准双向IO
  52          #define         P41M                                    (BC(P4CFG0,2),BC(P4CFG0,3))                                                     //设置P41为准双向IO
  53          #define         P42M                                    (BC(P4CFG0,4),BC(P4CFG0,5))                                                     //设置P42为准双向IO
C51 COMPILER V9.03   IO的设置                                                              06/03/2015 17:36:56 PAGE 2   

  54          #define         P43M                                    (BC(P4CFG0,6),BC(P4CFG0,7))                                                     //设置P43为准双向IO
  55          #define         P44M                                    (BC(P4CFG1,0),BC(P4CFG1,1))                                                     //设置P44为准双向IO
  56          #define         P45M                                    (BC(P4CFG1,2),BC(P4CFG1,3))                                                     //设置P45为准双向IO
  57          
  58          //=========================P1、P2、P3、P4  强推挽IO设置=========================================//
  59          
  60          #define         P10PM                                   (BS(P1CFG0,0),BC(P1CFG0,1))                                                     //设置P10为强推挽IO
  61          #define         P11PM                                   (BS(P1CFG0,2),BC(P1CFG0,3))                                                     //设置P11为强推挽IO
  62          #define         P12PM                                   (BS(P1CFG0,4),BC(P1CFG0,5))                                                     //设置P12为强推挽IO
  63          #define         P13PM                                   (BS(P1CFG0,6),BC(P1CFG0,7))                                                     //设置P13为强推挽IO
  64          #define         P14PM                                   (BS(P1CFG1,0),BC(P1CFG1,1))                                                     //设置P14为强推挽IO
  65          #define         P15PM                                   (BS(P1CFG1,2),BC(P1CFG1,3))                                                     //设置P15为强推挽IO
  66          #define         P16PM                                   (BS(P1CFG1,4),BC(P1CFG1,5))                                                     //设置P16为强推挽IO
  67          #define         P17PM                                   (BS(P1CFG1,6),BC(P1CFG1,7))                                                     //设置P17为强推挽IO
  68          
  69          #define         P20PM                                   (BS(P2CFG0,0),BC(P2CFG0,1))                                                     //设置P20为强推挽IO
  70          #define         P21PM                                   (BS(P2CFG0,2),BC(P2CFG0,3))                                                     //设置P21为强推挽IO
  71          #define         P22PM                                   (BS(P2CFG0,4),BC(P2CFG0,5))                                                     //设置P22为强推挽IO
  72          #define         P23PM                                   (BS(P2CFG0,6),BC(P2CFG0,7))                                                     //设置P23为强推挽IO
  73          #define         P24PM                                   (BS(P2CFG1,0),BC(P2CFG1,1))                                                     //设置P24为强推挽IO
  74          #define         P25PM                                   (BS(P2CFG1,2),BC(P2CFG1,3))                                                     //设置P25为强推挽IO
  75          #define         P26PM                                   (BS(P2CFG1,4),BC(P2CFG1,5))                                                     //设置P26为强推挽IO
  76          #define         P27PM                                   (BS(P2CFG1,6),BC(P2CFG1,7))                                                     //设置P27为强推挽IO
  77          
  78          #define         P30PM                                   (BS(P3CFG0,0),BC(P3CFG0,1))                                                     //设置P30为强推挽IO
  79          #define         P31PM                                   (BS(P3CFG0,2),BC(P3CFG0,3))                                                     //设置P31为强推挽IO
  80          #define         P32PM                                   (BS(P3CFG0,4),BC(P3CFG0,5))                                                     //设置P32为强推挽IO
  81          #define         P33PM                                   (BS(P3CFG0,6),BC(P3CFG0,7))                                                     //设置P33为强推挽IO
  82          #define         P34PM                                   (BS(P3CFG1,0),BC(P3CFG1,1))                                                     //设置P34为强推挽IO
  83          #define         P35PM                                   (BS(P3CFG1,2),BC(P3CFG1,3))                                                     //设置P35为强推挽IO
  84          #define         P36PM                                   (BS(P3CFG1,4),BC(P3CFG1,5))                                                     //设置P36为强推挽IO
  85          #define         P37PM                                   (BS(P3CFG1,6),BC(P3CFG1,7))                                                     //设置P37为强推挽IO
  86          
  87          #define         P40PM                                   (BS(P4CFG0,0),BC(P4CFG0,1))                                                     //设置P40为强推挽IO
  88          #define         P41PM                                   (BS(P4CFG0,2),BC(P4CFG0,3))                                                     //设置P41为强推挽IO
  89          #define         P42PM                                   (BS(P4CFG0,4),BC(P4CFG0,5))                                                     //设置P42为强推挽IO
  90          #define         P43PM                                   (BS(P4CFG0,6),BC(P4CFG0,7))                                                     //设置P43为强推挽IO
  91          #define         P44PM                                   (BS(P4CFG1,0),BC(P4CFG1,1))                                                     //设置P44为强推挽IO
  92          #define         P45PM                                   (BS(P4CFG1,2),BC(P4CFG1,3))                                                     //设置P45为强推挽IO
  93          
  94          //=========================P1、P2、P3、P4  高阻态(仅输入)IO设置=========================================//
  95          
  96          #define         P10IM                                   (BC(P1CFG0,0),BS(P1CFG0,1))                                                     //设置P10为高阻态IO
  97          #define         P11IM                                   (BC(P1CFG0,2),BS(P1CFG0,3))                                                     //设置P11为高阻态IO
  98          #define         P12IM                                   (BC(P1CFG0,4),BS(P1CFG0,5))                                                     //设置P12为高阻态IO
  99          #define         P13IM                                   (BC(P1CFG0,6),BS(P1CFG0,7))                                                     //设置P13为高阻态IO
 100          #define         P14IM                                   (BC(P1CFG1,0),BS(P1CFG1,1))                                                     //设置P14为高阻态IO
 101          #define         P15IM                                   (BC(P1CFG1,2),BS(P1CFG1,3))                                                     //设置P15为高阻态IO
 102          #define         P16IM                                   (BC(P1CFG1,4),BS(P1CFG1,5))                                                     //设置P16为高阻态IO
 103          #define         P17IM                                   (BC(P1CFG1,6),BS(P1CFG1,7))                                                     //设置P17为高阻态IO
 104          
 105          #define         P20IM                                   (BC(P2CFG0,0),BS(P2CFG0,1))                                                     //设置P20为高阻态IO
 106          #define         P21IM                                   (BC(P2CFG0,2),BS(P2CFG0,3))                                                     //设置P21为高阻态IO
 107          #define         P22IM                                   (BC(P2CFG0,4),BS(P2CFG0,5))                                                     //设置P22为高阻态IO
 108          #define         P23IM                                   (BC(P2CFG0,6),BS(P2CFG0,7))                                                     //设置P23为高阻态IO
 109          #define         P24IM                                   (BC(P2CFG1,0),BS(P2CFG1,1))                                                     //设置P24为高阻态IO
 110          #define         P25IM                                   (BC(P2CFG1,2),BS(P2CFG1,3))                                                     //设置P25为高阻态IO
 111          #define         P26IM                                   (BC(P2CFG1,4),BS(P2CFG1,5))                                                     //设置P26为高阻态IO
 112          #define         P27IM                                   (BC(P2CFG1,6),BS(P2CFG1,7))                                                     //设置P27为高阻态IO
 113          
 114          #define         P30IM                                   (BC(P3CFG0,0),BS(P3CFG0,1))                                                     //设置P30为高阻态IO
 115          #define         P31IM                                   (BC(P3CFG0,2),BS(P3CFG0,3))                                                     //设置P31为高阻态IO
C51 COMPILER V9.03   IO的设置                                                              06/03/2015 17:36:56 PAGE 3   

 116          #define         P32IM                                   (BC(P3CFG0,4),BS(P3CFG0,5))                                                     //设置P32为高阻态IO
 117          #define         P33IM                                   (BC(P3CFG0,6),BS(P3CFG0,7))                                                     //设置P33为高阻态IO
 118          #define         P34IM                                   (BC(P3CFG1,0),BS(P3CFG1,1))                                                     //设置P34为高阻态IO
 119          #define         P35IM                                   (BC(P3CFG1,2),BS(P3CFG1,3))                                                     //设置P35为高阻态IO
 120          #define         P36IM                                   (BC(P3CFG1,4),BS(P3CFG1,5))                                                     //设置P36为高阻态IO
 121          #define         P37IM                                   (BC(P3CFG1,6),BS(P3CFG1,7))                                                     //设置P37为高阻态IO
 122          
 123          #define         P40IM                                   (BC(P4CFG0,0),BS(P4CFG0,1))                                                     //设置P40为高阻态IO
 124          #define         P41IM                                   (BC(P4CFG0,2),BS(P4CFG0,3))                                                     //设置P41为高阻态IO
 125          #define         P42IM                                   (BC(P4CFG0,4),BS(P4CFG0,5))                                                     //设置P42为高阻态IO
 126          #define         P43IM                                   (BC(P4CFG0,6),BS(P4CFG0,7))                                                     //设置P43为高阻态IO
 127          #define         P44IM                                   (BC(P4CFG1,0),BS(P4CFG1,1))                                                     //设置P44为高阻态IO
 128          #define         P45IM                                   (BC(P4CFG1,2),BS(P4CFG1,3))                                                     //设置P45为高阻态IO
 129          
 130          //=========================P1、P2、P3、P4  开漏输出IO设置=========================================//
 131          
 132          #define         P10OM                                   (BS(P1CFG0,0),BS(P1CFG0,1))                                                     //设置P10为开漏输出IO
 133          #define         P11OM                                   (BS(P1CFG0,2),BS(P1CFG0,3))                                                     //设置P11为开漏输出IO
 134          #define         P12OM                                   (BS(P1CFG0,4),BS(P1CFG0,5))                                                     //设置P12为开漏输出IO
 135          #define         P13OM                                   (BS(P1CFG0,6),BS(P1CFG0,7))                                                     //设置P13为开漏输出IO
 136          #define         P14OM                                   (BS(P1CFG1,0),BS(P1CFG1,1))                                                     //设置P14为开漏输出IO
 137          #define         P15OM                                   (BS(P1CFG1,2),BS(P1CFG1,3))                                                     //设置P15为开漏输出IO
 138          #define         P16OM                                   (BS(P1CFG1,4),BS(P1CFG1,5))                                                     //设置P16为开漏输出IO
 139          #define         P17OM                                   (BS(P1CFG1,6),BS(P1CFG1,7))                                                     //设置P17为开漏输出IO
 140          
 141          #define         P20OM                                   (BS(P2CFG0,0),BS(P2CFG0,1))                                                     //设置P20为开漏输出IO
 142          #define         P21OM                                   (BS(P2CFG0,2),BS(P2CFG0,3))                                                     //设置P21为开漏输出IO
 143          #define         P22OM                                   (BS(P2CFG0,4),BS(P2CFG0,5))                                                     //设置P22为开漏输出IO
 144          #define         P23OM                                   (BS(P2CFG0,6),BS(P2CFG0,7))                                                     //设置P23为开漏输出IO
 145          #define         P24OM                                   (BS(P2CFG1,0),BS(P2CFG1,1))                                                     //设置P24为开漏输出IO
 146          #define         P25OM                                   (BS(P2CFG1,2),BS(P2CFG1,3))                                                     //设置P25为开漏输出IO
 147          #define         P26OM                                   (BS(P2CFG1,4),BS(P2CFG1,5))                                                     //设置P26为开漏输出IO
 148          #define         P27OM                                   (BS(P2CFG1,6),BS(P2CFG1,7))                                                     //设置P27为开漏输出IO
 149          
 150          #define         P30OM                                   (BS(P3CFG0,0),BS(P3CFG0,1))                                                     //设置P30为开漏输出IO
 151          #define         P31OM                                   (BS(P3CFG0,2),BS(P3CFG0,3))                                                     //设置P31为开漏输出IO
 152          #define         P32OM                                   (BS(P3CFG0,4),BS(P3CFG0,5))                                                     //设置P32为开漏输出IO
 153          #define         P33OM                                   (BS(P3CFG0,6),BS(P3CFG0,7))                                                     //设置P33为开漏输出IO
 154          #define         P34OM                                   (BS(P3CFG1,0),BS(P3CFG1,1))                                                     //设置P34为开漏输出IO
 155          #define         P35OM                                   (BS(P3CFG1,2),BS(P3CFG1,3))                                                     //设置P35为开漏输出IO
 156          #define         P36OM                                   (BS(P3CFG1,4),BS(P3CFG1,5))                                                     //设置P36为开漏输出IO
 157          #define         P37OM                                   (BS(P3CFG1,6),BS(P3CFG1,7))                                                     //设置P37为开漏输出IO
 158          
 159          #define         P40OM                                   (BS(P4CFG0,0),BS(P4CFG0,1))                                                     //设置P40为开漏输出IO
 160          #define         P41OM                                   (BS(P4CFG0,2),BS(P4CFG0,3))                                                     //设置P41为开漏输出IO
 161          #define         P42OM                                   (BS(P4CFG0,4),BS(P4CFG0,5))                                                     //设置P42为开漏输出IO
 162          #define         P43OM                                   (BS(P4CFG0,6),BS(P4CFG0,7))                                                     //设置P43为开漏输出IO
 163          #define         P44OM                                   (BS(P4CFG1,0),BS(P4CFG1,1))                                                     //设置P44为开漏输出IO
 164          #define         P45OM                                   (BS(P4CFG1,2),BS(P4CFG1,3))                                                     //设置P45为开漏输出IO
 165          
 166          //=========================P1、P2、P3、P4  准双向IO设置输入=========================================//
 167          #define         P10MI                                   (BC(P1CFG0,0),BC(P1CFG0,1),SET(P10,1))                          //设置P10为准双向IO输入
 168          #define         P11MI                                   (BC(P1CFG0,2),BC(P1CFG0,3),SET(P11,1))                          //设置P11为准双向IO输入
 169          #define         P12MI                                   (BC(P1CFG0,4),BC(P1CFG0,5),SET(P12,1))                          //设置P12为准双向IO输入
 170          #define         P13MI                                   (BC(P1CFG0,6),BC(P1CFG0,7),SET(P13,1))                          //设置P13为准双向IO输入
 171          #define         P14MI                                   (BC(P1CFG1,0),BC(P1CFG1,1),SET(P14,1))                          //设置P14为准双向IO输入
 172          #define         P15MI                                   (BC(P1CFG1,2),BC(P1CFG1,3),SET(P15,1))                          //设置P15为准双向IO输入
 173          #define         P16MI                                   (BC(P1CFG1,4),BC(P1CFG1,5),SET(P16,1))                          //设置P16为准双向IO输入
 174          #define         P17MI                                   (BC(P1CFG1,6),BC(P1CFG1,7),SET(P17,1))                          //设置P17为准双向IO输入
 175          
 176          #define         P20MI                                   (BC(P2CFG0,0),BC(P2CFG0,1),SET(P20,1))                          //设置P20为准双向IO输入
 177          #define         P21MI                                   (BC(P2CFG0,2),BC(P2CFG0,3),SET(P21,1))                          //设置P21为准双向IO输入
C51 COMPILER V9.03   IO的设置                                                              06/03/2015 17:36:56 PAGE 4   

 178          #define         P22MI                                   (BC(P2CFG0,4),BC(P2CFG0,5),SET(P22,1))                          //设置P22为准双向IO输入
 179          #define         P23MI                                   (BC(P2CFG0,6),BC(P2CFG0,7),SET(P23,1))                          //设置P23为准双向IO输入
 180          #define         P24MI                                   (BC(P2CFG1,0),BC(P2CFG1,1),SET(P24,1))                          //设置P24为准双向IO输入
 181          #define         P25MI                                   (BC(P2CFG1,2),BC(P2CFG1,3),SET(P25,1))                          //设置P25为准双向IO输入
 182          #define         P26MI                                   (BC(P2CFG1,4),BC(P2CFG1,5),SET(P26,1))                          //设置P26为准双向IO输入
 183          #define         P27MI                                   (BC(P2CFG1,6),BC(P2CFG1,7),SET(P27,1))                          //设置P27为准双向IO输入
 184          
 185          #define         P30MI                                   (BC(P3CFG0,0),BC(P3CFG0,1),SET(P30,1))                          //设置P30为准双向IO输入
 186          #define         P31MI                                   (BC(P3CFG0,2),BC(P3CFG0,3),SET(P31,1))                          //设置P31为准双向IO输入
 187          #define         P32MI                                   (BC(P3CFG0,4),BC(P3CFG0,5),SET(P32,1))                          //设置P32为准双向IO输入
 188          #define         P33MI                                   (BC(P3CFG0,6),BC(P3CFG0,7),SET(P33,1))                          //设置P33为准双向IO输入
 189          #define         P34MI                                   (BC(P3CFG1,0),BC(P3CFG1,1),SET(P34,1))                          //设置P34为准双向IO输入
 190          #define         P35MI                                   (BC(P3CFG1,2),BC(P3CFG1,3),SET(P35,1))                          //设置P35为准双向IO输入
 191          #define         P36MI                                   (BC(P3CFG1,4),BC(P3CFG1,5),SET(P36,1))                          //设置P36为准双向IO输入
 192          #define         P37MI                                   (BC(P3CFG1,6),BC(P3CFG1,7),SET(P37,1))                          //设置P37为准双向IO输入
 193          
 194          #define         P40MI                                   (BC(P4CFG0,0),BC(P4CFG0,1),SET(P40,1))                          //设置P40为准双向IO输入
 195          #define         P41MI                                   (BC(P4CFG0,2),BC(P4CFG0,3),SET(P41,1))                          //设置P41为准双向IO输入
 196          #define         P42MI                                   (BC(P4CFG0,4),BC(P4CFG0,5),SET(P32,1))                          //设置P42为准双向IO输入
 197          #define         P43MI                                   (BC(P4CFG0,6),BC(P4CFG0,7),SET(P33,1))                          //设置P43为准双向IO输入
 198          #define         P44MI                                   (BC(P4CFG1,0),BC(P4CFG1,1),SET(P34,1))                          //设置P44为准双向IO输入
 199          #define         P45MI                                   (BC(P4CFG1,2),BC(P4CFG1,3),SET(P35,1))                          //设置P45为准双向IO输入
 200          
 201          //*************************************************************
 202          // 函数名       ：void main()
 203          // 作者         ：
 204          // 功能         ：主函数
 205          // 参数         ：无
 206          // 返回值       ：无
 207          // 调用全局变量：无
 208          // 修改全局变量：无
 209          // 备注         ：
 210          //**************************************************************
 211          void main()
 212          {
 213   1              RSTCFG=0x0B;                            //RSTpin切换GPIO,lvr 选择3.5V复位
 214   1              WDTCR = 0x90;                           //1--1 -- 00    开WDT,WDT清0,WDT 524ms溢出;烧录时，可Code Option选择ENWDT
 215   1              P11MI;                                     //按键输入
 216   1              P11PM;                                     //显示输出
 217   1              while(1)
 218   1              {
 219   2                      WDTCR = 0x90;                           //1--1 -- 00    开WDT,WDT清0,WDT 524ms溢出;烧录时，可Code Option选择ENWDT
 220   2              }
 221   1      }


MODULE INFORMATION:   STATIC OVERLAYABLE
   CODE SIZE        =     25    ----
   CONSTANT SIZE    =   ----    ----
   XDATA SIZE       =   ----    ----
   PDATA SIZE       =   ----    ----
   DATA SIZE        =   ----    ----
   IDATA SIZE       =   ----    ----
   BIT SIZE         =   ----    ----
END OF MODULE INFORMATION.


C51 COMPILATION COMPLETE.  0 WARNING(S),  0 ERROR(S)
