C51 COMPILER V9.55   SSI_INIT                                                              04/24/2019 15:54:19 PAGE 1   


C51 COMPILER V9.55, COMPILATION OF MODULE SSI_INIT
OBJECT MODULE PLACED IN .\Objects\SSI_Init.obj
COMPILER INVOKED BY: C:\Keil_v5\C51\BIN\C51.EXE c\SSI_Init.c OPTIMIZE(8,SPEED) BROWSE DEBUG OBJECTEXTEND PRINT(.\Listing
                    -s\SSI_Init.lst) OBJECT(.\Objects\SSI_Init.obj)

line level    source

   1          #include "H/Function_Init.H"
   2          
   3          //选择三合一模式：
   4          #define  Uart1   0
   5          #define  TWI1    1
   6          #define  SPI1    2
   7          
   8          #define  SSI1_Mode  TWI1
   9          
  10          void Uart1_Init(uint Freq,unsigned long int baud);
  11          void TWI1_Init(void);
  12          void SPI1_Init(void);
  13          
  14          bit Uart1SendFlag = 0;    //Uart1发送中断标志位
  15          bit Uart1ReceiveFlag = 0; //Uart1接收中断标志位
  16          bit SPI1Flag = 0;         //SPI1数据传输完成标志位
  17          bit TWI1Flag = 0;         //TWI1中断标志位
  18          
  19          /*****************************************************
  20          *函数名称：void SSI1_Test(void)
  21          *函数功能：SSI1测试
  22          *入口参数：void
  23          *出口参数：void
  24          *****************************************************/
  25          void SSI1_Test(void)
  26          {
  27   1      #if (SSI1_Mode == Uart1)
                      Uart1_Init(32,9600);
                      while(1)
                      {
                              US1CON3 = 0xAA;
                              while(!Uart1SendFlag);
                              Uart1SendFlag = 0;
                      }
              #endif
  36   1              
  37   1      #if (SSI1_Mode == TWI1)
  38   1              TWI1_Init();
  39   1              while(1)
  40   1              {
  41   2                      US1CON1 |= 0x20;    //产生起始条件
  42   2                      while(!TWI1Flag);
  43   2              TWI1Flag = 0;           
  44   2                      US1CON3 = 0x10;     //发送地址及读命令
  45   2              while(!TWI1Flag);
  46   2              TWI1Flag = 0;
  47   2              US1CON3 = 0x55;     //发送地址及读命令
  48   2              while(!TWI1Flag);
  49   2              TWI1Flag = 0;
  50   2                      Delay(100);
  51   2                      US1CON1 |= 0x10;
  52   2                      Delay(100);
  53   2              }
  54   1      #endif
C51 COMPILER V9.55   SSI_INIT                                                              04/24/2019 15:54:19 PAGE 2   

  55   1      
  56   1      #if (SSI1_Mode == SPI1)
                      SPI1_Init();
                      while(1)
                      {
                              US1CON2 = 0xAA;
                              while(!SPI1Flag);
                              SPI1Flag = 0;
                      Delay(1000);
                      }
              #endif  
  66   1      }
  67          /*****************************************************
  68          *函数名称：void Uart1_Init(uint Freq,unsigned long int baud)
  69          *函数功能：Uart1中断初始化
  70          *入口参数：Freq-主频，baud-波特率
  71          *出口参数：void
  72          *****************************************************/
  73          void Uart1_Init(uint Freq,unsigned long int baud)
  74          {
  75   1              P1CON &= 0xF5;    //TX/RX设置为输入带上拉
  76   1              P1PH  |= 0x0A;
  77   1              
  78   1              OTCON |= 0xC0;    //串行接口SSI1选择Uart1通信
  79   1              US1CON0 = 0x50;   //设置通信方式为模式一，允许接收
  80   1              US1CON1 = Freq*1000000/baud;   //波特率低位控制
  81   1              US1CON2 = (Freq*1000000/baud)>>8;   //波特率高位控制
  82   1              IE2 |= 0x01;      //开启SSI1中断
  83   1          EA = 1;     
  84   1      }
  85          
  86          /*****************************************************
  87          *函数名称：void TWI1_Init(void)
  88          *函数功能：TWI1初始化
  89          *入口参数：void
  90          *出口参数：void
  91          *****************************************************/
  92          void TWI1_Init(void)
  93          {
  94   1              OTCON |= 0x80;   //选择TWI1模式
  95   1              US1CON0 = 0x80;  //主模式， 使能应答标志位
  96   1              US1CON1 = 0x05;  //---- xxxx  x为时钟速率
  97   1              IE2 |= 0x01;
  98   1              EA = 1;
  99   1      }
 100          
 101          /*****************************************************
 102          *函数名称：void SPI1_Init(void)
 103          *函数功能：SPI1初始化
 104          *入口参数：void
 105          *出口参数：void
 106          *****************************************************/
 107          void SPI1_Init(void)
 108          {
 109   1              OTCON |= 0X40;    //选择SPI1模式
 110   1              US1CON0 = 0x3F;   //设置SPI1为主设备，SCK空闲时间为高电平，SCK周期第二沿采集数据，时钟速率为Fsys/128
 111   1              US1CON1 = 0x01;   //MSB优先发送，8位传输，允许发送中断
 112   1              US1CON0 |= 0x80;  //开启SPI1
 113   1              IE2 |= 0x01;
 114   1              EA = 1;
 115   1      }
 116          
C51 COMPILER V9.55   SSI_INIT                                                              04/24/2019 15:54:19 PAGE 3   

 117          
 118          /*****************************************************
 119          *函数名称：void TWI1/PI/UART1_Int() interrupt 7
 120          *函数功能：SSI1中断函数
 121          *入口参数：void
 122          *出口参数：void
 123          *****************************************************/
 124          #if (SSI1_Mode == Uart1)
              void Uart1_Int() interrupt 15   //Uart1中断函数
              {
                      if(US1CON0&0x02)    //发送标志位判断
                      {
                              US1CON0 &= 0xFD;
                              Uart1SendFlag = 1;
                      }
                      if((US1CON0&0x01))  //接收标志位判断
                      {
                              US1CON0 &= 0xFE;
                              Uart1ReceiveFlag = 1;
                      }       
              }
              #endif
 139          
 140          #if (SSI1_Mode == TWI1)
 141          void TWI1_Int() interrupt 15     //TWI1中断函数
 142          {
 143   1              if(US1CON0&0x40)
 144   1              {
 145   2                      US1CON0 &= 0xbf;  //中断清零
 146   2                      TWI1Flag = 1;
 147   2              }       
 148   1      }
 149          #endif 
 150          
 151          #if (SSI1_Mode == SPI1)
              void SpiInt(void) interrupt 15    //SPI1中断函数
              {         
                      if(US1CON1&0X08)    //发送缓存器空标志判断
                      {
                              US1CON1 &= ~0X08;
                      }
                      if(US1CON1&0X80)    //数据传输标志位判断
                      {
                              US1CON1 &= ~0X80;
                              SPI1Flag = 1;
                      }
              }
              #endif 


MODULE INFORMATION:   STATIC OVERLAYABLE
   CODE SIZE        =    181    ----
   CONSTANT SIZE    =   ----    ----
   XDATA SIZE       =   ----    ----
   PDATA SIZE       =   ----    ----
   DATA SIZE        =   ----       6
   IDATA SIZE       =   ----    ----
   BIT SIZE         =      4    ----
END OF MODULE INFORMATION.


C51 COMPILATION COMPLETE.  0 WARNING(S),  0 ERROR(S)
