C51 COMPILER V9.55   UART_INIT                                                             11/29/2019 15:34:12 PAGE 1   


C51 COMPILER V9.55, COMPILATION OF MODULE UART_INIT
OBJECT MODULE PLACED IN .\Objects\Uart_Init.obj
COMPILER INVOKED BY: C:\Keil_v5\C51\BIN\C51.EXE c\Uart_Init.c OPTIMIZE(8,SPEED) BROWSE DEBUG OBJECTEXTEND PRINT(.\Listin
                    -gs\Uart_Init.lst) OBJECT(.\Objects\Uart_Init.obj)

line level    source

   1          #include "H/Function_Init.H" 
   2          
   3          void Uart_Init(uint Freq,unsigned long int baud);
   4          bit UartSendFlag = 0; //发送中断标志位
   5          bit UartReceiveFlag = 0; //接收中断标志位
   6          /*****************************************************
   7          *函数名称：void Uart_Test(void)
   8          *函数功能：Uart测试
   9          *入口参数：void
  10          *出口参数：void
  11          *****************************************************/
  12          void Uart_Test(void)
  13          {
  14   1              Uart_Init(32,9600);
  15   1              while(1)
  16   1              {
  17   2                      SBUF = 0x55;
  18   2                      while(!UartSendFlag);
  19   2                      UartSendFlag = 0;
  20   2              }
  21   1      }
  22          /*****************************************************
  23          *函数名称：void Uart_Init(uint Freq,unsigned long int baud)
  24          *函数功能：Uart中断初始化
  25          *入口参数：Freq-主频，baud-波特率
  26          *出口参数：void
  27          *****************************************************/
  28          void Uart_Init(uint Freq,unsigned long int baud)    //选择Timer1作为波特率信号发生器
  29          {
  30   1              P2CON &= 0xFC;   //TX/RX设置为输入带上拉
  31   1              P2PH  |= 0x03;
  32   1              
  33   1              SCON  |= 0X50;   //设置通信方式为模式一，允许接收
  34   1              TMCON |= 0X02;
  35   1              TH1 = (Freq*1000000/baud)>>8;     //波特率为T1的溢出时间；
  36   1              TL1 = Freq*1000000/baud;
  37   1              TR1 = 0;
  38   1              ET1 = 0;
  39   1              EUART = 1;     //开启Uart中断
  40   1              EA = 1;
  41   1      }
  42          
  43          /*
  44          void Uart_Init(uint Freq,unsigned long int baud)    //选择Timer2作为波特率信号发生器
  45          {
  46                  P2CON &= 0xFC;   //TX/RX设置为输入带上拉
  47                  P2PH  |= 0x03;
  48          
  49                  SCON  |= 0X50;   //设置通信方式为模式一，允许接收
  50              TXINX = 0x02;
  51                  TMCON |= 0X04;
  52                  TXMOD = 0X00;
  53                  TXCON = 0X30;
  54                  RCAPXH = Freq*1000000/baud/256;
C51 COMPILER V9.55   UART_INIT                                                             11/29/2019 15:34:12 PAGE 2   

  55                  RCAPXL = Freq*1000000/baud%256;
  56                  TRX = 0;
  57                  ET2 = 0;
  58                  EUART = 1;     //开启Uart中断
  59                  EA = 1;
  60          }
  61          */
  62          
  63          /*****************************************************
  64          *函数名称：void UartInt(void) interrupt 4
  65          *函数功能：Uart中断函数
  66          *入口参数：void
  67          *出口参数：void
  68          *****************************************************/
  69          void UartInt(void) interrupt 4
  70          {
  71   1              if(TI)
  72   1              {
  73   2                      TI = 0; 
  74   2                      UartSendFlag = 1;               
  75   2              }
  76   1              if(RI)
  77   1              {
  78   2                      RI = 0; 
  79   2                      UartReceiveFlag = 1;
  80   2              }       
  81   1      }


MODULE INFORMATION:   STATIC OVERLAYABLE
   CODE SIZE        =    132    ----
   CONSTANT SIZE    =   ----    ----
   XDATA SIZE       =   ----    ----
   PDATA SIZE       =   ----    ----
   DATA SIZE        =   ----       6
   IDATA SIZE       =   ----    ----
   BIT SIZE         =      2    ----
END OF MODULE INFORMATION.


C51 COMPILATION COMPLETE.  0 WARNING(S),  0 ERROR(S)
