C51 COMPILER V9.01   ADC                                                                   04/22/2012 10:08:09 PAGE 1   


C51 COMPILER V9.01, COMPILATION OF MODULE ADC
OBJECT MODULE PLACED IN .\output\ADC.obj
COMPILER INVOKED BY: C:\Keil\C51\BIN\C51.EXE c\ADC.c BROWSE DEBUG OBJECTEXTEND PRINT(.\lst\ADC.lst) OBJECT(.\output\ADC.
                    -obj)

line level    source

   1          
   2          //************************************************************
   3          //  Copyright (c) 深圳市赛元微电子有限公司
   4          //      文件名称        : ADC.c
   5          //      作者            : 
   6          //      模块功能        : ADC转换的使用
   7          //      局部函数列表:
   8          //  最后更正日期:
   9          //      版本            :
  10          //      更改记录        :72B rom前256byte禁止查表,因此在编译的时候，设置keil->option for Target->BL51 Locate->Code Ra
             -nge:0x100
  11          //*************************************************************
  12          #include "h\sc91f72B_C.h"
  13          unsigned char    ValueH;
  14          unsigned char    ValueL;
  15          unsigned int    adcdat;
  16          //*************************************************************
  17          // 函数名       ：void ADC_init(void)
  18          // 作者         ：
  19          // 功能         ：ADC转换初始化
  20          // 参数         ：无
  21          // 返回值       ：无
  22          // 调用全局变量：无
  23          // 修改全局变量：无
  24          // 备注         ：选择参考电压;选择ADC输入口;开ADC电源;设置ADC转换时钟(主频转换约7us);选通ADC通道;开始转换;完成转
             -换,清EOC标志.
  25          //**************************************************************        
  26          void ADC_init()
  27          {
  28   1              ADCCFG=0x00;                                            //选择ADD为参考电压，设置ADCCFG=0x00.
  29   1              P3ADC=0x10;                                                     //P3作ADC输入口
  30   1              ADCCR=0xE4;                                                     //11100100, 打开ADC电源,ADC CLK=Fosc/6,选通P34通道
  31   1      }
  32          //*************************************************************
  33          // 函数名       ：void  ADC_Convert(void)
  34          // 作者         ：
  35          // 功能         ：ADC转换过程
  36          // 参数         ：无
  37          // 返回值       ：无
  38          // 调用全局变量：无
  39          // 修改全局变量：无
  40          // 备注         ：
  41          //**************************************************************        
  42          void  ADC_Convert(void)                                         
  43          {                                                                                                       
  44   1              ADCCR |= 0x08;                                                   //开始转换，ADCS置1
  45   1              while(!(ADCCR&0x10));                            //等待 ADC转换完成;本例选择Fosc/6分频，转换时间约42us时间
  46   1              ValueH=ADCVH;                                                    //ADC高8位存入8位寄存器
  47   1              ValueL=ADCVL;                                                    //ADC低2位存入8位寄存器
  48   1              adcdat = (ADCVH<<2)+ADCVL;                               //取得adc的值
  49   1              ADCCR &= 0xEF;                                                   //转换完毕，清EOC              
  50   1      }
  51          //*************************************************************
  52          // 函数名       ：void main()
C51 COMPILER V9.01   ADC                                                                   04/22/2012 10:08:09 PAGE 2   

  53          // 作者         ：
  54          // 功能         ：主函数
  55          // 参数         ：无
  56          // 返回值       ：无
  57          // 调用全局变量：无
  58          // 修改全局变量：无
  59          // 备注         ：
  60          //**************************************************************
  61          void main()
  62          {                                                                                               
  63   1              RSTCFG=0x0b;                            //LVR=3.5V,P1.0切换为IO
  64   1              WDTCR = 0x90;                           //1--1 -- 00    开WDT,WDT清0,WDT 524.288ms溢出;烧录时，可Code Option选择ENWDT
  65   1              ADC_init();
  66   1              for(; ;)
  67   1              {
  68   2                              ADC_Convert();          //ADC转换
  69   2              }               
  70   1                      
  71   1      
  72   1      }


MODULE INFORMATION:   STATIC OVERLAYABLE
   CODE SIZE        =     62    ----
   CONSTANT SIZE    =   ----    ----
   XDATA SIZE       =   ----    ----
   PDATA SIZE       =   ----    ----
   DATA SIZE        =      4    ----
   IDATA SIZE       =   ----    ----
   BIT SIZE         =   ----    ----
END OF MODULE INFORMATION.


C51 COMPILATION COMPLETE.  0 WARNING(S),  0 ERROR(S)
