C51 COMPILER V9.55   UART_INIT                                                             07/25/2019 10:18:59 PAGE 1   


C51 COMPILER V9.55, COMPILATION OF MODULE UART_INIT
OBJECT MODULE PLACED IN .\Objects\Uart_Init.obj
COMPILER INVOKED BY: C:\Keil_v5\C51\BIN\C51.EXE c\Uart_Init.c OPTIMIZE(8,SPEED) BROWSE DEBUG OBJECTEXTEND PRINT(.\Listin
                    -gs\Uart_Init.lst) OBJECT(.\Objects\Uart_Init.obj)

line level    source

   1          #include "H/Function_Init.H" 
   2          
   3          void Uart0_Init(uint Freq,unsigned long int baud);
   4          bit UartSendFlag = 0; //发送中断标志位
   5          bit UartReceiveFlag = 0; //接收中断标志位
   6          /*****************************************************
   7          *函数名称：void Uart0_Test(void)
   8          *函数功能：Uart0测试
   9          *入口参数：void
  10          *出口参数：void
  11          *****************************************************/
  12          void Uart0_Test(void)
  13          {
  14   1              Uart0_Init(16,9600);
  15   1              while(1)
  16   1              {
  17   2                      SBUF = 0x55;
  18   2                      while(!UartSendFlag);
  19   2                      UartSendFlag = 0;
  20   2              }
  21   1      }
  22          /*****************************************************
  23          *函数名称：void Uart0_Init(uint Freq,unsigned long int baud)
  24          *函数功能：Uart0中断初始化
  25          *入口参数：Freq-主频，baud-波特率
  26          *出口参数：void
  27          *****************************************************/
  28          void Uart0_Init(uint Freq,unsigned long int baud)    //选择Timer1作为波特率信号发生器
  29          {
  30   1              P2CON &= 0xFC;   //TX/RX设置为输入带上拉
  31   1              P2PH  |= 0x03;
  32   1              
  33   1              SCON  |= 0X50;   //设置通信方式为模式一，允许接收
  34   1              TMCON |= 0X02;
  35   1              TH1 = (Freq*1000000/baud)>>8;     //波特率为T1的溢出时间；
  36   1              TL1 = Freq*1000000/baud;
  37   1              TR1 = 0;
  38   1              ET1 = 0;
  39   1              EUART = 1;     //开启Uart0中断
  40   1              EA = 1;
  41   1      }
  42          /*
  43          void Uart0_Init(uint Freq,unsigned long int baud)    //选择Timer2作为波特率信号发生器
  44          {
  45                  SCON  |= 0X50;   //设置通信方式为模式一，允许接收
  46                  TMCON |= 0X04;
  47                  T2MOD = 0X00;
  48                  T2CON = 0X30;
  49                  RCAP2H = Freq*1000000/baud/256;
  50                  RCAP2L = Freq*1000000/baud%256;
  51                  TR2 = 0;
  52                  ET2 = 0;
  53                  EUART = 1;     //开启Uart0中断
  54                  EA = 1;
C51 COMPILER V9.55   UART_INIT                                                             07/25/2019 10:18:59 PAGE 2   

  55          }
  56          */
  57          
  58          /*****************************************************
  59          *函数名称：void UartInt(void) interrupt 4
  60          *函数功能：Uart0中断函数
  61          *入口参数：void
  62          *出口参数：void
  63          *****************************************************/
  64          void UartInt(void) interrupt 4
  65          {
  66   1              if(TI)
  67   1              {
  68   2                      TI = 0; 
  69   2                      UartSendFlag = 1;               
  70   2              }
  71   1              if(RI)
  72   1              {
  73   2                      RI = 0; 
  74   2                      UartReceiveFlag = 1;
  75   2              }       
  76   1      }


MODULE INFORMATION:   STATIC OVERLAYABLE
   CODE SIZE        =    132    ----
   CONSTANT SIZE    =   ----    ----
   XDATA SIZE       =   ----    ----
   PDATA SIZE       =   ----    ----
   DATA SIZE        =   ----       6
   IDATA SIZE       =   ----    ----
   BIT SIZE         =      2    ----
END OF MODULE INFORMATION.


C51 COMPILATION COMPLETE.  0 WARNING(S),  0 ERROR(S)
