C51 COMPILER V9.01   SLAVE_8_1                                                             04/09/2012 16:15:43 PAGE 1   


C51 COMPILER V9.01, COMPILATION OF MODULE SLAVE_8_1
OBJECT MODULE PLACED IN .\output\Slave_8_1.obj
COMPILER INVOKED BY: C:\Keil\C51\BIN\C51.EXE c\Slave_8_1.c BROWSE DEBUG OBJECTEXTEND PRINT(.\lst\Slave_8_1.lst) OBJECT(.
                    -\output\Slave_8_1.obj)

line level    source

   1          //************************************************************
   2          //  Copyright (c) 深圳市赛元微电子有限公司
   3          //      文件名称        : slave_8_1.c
   4          //      作者            : 
   5          //      模块功能        : SIF slave 8+1基础通讯模块
   6          //      局部函数列表:
   7          //  最后更正日期:
   8          //      版本            :
   9          //      更改记录        :
  10          //*************************************************************
  11          #include "H\SC91F73_C.H"
  12          
  13          //============================
  14          //模块内常量定义
  15          //============================
  16          #define         SIF_SLAVE_REVE_ACK              0x08            //SIF从8+1接收模式
  17          #define         SIF_SLAVE_SEND_ACK              0x0a            //SIF从8+1发送模式
  18          
  19          //=====================================
  20          //声明需要调用的全局变量
  21          //=====================================
  22          extern          unsigned char Sif_Rec_dat ;
  23          
  24          //*************************************************************
  25          // 函数名       ：void sif_init(void)
  26          // 作者         ：
  27          // 功能         ：sif初始化
  28          // 参数         ：无
  29          // 返回值       ：无
  30          // 调用全局变量：无
  31          // 修改全局变量：无
  32          // 备注         ：
  33          //**************************************************************
  34          void sif_init(void)
  35          {
  36   1              P1CFG1 &= 0xf0;         //设置P14、P15状态为准双向模式
  37   1              P1 |= 0x30;         //设置P14、P15输出高
  38   1              SIFCFG = SIF_SLAVE_REVE_ACK;  //选择SIF从8+1接收模式
  39   1              SIFCFG |= 0x80;         //打开SIF
  40   1              ESIF = 1;                       //开SIF中断     
  41   1      }
  42          
  43          //*************************************************************
  44          // 函数名       ：void Sif_Slave_Int() interrupt 5
  45          // 作者         ：
  46          // 功能         ：SIF 从模式中断机制
  47          // 参数         ：无
  48          // 返回值       ：无
  49          // 调用全局变量：无
  50          // 修改全局变量：无
  51          // 备注         ：
  52          //**************************************************************
  53          void Sif_Slave_Int() interrupt 5
  54          {
C51 COMPILER V9.01   SLAVE_8_1                                                             04/09/2012 16:15:43 PAGE 2   

  55   1              if(STRIF==1)
  56   1              {
  57   2                      STRIF = 0;                                      //接收完成start,中断标志清0             
  58   2              }
  59   1              else if(RXIF==1)
  60   1              {
  61   2                      RXIF = 0;                                       //数据接收完成,中断标志清0
  62   2                      Sif_Rec_dat = SIFTXD;           //保存接受数据
  63   2              }
  64   1              else if(STPIF==1)
  65   1              {
  66   2                      STPIF=0;                                        //接收完成stop,中断标志清0
  67   2              }
  68   1                      
  69   1      }
  70          


MODULE INFORMATION:   STATIC OVERLAYABLE
   CODE SIZE        =     36    ----
   CONSTANT SIZE    =   ----    ----
   XDATA SIZE       =   ----    ----
   PDATA SIZE       =   ----    ----
   DATA SIZE        =   ----    ----
   IDATA SIZE       =   ----    ----
   BIT SIZE         =   ----    ----
END OF MODULE INFORMATION.


C51 COMPILATION COMPLETE.  0 WARNING(S),  0 ERROR(S)
