C51 COMPILER V9.55   MAIN                                                                  07/25/2019 17:16:22 PAGE 1   


C51 COMPILER V9.55, COMPILATION OF MODULE MAIN
OBJECT MODULE PLACED IN .\Objects\main.obj
COMPILER INVOKED BY: C:\Keil_v5\C51\BIN\C51.EXE c\main.c OPTIMIZE(8,SPEED) BROWSE DEBUG OBJECTEXTEND PRINT(.\Listings\ma
                    -in.lst) OBJECT(.\Objects\main.obj)

line level    source

   1          #include "H/Function_Init.H"
   2          
   3          /**************************************************************
   4          Àµ√˜£∫
   5          1°¢Options for Target°ÆTarget1°Ø£∫BL51 Locate->Code Range:0x100£¨…’¬º—°œÓ«Î—°‘ÒDISRST£¨∏¥ŒªΩ≈◊˜Œ™∆’Õ®IO π”
             -√£ª
   6          2°¢∏ƒ±‰TESTµƒ∂®“Â£¨ø…“‘∑÷±≤‚ ‘∂‘”¶µƒπ¶ƒ‹£ª
   7          3°¢◊¢“‚£∫œ»‘⁄Function.H¿Ô√Ê—°‘Ò≤‚ ‘–Õ∫≈
   8          ***************************************************************/
   9          #define Test  3    //BTM:0 EXTI:1 Timer:2 PWM:3 SSI:4 ADC:5 IAP:6 
  10          
  11          void main(void)
  12          {
  13   1              IO_Init();
  14   1              WDTCON |= 0x10;             //«Âø¥√≈π∑
  15   1              OPERCON = 0X01;       //CHKSUM‘ÀÀ„
  16   1              _nop_();
  17   1          _nop_();
  18   1          _nop_();
  19   1          _nop_();
  20   1          _nop_();
  21   1          _nop_();
  22   1          _nop_();
  23   1          _nop_();
  24   1              switch(Test)
  25   1              {
  26   2                      case 0: BTM_Test();
  27   2                      break;
  28   2                      case 1: EXTI_Test();
  29   2                      break;
  30   2                      case 2: Timer_Test();
  31   2                      break;
  32   2                      case 3: PWM_Test();
  33   2                      break;
  34   2                      case 4: SSI_Test();
  35   2                      break;
  36   2                      case 5: IAP_Test(0x1fff,IapROM);   //≤Ÿ◊˜ROM£¨∂‘µÿ÷∑0x1fffΩ¯––∂¡–¥≤‚ ‘
  37   2      //                      IAP_Test(0x7f,IapEPPROM);   //≤Ÿ◊˜EPPROM£¨∂‘µÿ÷∑0x7fΩ¯––∂¡–¥≤‚ ‘
  38   2                      break;
  39   2                      default:
  40   2                      break;
  41   2              }
  42   1      }       


MODULE INFORMATION:   STATIC OVERLAYABLE
   CODE SIZE        =     66    ----
   CONSTANT SIZE    =   ----    ----
   XDATA SIZE       =   ----    ----
   PDATA SIZE       =   ----    ----
   DATA SIZE        =   ----    ----
   IDATA SIZE       =   ----    ----
   BIT SIZE         =   ----    ----
END OF MODULE INFORMATION.

C51 COMPILER V9.55   MAIN                                                                  07/25/2019 17:16:22 PAGE 2   


C51 COMPILATION COMPLETE.  0 WARNING(S),  0 ERROR(S)
