C51 COMPILER V9.55   PWM_INIT                                                              07/25/2019 10:21:58 PAGE 1   


C51 COMPILER V9.55, COMPILATION OF MODULE PWM_INIT
OBJECT MODULE PLACED IN .\Objects\PWM_Init.obj
COMPILER INVOKED BY: C:\Keil_v5\C51\BIN\C51.EXE c\PWM_Init.c OPTIMIZE(8,SPEED) BROWSE DEBUG OBJECTEXTEND PRINT(.\Listing
                    -s\PWM_Init.lst) OBJECT(.\Objects\PWM_Init.obj)

line level    source

   1          #include "H/Function_Init.H"
   2          
   3          void PWM_Init(void);
   4          /*****************************************************
   5          *函数名称：void PWM_Test(void)
   6          *函数功能：PWM测试
   7          *入口参数：void
   8          *出口参数：void
   9          *****************************************************/
  10          void PWM_Test(void)
  11          {
  12   1              PWM_Init();
  13   1              while(1)
  14   1              {
  15   2              }
  16   1      }
  17          /*****************************************************
  18          *函数名称：void PWM_Init(void)
  19          *函数功能：PWM初始化
  20          *入口参数：void
  21          *出口参数：void
  22          *****************************************************/
  23          void PWM_Init(void)
  24          {
  25   1              PWMCFG  = 0x00;         //输出不反向，系统时钟
  26   1              PWMCON  = 0X0f;
  27   1              PWMPRD  = 0x63;     //PWM周期=(99+1)*(1/Fosc)
  28   1              PWMDTY0 = 0x32;         //PWM0的Duty = 50/100 =1/2
  29   1              PWMDTY1 = 0x16;       
  30   1              PWMDTY2 = 0x32;
  31   1              PWMDTY3 = 0x16;      
  32   1              PWMCON |= 0x80;         //打开PWM使能端
  33   1      }


MODULE INFORMATION:   STATIC OVERLAYABLE
   CODE SIZE        =     30    ----
   CONSTANT SIZE    =   ----    ----
   XDATA SIZE       =   ----    ----
   PDATA SIZE       =   ----    ----
   DATA SIZE        =   ----    ----
   IDATA SIZE       =   ----    ----
   BIT SIZE         =   ----    ----
END OF MODULE INFORMATION.


C51 COMPILATION COMPLETE.  0 WARNING(S),  0 ERROR(S)
