C51 COMPILER V9.03   UART                                                                  08/16/2016 13:07:21 PAGE 1   


C51 COMPILER V9.03, COMPILATION OF MODULE UART
OBJECT MODULE PLACED IN .\output\UART.obj
COMPILER INVOKED BY: C:\Keil\C51\BIN\C51.EXE c\UART.C BROWSE DEBUG OBJECTEXTEND PRINT(.\lst\UART.lst) OBJECT(.\output\UA
                    -RT.obj)

line level    source

   1          //************************************************************
   2          //  Copyright (c) 深圳市赛元微电子有限公司
   3          //      文件名称        :
   4          //      作者            : 
   5          //      模块功能        : 
   6          //      局部函数列表:
   7          //  最后更正日期:
   8          //      版本            :
   9          //      更改记录        :rom前256byte禁止查表,因此在编译的时候，设置keil->option for Target->BL51 Locate->Code Range:
             -0x100
  10          //*************************************************************
  11          /****************************************************************/
  12          //SM0=0  工作模式1  1起始位 8数据位 1停止位  波特率可变
  13          //SM0=1  工作模式3  1起始位 8数据位 1个可编程的第9位1停止位  波特率可变
  14          //SM2   只对工作模式3有效，
  15          //TI：发送中断位  TI=1 发送完成，软件置0
  16          //RI：接收中断位  RI=1 接收完成，软件置0
  17          //REN：接收使能   0:不允许接收数据 1:允许接收数据
  18          //SBUF：数据缓冲区       一个发送移位寄存器和一个接收锁存器
  19          //BAUDGL/BAUDGH 共14位 总大小16384 
  20          //BAUDGH=x/256;         //16M 9600波特率 则BAUDG=417;
  21          //BAUDGL=x%256;                   4800波特率 则BAUDG=844;
  22          //                                               19200波特率 则BAUDG=209;
  23          //RXD P11
  24          //TXD P12
  25          /****************************************************************/
  26          
  27          #include "h\sc91f736_C.h"
  28          #define uchar unsigned char 
  29          #define LED0 P02
  30          #define LED1 P03
  31          #define LED2 P04
  32          #define LED3 P05
  33          bit flag;                       
  34          bit RI_FLAG=0; 
  35          unsigned char i; 
  36          
  37          void IOinit(void )
  38          {       
  39   1              P0CFG0=0x55;      //P02,P03强推挽输出
  40   1              P0CFG1=0x05;      //P04,P05强推挽输出
  41   1      }
  42          void init_uart_mode1(void)
  43          {
  44   1              SM0=0;                                          //模式1
  45   1              REN=1;                                          //允许接收
  46   1              EA=1;                                           //打开总中断
  47   1              EUART=1;                                        //开启串口中断
  48   1              BAUDGH=417/256;                         //16M 9600波特率 则BAUDG=417（392~443）;
  49   1              BAUDGL=417%256;                         //设置波特率的值
  50   1              BAUDGH=BAUDGH|0x80;                     //开启波特率
  51   1      }
  52          void uart()interrupt 4
  53          {       
C51 COMPILER V9.03   UART                                                                  08/16/2016 13:07:21 PAGE 2   

  54   1              if(TI)
  55   1              {
  56   2                      TI=0;           //中断进来要把TI清0
  57   2              }
  58   1              if(RI)                  //接收中断
  59   1              {
  60   2                      RI=0;           //中断进来要把RI清0     
  61   2                      RI_FLAG=1;
  62   2              }
  63   1      }
  64          void main()
  65          {
  66   1              RSTCFG=0X2A;                             //切换RstPin为GPIO,lvr选择3.5V复位
  67   1              WDTCR = 0x90;                           //1--1 -- 00    开WDT,WDT清0,WDT 262ms溢出;烧录时，可Code Option选择ENWDT
  68   1              IOinit();
  69   1              init_uart_mode1();
  70   1              while(1)
  71   1              {
  72   2                      WDTCR = 0x90;                           //1--1 -- 00    开WDT,WDT清0,WDT 262ms溢出;烧录时，可Code Option选择ENWDT               
  73   2                      if(RI_FLAG)                     //接收中断
  74   2                      {
  75   3                              RI_FLAG=0;
  76   3                              i=SBUF;         //把SBUF 数据赋值给i            
  77   3                              switch(i)       //判断接收的值是否正确
  78   3                              {
  79   4                                      case 0x01: LED0=~LED0;break;
  80   4                                      case 0x02: LED1=~LED1;break;
  81   4                                      case 0x03: LED2=~LED2;break;
  82   4                                      case 0x04: LED3=~LED3;break;
  83   4                                      default: break; 
  84   4                              } 
  85   3                              flag=1;         //收完一帧数据时则进行发送
  86   3                      }       
  87   2      
  88   2                      if(flag==1)
  89   2                      {
  90   3                              EUART=0;                //发送数据之前要把串口中断关掉
  91   3                              flag=0;                 //让接收下一数据时置1
  92   3                              SBUF=i;                 //把i数据发送到SBUF中
  93   3                              while(!TI);             //等待发送完成
  94   3                              EUART=1;                //打开中断进行下一个数据的接收
  95   3                      }
  96   2      
  97   2              }
  98   1      }


MODULE INFORMATION:   STATIC OVERLAYABLE
   CODE SIZE        =    110    ----
   CONSTANT SIZE    =   ----    ----
   XDATA SIZE       =   ----    ----
   PDATA SIZE       =   ----    ----
   DATA SIZE        =      1    ----
   IDATA SIZE       =   ----    ----
   BIT SIZE         =      2    ----
END OF MODULE INFORMATION.


C51 COMPILATION COMPLETE.  0 WARNING(S),  0 ERROR(S)
