C51 COMPILER V9.55   EX_INIT                                                               01/09/2019 16:34:56 PAGE 1   


C51 COMPILER V9.55, COMPILATION OF MODULE EX_INIT
OBJECT MODULE PLACED IN .\output\EX_Init.obj
COMPILER INVOKED BY: C:\Keil_v5\C51\BIN\C51.EXE c\EX_Init.c OPTIMIZE(8,SPEED) BROWSE NOINTPROMOTE DEBUG OBJECTEXTEND PRI
                    -NT(.\list\EX_Init.lst) OBJECT(.\output\EX_Init.obj)

line level    source

   1          #include "H/Function_Init.H"
   2          
   3          void EX_Init(void);
   4          uchar INT0_flag = 0x00;
   5          
   6          /*****************************************************
   7          *函数名称：void EX_Test(void)
   8          *函数功能：外部中断测试
   9          *入口参数：void
  10          *出口参数：void
  11          *****************************************************/
  12          void EX_Test(void)
  13          {
  14   1          EX_Init();
  15   1          while(1)
  16   1          {
  17   2          }
  18   1      }
  19          
  20          /*****************************************************
  21          *函数名称：void EX_Init(void)
  22          *函数功能：外部中断初始化
  23          *入口参数：void
  24          *出口参数：void
  25          *****************************************************/
  26          void EX_Init(void)
  27          {       
  28   1              //配置中断口INT00、INT01、INT13
  29   1              P1CON &= 0XFC;     //中断IO口设置为高阻输入
  30   1              P1PH  |= 0x03;     //中断IO口设置为高阻带上拉
  31   1              P2CON &= 0X7F;     //中断IO口设置为高阻输入
  32   1              P2PH  |= 0x80;     //中断IO口设置为高阻带上拉
  33   1       
  34   1              //配置INT00/INT01下降沿中断、INT13上升沿中断
  35   1          //下降沿设置        
  36   1              INT0F = 0X03 ;    //0000 xxxx  0关闭 1使能
  37   1              INT1F = 0X00 ;    //0000 xxxx  0关闭 1使能
  38   1      
  39   1          //上升沿设置        
  40   1              INT0R = 0X00 ;    //0000 xxxx  0关闭 1使能 
  41   1              INT1R = 0X08 ;    //0000 xxxx  0关闭 1使能
  42   1              
  43   1              //外部中断优先级设置
  44   1              IE  |= 0x05;    //0000 0x0x
  45   1              IP  |= 0X00;
  46   1              EA = 1;
  47   1      }
  48          
  49          /*****************************************************
  50          *函数名称：void EX0/1/2() interrupt     0/2/10
  51          *函数功能：外部中断函数
  52          *入口参数：void
  53          *出口参数：void
  54          *****************************************************/
C51 COMPILER V9.55   EX_INIT                                                               01/09/2019 16:34:56 PAGE 2   

  55          void EX0() interrupt    0
  56          {
  57   1          P25 = ~P25;
  58   1          if(P10 == 0)
  59   1              {
  60   2                      INT0_flag = 0x10; //INT24产生中断
  61   2              }
  62   1              if(P11 == 0)
  63   1              {
  64   2                      INT0_flag = 0x20; //INT25产生中断
  65   2              }
  66   1      }
  67          
  68          void EX1() interrupt    2
  69          {
  70   1          P26 = ~P26;   
  71   1      }
  72          


MODULE INFORMATION:   STATIC OVERLAYABLE
   CODE SIZE        =     52    ----
   CONSTANT SIZE    =   ----    ----
   XDATA SIZE       =   ----    ----
   PDATA SIZE       =   ----    ----
   DATA SIZE        =      1    ----
   IDATA SIZE       =   ----    ----
   BIT SIZE         =   ----    ----
END OF MODULE INFORMATION.


C51 COMPILATION COMPLETE.  0 WARNING(S),  0 ERROR(S)
