C51 COMPILER V9.55   LCD_INIT                                                              11/20/2018 11:16:06 PAGE 1   


C51 COMPILER V9.55, COMPILATION OF MODULE LCD_INIT
OBJECT MODULE PLACED IN .\output\LCD_Init.obj
COMPILER INVOKED BY: C:\Keil_v5\C51\BIN\C51.EXE c\LCD_Init.c OPTIMIZE(8,SPEED) BROWSE NOINTPROMOTE DEBUG OBJECTEXTEND PR
                    -INT(.\list\LCD_Init.lst) OBJECT(.\output\LCD_Init.obj)

line level    source

   1          #include "H/Function_Init.H"
   2          
   3          void LCD_Init(uchar VDD_1_2);
   4          void Delay(uint time);
   5          enum COM{COM0=1,COM1=2,COM2=4,COM3=8,COM4=16};
   6          /*****************************************************
   7          *函数名称：void LCD_Init(void)
   8          *函数功能：LCD初始化
   9          *入口参数：void
  10          *出口参数：void
  11          *****************************************************/
  12          void LCD_Test(void)
  13          {
  14   1          P2CON |= 0x1F;
  15   1          P2PH &= 0xE0;
  16   1              while(1)
  17   1              {    
  18   2              P2 |= 0x1f;        
  19   2              LCD_Init(~(COM0)); 
  20   2              Delay(100);
  21   2              LCD_Init(~(COM1)); 
  22   2              Delay(100);
  23   2              LCD_Init(~(COM2)); 
  24   2              Delay(100);
  25   2              LCD_Init(~(COM3)); 
  26   2              Delay(100);
  27   2              LCD_Init(~(COM4)); 
  28   2              Delay(100);
  29   2              
  30   2              P2 &= 0xE0;        
  31   2              LCD_Init(~(COM0)); 
  32   2              Delay(100);
  33   2              LCD_Init(~(COM1)); 
  34   2              Delay(100);
  35   2              LCD_Init(~(COM2)); 
  36   2              Delay(100);
  37   2              LCD_Init(~(COM3)); 
  38   2              Delay(100);
  39   2              LCD_Init(~(COM4)); 
  40   2              Delay(100);
  41   2              }
  42   1      }
  43          
  44          /*****************************************************
  45          *函数名称：void LCD_Init(uchar VDD_1_2)
  46          *函数功能：LCD初始化
  47          *入口参数：VDD_1_2
  48          *出口参数：void
  49          *****************************************************/
  50          void LCD_Init(uchar VDD_1_2)
  51          {
  52   1              P2VO = VDD_1_2;   //打开LCD电压输出功能，输出电压为1/2VDD
  53   1      //      OTCON |= 0x00;     //关闭内部分压电阻
  54   1      //      OTCON |= 0x04;     //设定内部分压电阻为25K
C51 COMPILER V9.55   LCD_INIT                                                              11/20/2018 11:16:06 PAGE 2   

  55   1      //      OTCON |= 0x08;     //设定内部分压电阻为50K
  56   1              OTCON |= 0x0C;     //设定内部分压电阻为100K
  57   1      }
  58          
  59          void Delay(uint time)
  60          {
  61   1          uint i = 0;
  62   1          for(i=0; i<100; i++)
  63   1          for(; time>0; time--)
  64   1          ;
  65   1      }


MODULE INFORMATION:   STATIC OVERLAYABLE
   CODE SIZE        =    135    ----
   CONSTANT SIZE    =   ----    ----
   XDATA SIZE       =   ----    ----
   PDATA SIZE       =   ----    ----
   DATA SIZE        =   ----    ----
   IDATA SIZE       =   ----    ----
   BIT SIZE         =   ----    ----
END OF MODULE INFORMATION.


C51 COMPILATION COMPLETE.  0 WARNING(S),  0 ERROR(S)
