C51 COMPILER V9.55   SPI_INIT                                                              01/09/2019 16:34:57 PAGE 1   


C51 COMPILER V9.55, COMPILATION OF MODULE SPI_INIT
OBJECT MODULE PLACED IN .\output\SPI_Init.obj
COMPILER INVOKED BY: C:\Keil_v5\C51\BIN\C51.EXE c\SPI_Init.c OPTIMIZE(8,SPEED) BROWSE NOINTPROMOTE DEBUG OBJECTEXTEND PR
                    -INT(.\list\SPI_Init.lst) OBJECT(.\output\SPI_Init.obj)

line level    source

   1          #include "H/Function_Init.H"
   2          
   3          void SPI_Init(void);
   4          
   5          bit SPIFlag = 0;         //SPI数据传输完成标志位
   6          /*****************************************************
   7          *函数名称：void SPI_Test(void)
   8          *函数功能：SPI测试
   9          *入口参数：void
  10          *出口参数：void
  11          *****************************************************/
  12          void SPI_Test(void)
  13          {
  14   1              SPI_Init();
  15   1              while(1)
  16   1              {
  17   2                      SPDAT = 0xAA;
  18   2                      while(!SPIFlag);
  19   2                      SPIFlag = 0;
  20   2              }
  21   1      }
  22          
  23          /*****************************************************
  24          *函数名称：void SPI_Init(void)
  25          *函数功能：SPI初始化
  26          *入口参数：void
  27          *出口参数：void
  28          *****************************************************/
  29          void SPI_Init(void)
  30          {
  31   1              SPCON = 0x3F; //设置SPI为主设备，SCK空闲时间为高电平，SCK周期第二沿采集数据，时钟速率为Fsys/512
  32   1              SPSTA = 0x01;   //允许发送中断
  33   1              SPCON |= 0x80; //开启SPI
  34   1              IE1 |= 0x01;
  35   1              EA = 1;
  36   1      }
  37          
  38          
  39          /*****************************************************
  40          *函数名称：void SpiInt() interrupt 7
  41          *函数功能：SPI中断函数
  42          *入口参数：void
  43          *出口参数：void
  44          *****************************************************/
  45          void SpiInt(void) interrupt 7    //SPI中断函数
  46          {         
  47   1              if(SPSTA&0X08)    //发送缓存器空标志判断
  48   1              {
  49   2                      SPSTA &= ~0X08;
  50   2              }
  51   1              if(SPSTA&0X80)    //数据传输标志位判断
  52   1              {
  53   2                      SPSTA &= ~0X80;
  54   2                      SPIFlag = 1;
C51 COMPILER V9.55   SPI_INIT                                                              01/09/2019 16:34:57 PAGE 2   

  55   2              }
  56   1      }


MODULE INFORMATION:   STATIC OVERLAYABLE
   CODE SIZE        =     51    ----
   CONSTANT SIZE    =   ----    ----
   XDATA SIZE       =   ----    ----
   PDATA SIZE       =   ----    ----
   DATA SIZE        =   ----    ----
   IDATA SIZE       =   ----    ----
   BIT SIZE         =      1    ----
END OF MODULE INFORMATION.


C51 COMPILATION COMPLETE.  0 WARNING(S),  0 ERROR(S)
