C51 COMPILER V9.55   SSI_INIT                                                              05/03/2018 15:50:08 PAGE 1   


C51 COMPILER V9.55, COMPILATION OF MODULE SSI_INIT
OBJECT MODULE PLACED IN .\output\SSI_Init.obj
COMPILER INVOKED BY: C:\Keil_v5\C51\BIN\C51.EXE c\SSI_Init.c OPTIMIZE(8,SPEED) BROWSE NOINTPROMOTE DEBUG OBJECTEXTEND PR
                    -INT(.\list\SSI_Init.lst) OBJECT(.\output\SSI_Init.obj)

line level    source

   1          #include "H/Function_Init.H"
   2          
   3          //选择三合一模式：
   4          #define  Uart1  0
   5          #define  TWI    1
   6          #define  SPI    2
   7          
   8          #define  SSI_Mode  Uart1
   9          
  10          void Uart1_Init(uint Freq,unsigned long int BaudRate);
  11          void TWI_Init(void);
  12          void SPI_Init(void);
  13          
  14          bit Uart1SendFlag = 0;    //Uart发送中断标志位
  15          bit Uart1ReceiveFlag = 0; //Uart接收中断标志位
  16          bit SPIFlag = 0;         //SPI数据传输完成标志位
  17          bit TWIFlag = 0;         //中断标志位
  18          /*****************************************************
  19          *函数名称：void SSI_Test(void)
  20          *函数功能：SSI测试
  21          *入口参数：void
  22          *出口参数：void
  23          *****************************************************/
  24          void SSI_Test(void)
  25          {
  26   1      #if (SSI_Mode == Uart1)
  27   1              Uart1_Init(12,9600);
  28   1              while(1)
  29   1              {
  30   2                      SSDAT = 0xAA;
*** ERROR C202 IN LINE 30 OF c\SSI_Init.c: 'SSDAT': undefined identifier
  31   2                      while(!Uart1SendFlag);
  32   2                      Uart1SendFlag = 0;
  33   2              }
  34   1      #endif
  35   1              
  36   1      #if (SSI_Mode == TWI)
                      TWI_Init();
                      while(1)
                      {
                      }
              #endif
  42   1      
  43   1      #if (SSI_Mode == SPI)
                      SPI_Init();
                      while(1)
                      {
                              SSDAT = 0xAA;
                              while(!SPIFlag);
                              SPIFlag = 0;
                      }
              #endif  
  52   1      }
  53          /*****************************************************
C51 COMPILER V9.55   SSI_INIT                                                              05/03/2018 15:50:08 PAGE 2   

  54          *函数名称：void Uart1_Init(uint Freq,unsigned long int baud)
  55          *函数功能：Uart1中断初始化
  56          *入口参数：Freq-主频，baud-波特率
  57          *出口参数：Freq,baud
  58          *****************************************************/
  59          void Uart1_Init(uint Freq,unsigned long int baud)
  60          {
  61   1              P2CON &= 0xFC;   //TX设置为强推挽输出高，RX设置为输入带上拉
  62   1              P2CON |= 0x01;
  63   1              P2PH  |= 0x02;
  64   1              P20 = 1;
  65   1              
  66   1              OTCON = 0xC0;    //串行接口SSI选择Uart1通信
  67   1              SSCON0 = 0x50;   //设置通信方式为模式一，允许接收
*** ERROR C202 IN LINE 67 OF c\SSI_Init.c: 'SSCON0': undefined identifier
  68   1              SSCON1 = Freq*1000000/baud/16;   //波特率低位控制
*** ERROR C202 IN LINE 68 OF c\SSI_Init.c: 'SSCON1': undefined identifier
  69   1              SSCON2 = (Freq*1000000/baud/16)>>8;   //波特率高位控制
*** ERROR C202 IN LINE 69 OF c\SSI_Init.c: 'SSCON2': undefined identifier
  70   1              IE1 = 0x01;      //开启SSI中断
  71   1          EA = 1;     
  72   1      }
  73          
  74          /*****************************************************
  75          *函数名称：void TWI_Init(void)
  76          *函数功能：TWI初始化
  77          *入口参数：void
  78          *出口参数：void
  79          *****************************************************/
  80          void TWI_Init(void)
  81          {
  82   1              OTCON = 0x80;  //选择TWI模式
  83   1              SSCON0 = 0x80;  // ---- x---  0为不允许接收，1为允许接收
*** ERROR C202 IN LINE 83 OF c\SSI_Init.c: 'SSCON0': undefined identifier
  84   1              SSCON1 = 0x01;  //xxxx xxxy  x为地址寄存器，y为0禁止/1允许通用地址响应
*** ERROR C202 IN LINE 84 OF c\SSI_Init.c: 'SSCON1': undefined identifier
  85   1              IE1 = 0x01;
  86   1              EA = 1;
  87   1      }
  88          
  89          /*****************************************************
  90          *函数名称：void TWI_Init(void)
  91          *函数功能：TWI初始化
  92          *入口参数：void
  93          *出口参数：void
  94          *****************************************************/
  95          void SPI_Init(void)
  96          {
  97   1              OTCON = 0X40;  //选择SPI模式
  98   1              SSCON0 = 0x2F; //设置SPI为主设备，SCK空闲时间为低电平，SCK周期第二沿采集数据，时钟速率为Fsys/512
*** ERROR C202 IN LINE 98 OF c\SSI_Init.c: 'SSCON0': undefined identifier
  99   1              SSCON1 = 0x01;   //允许发送中断
*** ERROR C202 IN LINE 99 OF c\SSI_Init.c: 'SSCON1': undefined identifier
 100   1              SSCON0 |= 0x80; //开启SPI
*** ERROR C202 IN LINE 100 OF c\SSI_Init.c: 'SSCON0': undefined identifier
 101   1              IE1 = 0x01;
 102   1              EA = 1;
 103   1      }
 104          
 105          
 106          /*****************************************************
 107          *函数名称：void TWI_Int() interrupt 7
C51 COMPILER V9.55   SSI_INIT                                                              05/03/2018 15:50:08 PAGE 3   

 108          *函数功能：SSI中断函数
 109          *入口参数：void
 110          *出口参数：void
 111          *****************************************************/
 112          #if (SSI_Mode == Uart1)
 113          void Uart1_Int() interrupt 7   //Uart1中断函数
 114          {
 115   1              if(SSCON0&0x02)    //接收标志位判断
*** ERROR C202 IN LINE 115 OF c\SSI_Init.c: 'SSCON0': undefined identifier
 116   1              {
 117   2                      SSCON0 &= 0xFD;
*** ERROR C202 IN LINE 117 OF c\SSI_Init.c: 'SSCON0': undefined identifier
 118   2                      Uart1SendFlag = 1;
 119   2              }
 120   1              if((SSCON0&0x01))  //发送标志位判断
*** ERROR C202 IN LINE 120 OF c\SSI_Init.c: 'SSCON0': undefined identifier
 121   1              {
 122   2                      SSCON0 &= 0xFE;
*** ERROR C202 IN LINE 122 OF c\SSI_Init.c: 'SSCON0': undefined identifier
 123   2                      Uart1ReceiveFlag = 1;
 124   2              }       
 125   1      }
 126          #endif
 127          
 128          #if (SSI_Mode == TWI)
              void TWI_Int() interrupt 7     //TWI中断函数
              {
                      if(SSCON0&0x40)
                      {
                              SSCON0 &= 0xbf;  //中断清零
                              TWIFlag = 1;
                      }       
              }
              #endif 
 138          
 139          #if (SSI_Mode == SPI)
              void SpiInt(void) interrupt 7    //SPI中断函数
              {         
                      if(SSCON1&0X08)    //发送缓存器空标志判断
                      {
                              SSCON1 &= ~0X08;
                      }
                      if(SSCON1&0X80)    //数据传输标志位判断
                      {
                              SSCON1 &= ~0X80;
                              SPIFlag = 1;
                      }
              }
              #endif 

C51 COMPILATION COMPLETE.  0 WARNING(S),  13 ERROR(S)
