C51 COMPILER V9.55   TIMER_INIT                                                            11/19/2018 17:47:07 PAGE 1   


C51 COMPILER V9.55, COMPILATION OF MODULE TIMER_INIT
OBJECT MODULE PLACED IN .\output\Timer_Init.obj
COMPILER INVOKED BY: C:\Keil_v5\C51\BIN\C51.EXE c\Timer_Init.c OPTIMIZE(8,SPEED) BROWSE NOINTPROMOTE DEBUG OBJECTEXTEND 
                    -PRINT(.\list\Timer_Init.lst) OBJECT(.\output\Timer_Init.obj)

line level    source

   1          #include "H/Function_Init.H"
   2          
   3          void Timer_Init(void);
   4          
   5          /****************************************************
   6          *函数名称：void Timer_Test(void)
   7          *函数功能：Timer测试
   8          *入口参数：void
   9          *出口参数：void
  10          ****************************************************/
  11          void Timer_Test(void)
  12          {
  13   1          Timer_Init();
  14   1          while(1)
  15   1          {
  16   2          }
  17   1      }
  18          
  19          /*****************************************************
  20          *函数名称：void Timer_Init(void)
  21          *函数功能：T0/T1/T2初始化
  22          *入口参数：void
  23          *出口参数：void
  24          *****************************************************/
  25          void Timer_Init(void)
  26          { 
  27   1              TMCON = 0X07;                   //------111 ;Timer0、Tiemr1和Tiemr2选择时钟Fsys
  28   1              //T0设置
  29   1              TMOD = 0x11;                    //0001 0001  ;Timer0和Timer1设置工作方式1
  30   1              TL0 = (65536 - 12000)%256;      //溢出时间：时钟为Fsys，则12000/4*（1/Fsys）;
  31   1              TH0 = (65536 - 12000)/256;
  32   1              TR0 = 0;
  33   1              ET0 = 1;                        //定时器0允许
  34   1              TR0 = 1;                        //打开定时器0
  35   1              //T1设置
  36   1              TL1 = (65536 - 24000)%256;      //溢出时间：时钟为Fsys，则24000/4*（1/Fsys）;
  37   1              TH1 = (65536 - 24000)/256;
  38   1              TR1 = 0;
  39   1              ET1 = 1;                        //定时器1允许
  40   1              TR1 = 1;                        //打开定时器1
  41   1              //T2设置
  42   1              T2MOD = 0x00;
  43   1              T2CON = 0x00;                   //设置为16位重载寄存器
  44   1              RCAP2H = (65536 - 48000)/256;   //溢出时间：时钟为Fsys，则12000/4*（1/Fsys）;
  45   1              RCAP2L = (65536 - 48000)%256;
  46   1              TR2 = 0;
  47   1              ET2 = 1;                        //定时器2允许
  48   1              TR2 = 1;                        //打开定时器2   
  49   1              EA = 1; 
  50   1      }
  51          
  52          /**************************************************
  53          *函数名称：void timer0/1() interrupt 1/3
  54          *函数功能：定时器中断产生方波
C51 COMPILER V9.55   TIMER_INIT                                                            11/19/2018 17:47:07 PAGE 2   

  55          *入口参数：void
  56          *出口参数：void
  57          **************************************************/
  58          void timer0() interrupt 1
  59          {
  60   1          TL0 = (65536 - 12000)%256;
  61   1              TH0 = (65536 - 12000)/256;
  62   1              P25 = ~P25;     
  63   1      }
  64          
  65          void timer1() interrupt 3
  66          {
  67   1          TL1 = (65536 - 24000)%256;
  68   1              TH1 = (65536 - 24000)/256;
  69   1              P26 = ~P26;
  70   1      }
  71          
  72          void Timer2Int(void) interrupt 5
  73          {               
  74   1              TF2 = 0;   //溢出清零
  75   1          P27 = ~P27;
  76   1      }


MODULE INFORMATION:   STATIC OVERLAYABLE
   CODE SIZE        =     78    ----
   CONSTANT SIZE    =   ----    ----
   XDATA SIZE       =   ----    ----
   PDATA SIZE       =   ----    ----
   DATA SIZE        =   ----    ----
   IDATA SIZE       =   ----    ----
   BIT SIZE         =   ----    ----
END OF MODULE INFORMATION.


C51 COMPILATION COMPLETE.  0 WARNING(S),  0 ERROR(S)
