C51 COMPILER V9.55   ADC_INIT                                                              07/25/2019 10:23:09 PAGE 1   


C51 COMPILER V9.55, COMPILATION OF MODULE ADC_INIT
OBJECT MODULE PLACED IN .\Objects\ADC_Init.obj
COMPILER INVOKED BY: C:\Keil_v5\C51\BIN\C51.EXE c\ADC_Init.c OPTIMIZE(8,SPEED) BROWSE DEBUG OBJECTEXTEND PRINT(.\Listing
                    -s\ADC_Init.lst) OBJECT(.\Objects\ADC_Init.obj)

line level    source

   1          #include "H/Function_Init.H"
   2          
   3          void ADC_Init(uint Channel);
   4          unsigned int ADCValue = 0x0000;
   5          bit AdcFlag = 0;
   6          enum Channel {AIN0=0,AIN1,AIN2,AIN3,AIN4,AIN5,AIN6,VDD4=31};
   7          /*****************************************************
   8          *函数名称：void ADC_Test(void)
   9          *函数功能：ADC测试
  10          *入口参数：void
  11          *出口参数：void
  12          *****************************************************/
  13          void ADC_Test(void)
  14          {
  15   1              ADC_Init(AIN6);
  16   1              while(1)
  17   1              {
  18   2                      ADCCON |= 0X40;   //开始ADC转换
  19   2                  while(!AdcFlag);    //等待 ADC转换完成;
  20   2                      AdcFlag = 0;
  21   2                  ADCValue=(ADCVH<<4)+(ADCVL>>4);  //ADC采样值
  22   2              }
  23   1      }
  24          /*****************************************************
  25          *函数名称：void ADC_Init(uint Channel)
  26          *函数功能：ADC初始化
  27          *入口参数：Channel
  28          *出口参数：void
  29          *****************************************************/
  30          void ADC_Init(uint Channel)
  31          {
  32   1              ADCCON = 0X80|Channel;          //开启ADC,选择Channel位ADC采样口
  33   1              if(Channel<8)
  34   1              {
  35   2                      ADCCFG0 = 1<<Channel;   //设置Channel作为采样口
  36   2              }
  37   1              ADCCFG1 = 0x04;           //设置ADC时钟频率为Fosc/8
  38   1              IE |= 0X40;                //开启ADC中断
  39   1              EA = 1;
  40   1      }
  41          
  42          
  43          void ADC_Interrupt(void) interrupt 6
  44          {
  45   1              ADCCON&=~(0X20);  //清中断标志位
  46   1              AdcFlag = 1;
  47   1      }


MODULE INFORMATION:   STATIC OVERLAYABLE
   CODE SIZE        =     83    ----
   CONSTANT SIZE    =   ----    ----
   XDATA SIZE       =   ----    ----
   PDATA SIZE       =   ----    ----
C51 COMPILER V9.55   ADC_INIT                                                              07/25/2019 10:23:09 PAGE 2   

   DATA SIZE        =      2    ----
   IDATA SIZE       =   ----    ----
   BIT SIZE         =      1    ----
END OF MODULE INFORMATION.


C51 COMPILATION COMPLETE.  0 WARNING(S),  0 ERROR(S)
