C51 COMPILER V9.55   PWM_INIT                                                              07/25/2019 10:27:12 PAGE 1   


C51 COMPILER V9.55, COMPILATION OF MODULE PWM_INIT
OBJECT MODULE PLACED IN .\Objects\PWM_Init.obj
COMPILER INVOKED BY: C:\Keil_v5\C51\BIN\C51.EXE c\PWM_Init.c OPTIMIZE(8,SPEED) BROWSE DEBUG OBJECTEXTEND PRINT(.\Listing
                    -s\PWM_Init.lst) OBJECT(.\Objects\PWM_Init.obj)

line level    source

   1          #include "H/Function_Init.H"
   2          
   3          void PWM_Init(void);
   4          /*****************************************************
   5          *函数名称：void PWM_Test(void)
   6          *函数功能：PWM测试
   7          *入口参数：void
   8          *出口参数：void
   9          *****************************************************/
  10          void PWM_Test(void)
  11          {
  12   1              PWM_Init();
  13   1              while(1)
  14   1              {
  15   2              }
  16   1      }
  17          /*****************************************************
  18          *函数名称：void PWM_Init(void)
  19          *函数功能：PWM初始化
  20          *入口参数：void
  21          *出口参数：void
  22          *****************************************************/
  23          void PWM_Init(void)
  24          {
  25   1              PWMCFG0 = 0X07; //PWM2/1/0输出不反向，PWM5/4/3输出到IO口
  26   1              PWMCFG1 = 0X00; //PWM5/4/3输出不反向
  27   1              PWMCON  = 0X3b; //PWM2/1/0输出到IO口，PWM时钟源为fsys/8 
  28   1              PWMPRD  = 199;  //周期100us
  29   1              PWMDTY0 = 100;  //占空比50%
  30   1              PWMDTY1 = 100;
  31   1              PWMDTY2 = 100;
  32   1              PWMDTY3 = 100;
  33   1              PWMDTY4 = 100;
  34   1              PWMDTY5 = 100;
  35   1              PWMCON |= 0x80;     //开启PWM
  36   1              IE1 |= 0x02;        //开启PWM中断
  37   1              EA = 1;
  38   1      }
  39          
  40          /*****************************************************
  41          *函数名称：void PWMInt(void) interrupt 8
  42          *函数功能：PWM中断函数
  43          *入口参数：void
  44          *出口参数：void
  45          *****************************************************/
  46          void PWMInt(void) interrupt 8
  47          {       
  48   1              P20=~P20;         
  49   1      }


MODULE INFORMATION:   STATIC OVERLAYABLE
   CODE SIZE        =     47    ----
   CONSTANT SIZE    =   ----    ----
C51 COMPILER V9.55   PWM_INIT                                                              07/25/2019 10:27:12 PAGE 2   

   XDATA SIZE       =   ----    ----
   PDATA SIZE       =   ----    ----
   DATA SIZE        =   ----    ----
   IDATA SIZE       =   ----    ----
   BIT SIZE         =   ----    ----
END OF MODULE INFORMATION.


C51 COMPILATION COMPLETE.  0 WARNING(S),  0 ERROR(S)
