C51 COMPILER V9.55   TIMER_INIT                                                            07/25/2019 10:30:17 PAGE 1   


C51 COMPILER V9.55, COMPILATION OF MODULE TIMER_INIT
OBJECT MODULE PLACED IN .\Objects\Timer_Init.obj
COMPILER INVOKED BY: C:\Keil_v5\C51\BIN\C51.EXE c\Timer_Init.c OPTIMIZE(8,SPEED) BROWSE DEBUG OBJECTEXTEND PRINT(.\Listi
                    -ngs\Timer_Init.lst) OBJECT(.\Objects\Timer_Init.obj)

line level    source

   1          #include "H/Function_Init.H"
   2          
   3          void Timer_Init(void);
   4          /*****************************************************
   5          *函数名称：void Timer_Test(void);
   6          *函数功能：T0/T1/T2测试
   7          *入口参数：void
   8          *出口参数：void
   9          *****************************************************/
  10          void Timer_Test(void)
  11          {
  12   1              Timer_Init();
  13   1              while(1)
  14   1              {
  15   2              }
  16   1      }
  17          /*****************************************************
  18          *函数名称：void Timer_Init(void)
  19          *函数功能：T0/T1/T2初始化
  20          *入口参数：void
  21          *出口参数：void
  22          *****************************************************/
  23          void Timer_Init(void)
  24          { 
  25   1              TMCON = 0X07;    //------111 ;Timer0、Tiemr1和Tiemr2选择时钟Fsys
  26   1              
  27   1              //T0设置
  28   1              TMOD |= 0x01;                 //0000 0001;Timer0设置工作方式1
  29   1              TL0 = (65536 - 24000)%256;    //溢出时间：时钟为Fsys，则24000*（1/Fsys）;
  30   1              TH0 = (65536 - 24000)/256;
  31   1              TR0 = 0;
  32   1              ET0 = 1;//定时器0允许
  33   1              TR0 = 1;//打开定时器0
  34   1              //T1设置
  35   1              TMOD |= 0x20;            //0010 0000;Timer1设置工作方式2
  36   1              TL1 = 256 - 240;   //溢出时间：时钟为Fsys，则240*（1/Fsys）;
  37   1              TH1 = 256 - 240;
  38   1              TR1 = 0;
  39   1              ET1 = 1;//定时器1允许
  40   1              TR1 = 1;//打开定时器1
  41   1              //T2设置
  42   1              T2MOD = 0x00;
  43   1              T2CON = 0x00;    //设置为16位重载寄存器
  44   1              RCAP2H = (65536-48000)/256;     //溢出时间：时钟为Fsys，则48000*（1/Fsys）;
  45   1              RCAP2L = (65536-48000)%256;
  46   1              TR2 = 0;
  47   1              ET2 = 1;//定时器2允许
  48   1              TR2 = 1;//打开定时器2           
  49   1              /*
  50   1              //Timer2捕获功能
  51   1              T2CON = 0X09; //使能EXT2，16位捕获模式
  52   1              T2MOD = 0X00;
  53   1              TH2 = 0X00;
  54   1              TL2 = 0X00;
C51 COMPILER V9.55   TIMER_INIT                                                            07/25/2019 10:30:17 PAGE 2   

  55   1              RCAP2H = 0X00;
  56   1              RCAP2L = 0X00;
  57   1              TR2 = 0;
  58   1              ET2 = 1;//定时器2允许
  59   1              TR2 = 1;//打开定时器2   
  60   1              */
  61   1              
  62   1              EA = 1; 
  63   1      }
  64          
  65          /**************************************************
  66          *函数名称：void timer0/1/2() interrupt 1/3/5
  67          *函数功能：定时器中断产生方波
  68          *入口参数：void
  69          *出口参数：void
  70          **************************************************/
  71          void timer0() interrupt 1
  72          {
  73   1          TL0 = (65536 - 24000)%256;
  74   1              TH0 = (65536 - 24000)/256;
  75   1              P24 = ~P24;     
  76   1      }
  77          
  78          void timer1() interrupt 3
  79          {
  80   1              P25 = ~P25;
  81   1      }
  82          
  83          void Timer2Int(void) interrupt 5
  84          {               
  85   1              TF2 = 0;   //溢出清零
  86   1          P26 = ~P26;
  87   1      }


MODULE INFORMATION:   STATIC OVERLAYABLE
   CODE SIZE        =     75    ----
   CONSTANT SIZE    =   ----    ----
   XDATA SIZE       =   ----    ----
   PDATA SIZE       =   ----    ----
   DATA SIZE        =   ----    ----
   IDATA SIZE       =   ----    ----
   BIT SIZE         =   ----    ----
END OF MODULE INFORMATION.


C51 COMPILATION COMPLETE.  0 WARNING(S),  0 ERROR(S)
