C51 COMPILER V9.55   ADC_INIT                                                              10/31/2019 13:53:46 PAGE 1   


C51 COMPILER V9.55, COMPILATION OF MODULE ADC_INIT
OBJECT MODULE PLACED IN .\Objects\ADC_Init.obj
COMPILER INVOKED BY: C:\Keil_v5\C51\BIN\C51.EXE c\ADC_Init.c OPTIMIZE(8,SPEED) BROWSE DEBUG OBJECTEXTEND PRINT(.\Listing
                    -s\ADC_Init.lst) OBJECT(.\Objects\ADC_Init.obj)

line level    source

   1          #include "H/Function_Init.H"
   2          
   3          void ADC_Init(uint Channel);
   4          unsigned int ADCValue = 0x0000;
   5          bit AdcFlag = 0;
   6          
   7          /***********ADC采样口选择*************/
   8          #if (IC_MODEL == SC92F7402)
                  enum Channel {AIN0=0,AIN1,AIN2,AIN3,AIN4,AIN5,AIN6,VDD4=31};
              #endif
  11              
  12          #if (IC_MODEL == SC92F7401)
  13              enum Channel {AIN0=0,AIN1,AIN4=4,AIN5,AIN6,VDD4=31};
  14          #endif
  15              
  16          /*****************************************************
  17          *函数名称：void ADC_Test(void)
  18          *函数功能：ADC测试
  19          *入口参数：void
  20          *出口参数：void
  21          *****************************************************/
  22          void ADC_Test(void)
  23          {
  24   1              ADC_Init(AIN6);
  25   1              while(1)
  26   1              {
  27   2                      ADCCON |= 0X40;   //开始ADC转换
  28   2                  while(!AdcFlag);    //等待 ADC转换完成;
  29   2                      AdcFlag = 0;
  30   2                  ADCValue=(ADCVH<<4)+(ADCVL>>4);  //ADC采样值
  31   2              }
  32   1      }
  33          /*****************************************************
  34          *函数名称：void ADC_Init(uint Channel)
  35          *函数功能：ADC初始化
  36          *入口参数：Channel
  37          *出口参数：void
  38          *****************************************************/
  39          void ADC_Init(uint Channel)
  40          {
  41   1              ADCCON = 0X80|Channel;          //开启ADC,选择Channel位ADC采样口
  42   1              if(Channel<8)
  43   1              {
  44   2                      ADCCFG0 = 1<<Channel;   //设置Channel作为采样口
  45   2              }
  46   1              ADCCFG1 = 0x04;           //设置ADC时钟频率为Fosc/8
  47   1              IE |= 0X40;                //开启ADC中断
  48   1              EA = 1;
  49   1      }
  50          
  51          
  52          void ADC_Interrupt(void) interrupt 6
  53          {
  54   1              ADCCON&=~(0X20);  //清中断标志位
C51 COMPILER V9.55   ADC_INIT                                                              10/31/2019 13:53:46 PAGE 2   

  55   1              AdcFlag = 1;
  56   1      }


MODULE INFORMATION:   STATIC OVERLAYABLE
   CODE SIZE        =     83    ----
   CONSTANT SIZE    =   ----    ----
   XDATA SIZE       =   ----    ----
   PDATA SIZE       =   ----    ----
   DATA SIZE        =      2    ----
   IDATA SIZE       =   ----    ----
   BIT SIZE         =      1    ----
END OF MODULE INFORMATION.


C51 COMPILATION COMPLETE.  0 WARNING(S),  0 ERROR(S)
