C51 COMPILER V9.55   IO_INIT                                                               10/31/2019 13:56:27 PAGE 1   


C51 COMPILER V9.55, COMPILATION OF MODULE IO_INIT
OBJECT MODULE PLACED IN .\Objects\IO_Init.obj
COMPILER INVOKED BY: C:\Keil_v5\C51\BIN\C51.EXE c\IO_Init.c OPTIMIZE(8,SPEED) BROWSE DEBUG OBJECTEXTEND PRINT(.\Listings
                    -\IO_Init.lst) OBJECT(.\Objects\IO_Init.obj)

line level    source

   1          #include "H/Function_Init.H"
   2          /*****************************************************
   3          *函数名称：void IO_Init(void)
   4          *函数功能：IO初始化
   5          *入口参数：void
   6          *出口参数：void
   7          *****************************************************/
   8          void IO_Init(void)
   9          {
  10   1          #if (IC_MODEL == SC92F7402)  //SC92F7402引脚定义
                      P0CON = 0x00;  //设置P0为高阻输入模式
                      P0PH  = 0x00;           
                      P1CON = 0x00;  //设置P1为高阻带上拉模式
                      P1PH  = 0xFF;
                      P2CON = 0xFF;  //设置P2为强推挽模式
                      P2PH  = 0x00;
                  #endif
  18   1          
  19   1          #if (IC_MODEL == SC92F7401)  //SC92F7401引脚定义
  20   1              P0CON = 0x00;  //设置P0为高阻输入模式
  21   1              P0PH  = 0x00;           
  22   1              P1CON = 0x00;  //设置P1为高阻带上拉模式
  23   1              P1PH  = 0xFF;
  24   1              P2CON = 0xFF;  //设置P2为强推挽模式
  25   1              P2PH  = 0x00;
  26   1          SC92F7401_NIO_Init(); //未引出IO口配置
  27   1          #endif
  28   1      }


MODULE INFORMATION:   STATIC OVERLAYABLE
   CODE SIZE        =     22    ----
   CONSTANT SIZE    =   ----    ----
   XDATA SIZE       =   ----    ----
   PDATA SIZE       =   ----    ----
   DATA SIZE        =   ----    ----
   IDATA SIZE       =   ----    ----
   BIT SIZE         =   ----    ----
END OF MODULE INFORMATION.


C51 COMPILATION COMPLETE.  0 WARNING(S),  0 ERROR(S)
