C51 COMPILER V9.03   128K                                                                  06/30/2017 17:41:44 PAGE 1   


C51 COMPILER V9.03, COMPILATION OF MODULE 128K
OBJECT MODULE PLACED IN .\output\128K.obj
COMPILER INVOKED BY: D:\keil\C51\BIN\C51.EXE c\128K.C BROWSE DEBUG OBJECTEXTEND PRINT(.\list\128K.lst) OBJECT(.\output\1
                    -28K.obj)

line level    source

   1          //************************************************************
   2          //  Copyright (c) 深圳市赛元微电子有限公司
   3          //      文件名称        : 
   4          //      作者            : 
   5          //      模块功能        : 
   6          //      局部函数列表:
   7          //  最后更正日期:
   8          //      版本            :
   9          //      更改记录        :rom前256byte禁止查表,因此在编译的时候，设置keil->option for Target->BL51 Locate->Code Range:
             -0x100
  10          //*************************************************************
  11          #include "h\SC92F732X_C.h"
  12          unsigned int count;
  13          
  14          
  15          //**************************************************************
  16          void RC128K_init()
  17          {
  18   1              IE1 &=0XFB;      //关闭Base Timer中断
  19   1              BTMCON=0x86; //启动开始计数，每1秒产生一个interrupt;
  20   1              IE1 |=0X04;      //允许Base Timer中断
  21   1      }
  22          //*************************************************************
  23          // 函数名       ：
  24          // 作者         ：
  25          // 功能         ：每次中断，计数器加1
  26          // 参数         ：无
  27          // 返回值       ：无
  28          // 调用全局变量：无
  29          // 修改全局变量：无
  30          // 备注         ：
  31          //**************************************************************
  32          void RC128K() interrupt 9
  33          {
  34   1              count++;                                         //计数器加1；
  35   1              if(count==3600) 
  36   1                      count=0;                                                
  37   1      }
  38          void main()
  39          {
  40   1              WDTCON  = 0x10;                         //清看门狗，500ms溢出
  41   1              RC128K_init();
  42   1              EA=1;                                           //开总中断
  43   1              while(1)
  44   1              {
  45   2                      WDTCON |= 0x10;                         //清看门狗              
  46   2              }
  47   1      }


MODULE INFORMATION:   STATIC OVERLAYABLE
   CODE SIZE        =     54    ----
   CONSTANT SIZE    =   ----    ----
   XDATA SIZE       =   ----    ----
C51 COMPILER V9.03   128K                                                                  06/30/2017 17:41:44 PAGE 2   

   PDATA SIZE       =   ----    ----
   DATA SIZE        =      2    ----
   IDATA SIZE       =   ----    ----
   BIT SIZE         =   ----    ----
END OF MODULE INFORMATION.


C51 COMPILATION COMPLETE.  0 WARNING(S),  0 ERROR(S)
