C51 COMPILER V9.03   SPI_SLAVE                                                             05/03/2017 17:29:25 PAGE 1   


C51 COMPILER V9.03, COMPILATION OF MODULE SPI_SLAVE
OBJECT MODULE PLACED IN .\output\SPI_SLAVE.obj
COMPILER INVOKED BY: D:\keil\C51\BIN\C51.EXE c\SPI_SLAVE.c BROWSE DEBUG OBJECTEXTEND PRINT(.\list\SPI_SLAVE.lst) OBJECT(
                    -.\output\SPI_SLAVE.obj)

line level    source

   1          //************************************************************
   2          //  Copyright (c) 深圳市赛元微电子有限公司
   3          //      文件名称        :
   4          //      作者            : 
   5          //      模块功能        : 
   6          //      局部函数列表:
   7          //  最后更正日期:
   8          //      版本            :
   9          //      更改记录        :rom前256byte禁止查表,因此在编译的时候，设置keil->option for Target->BL51 Locate->Code Range:
             -0x100
  10          //*************************************************************
  11          
  12          #include "h\SC93F5312_C.h"
  13          
  14          #define master 1
  15          #define slaver 0
  16          
  17          void delay(unsigned int timer)
  18          {
  19   1              for(;timer>0;timer--);
  20   1      }
  21          
  22          void IoInit(void)
  23          {
  24   1              P1CON=0XFF;
  25   1              P2CON=0XFF;
  26   1              P1=0XFF;
  27   1              P2=0XFF;
  28   1      }
  29          
  30          void SpiIoInit(void)
  31          {
  32   1              //SCK=P25  MOSI=P26  MISO=P27
  33   1              P2CON=0x9f;                              
  34   1              P2PH=0x60;
  35   1      }
  36          
  37          void SpiInit(unsigned char mode,unsigned char clk,bit MorS)
  38          {
  39   1              SPCON=0X00;                                      //清零
  40   1              SPCON|=(mode<<3);                        //第一沿或第二沿采集数据
  41   1              SPCON|=clk;                                      //时钟分频
  42   1              if(MorS) {SPCON|=0X20;}          //主机或从机
  43   1              SPCON |=0x80;                            //SPI使能
  44   1      
  45   1              SPSTA=0x0;                   //第二位控制高低位优先传输
  46   1      }
  47          
  48          void main(void)
  49          {
  50   1              IoInit();
  51   1              SpiIoInit(); 
  52   1              SpiInit(0x1,0x5,slaver);         //第二沿采集数据 128分频 从机模式               
  53   1              IE1|=0X01;
C51 COMPILER V9.03   SPI_SLAVE                                                             05/03/2017 17:29:25 PAGE 2   

  54   1              EA=1;
  55   1              while(1)
  56   1              {
  57   2                      ;
  58   2              }
  59   1      }
  60          
  61          void SpiInt(void) interrupt 7
  62          {
  63   1              if((SPSTA&0x80)==0x80)           //每次进中断，必须bit3=1；bit=1，表示1个byte结束，否则是TXE进来的
  64   1              {
  65   2                      if(SPDAT==0x55)                  //接收数据是否为0x55
  66   2                      {
  67   3                              P12=~P12;
  68   3                      }
  69   2                      SPSTA&=~0x88;                    //清数据传输以及发送缓存器标志位
  70   2              }
  71   1              else
  72   1              {
  73   2                      delay(5);
  74   2                      SPSTA=0X01;
  75   2              }
  76   1              SPSTA&=~0x88;                            //清数据传输以及发送缓存器标志位
  77   1              P14=~P14;delay(1);
  78   1              P14=~P14;delay(1);
  79   1              P14=~P14;delay(1);       
  80   1      }


MODULE INFORMATION:   STATIC OVERLAYABLE
   CODE SIZE        =    151    ----
   CONSTANT SIZE    =   ----    ----
   XDATA SIZE       =   ----    ----
   PDATA SIZE       =   ----    ----
   DATA SIZE        =   ----    ----
   IDATA SIZE       =   ----    ----
   BIT SIZE         =   ----       1
END OF MODULE INFORMATION.


C51 COMPILATION COMPLETE.  0 WARNING(S),  0 ERROR(S)
