C51 COMPILER V9.03   UART                                                                  06/30/2017 18:03:50 PAGE 1   


C51 COMPILER V9.03, COMPILATION OF MODULE UART
OBJECT MODULE PLACED IN .\output\UART.obj
COMPILER INVOKED BY: D:\keil\C51\BIN\C51.EXE c\UART.c BROWSE DEBUG OBJECTEXTEND PRINT(.\list\UART.lst) OBJECT(.\output\U
                    -ART.obj)

line level    source

   1          //************************************************************
   2          //  Copyright (c) 深圳市赛元微电子有限公司
   3          //      文件名称        :
   4          //      作者            : 
   5          //      模块功能        : 
   6          //      局部函数列表:
   7          //  最后更正日期:
   8          //      版本            :
   9          //      更改记录        :rom前256byte禁止查表,因此在编译的时候，设置keil->option for Target->BL51 Locate->Code Range:
             -0x100
  10          //*************************************************************
  11          #include "h\SC92F732X_C.h"
  12          
  13          bit flag;
  14          bit RI_FLAG=0;
  15          unsigned char i;
  16          
  17          void IOinit(void )
  18          {       
  19   1              P1CON |=0X08;      //P13设置为输出      
  20   1              P1CON &=0XFB;      //P12设置为输入      
  21   1              P1PH  &=0XF7;      //P13上拉电阻关闭
  22   1              P1PH  |=0X04;      //P12上拉电阻打开
  23   1              P13=1;
  24   1              P12=1;
  25   1      }
  26          
  27          void init_uart_mode1(void)
  28          {
  29   1         SCON=0X50;   //方式1，允许接收数据
  30   1         PCON |=0X80; //方式1
  31   1         T2CON=0x00;  //使用定时器1作UART时钟
  32   1         TMOD=0X20;   //定时器1  8位自动重载
  33   1         TMCON=0X02;  //定时器1  4分频
  34   1         TL1=217;             
  35   1         TH1=217;             //UART 波特率9600；
  36   1         TR1=0;
  37   1         ET1=1;
  38   1         TR1=1;
  39   1         EUART=1;
  40   1      }
  41          
  42          void timer1()interrupt 3                //Timer1向量号 3
  43          {
  44   1      }
  45          
  46          void uart()interrupt 4
  47          {       
  48   1              if(TI)
  49   1              {
  50   2                      TI=0;                      //中断进来要把TI清0
  51   2              }
  52   1              if(RI)                             //接收中断
  53   1              {
C51 COMPILER V9.03   UART                                                                  06/30/2017 18:03:50 PAGE 2   

  54   2                      RI=0;                      //中断进来要把RI清0  
  55   2                      RI_FLAG=1;
  56   2              }
  57   1      }
  58          
  59          void main()
  60          {
  61   1              WDTCON  = 0x10;                         //清看门狗，500ms溢出
  62   1              EA=1;                       //开总中断；
  63   1              IOinit();
  64   1              init_uart_mode1();
  65   1          P1CON = 0XFF;
  66   1              while(1)
  67   1              {
  68   2                      WDTCON |= 0x10;                 //清看门狗              
  69   2                      if(RI_FLAG)                         //接收中断
  70   2                      {
  71   3                              RI_FLAG=0;
  72   3                              i=SBUF;                 //把SBUF 数据赋值给i            
  73   3                              flag=1;                 //收完一帧数据时则进行发送
  74   3                      }       
  75   2      
  76   2                      if(flag==1)
  77   2                      {
  78   3                              EUART=0;                    //发送数据之前要把串口中断关掉
  79   3                              flag=0;                     //让接收下一数据时置1
  80   3                              SBUF=i;                     //把i数据发送到SBUF中
  81   3                              while(!TI);                 //等待发送完成
  82   3                              EUART=1;                    //打开中断进行下一个数据的接收
  83   3                      }
  84   2              }
  85   1      }
  86          


MODULE INFORMATION:   STATIC OVERLAYABLE
   CODE SIZE        =    105    ----
   CONSTANT SIZE    =   ----    ----
   XDATA SIZE       =   ----    ----
   PDATA SIZE       =   ----    ----
   DATA SIZE        =      1    ----
   IDATA SIZE       =   ----    ----
   BIT SIZE         =      2    ----
END OF MODULE INFORMATION.


C51 COMPILATION COMPLETE.  0 WARNING(S),  0 ERROR(S)
