C51 COMPILER V9.03   73                                                                    10/23/2012 18:17:09 PAGE 1   


C51 COMPILER V9.03, COMPILATION OF MODULE 73
OBJECT MODULE PLACED IN 73.OBJ
COMPILER INVOKED BY: d:\Keil\C51\BIN\C51.EXE 73.c BROWSE DEBUG OBJECTEXTEND

line level    source

   1          //73_IOÄ£Äâ(Ö÷)
   2          #include"SC91F73_C.H"
   3          #define sda  P15
   4          #define scl  P14
   5          void GPIO_init()
   6          {
   7   1              RSTCFG=0X0B;
   8   1              P1CFG0=0X00;
   9   1              P1CFG1=0X00;
  10   1              P3CFG0=0X55;
  11   1              P3CFG1=0X55;
  12   1      }
  13          void delay()
  14          {
  15   1              unsigned int i,j;
  16   1              for(i=0;i<700;i++)
  17   1                      for(j=0;j<700;j++);
  18   1      }
  19          void init()
  20          {
  21   1              sda=1;
  22   1              scl=1;  
  23   1      }
  24          void start()
  25          {
  26   1              sda=1;
  27   1              scl=1;
  28   1              sda=0;
  29   1              scl=0;
  30   1      }
  31          void send(unsigned char Sdata)
  32          {
  33   1              unsigned char i;
  34   1              for(i=0;i<8;i++)
  35   1              {
  36   2                      Sdata=(Sdata<<1);
  37   2                      scl=0;          
  38   2                      sda=CY; 
  39   2                      scl=1;          
  40   2              }
  41   1              scl=0;
  42   1              sda=1;  
  43   1      }
  44          unsigned char read()
  45          {
  46   1              unsigned char i,Rdata;
  47   1              scl=0;
  48   1              for(i=0;i<8;i++)
  49   1              {
  50   2                      scl=1;
  51   2                      Rdata=(Rdata<<1)|sda;           
  52   2                      scl=0;          
  53   2              }
  54   1              sda=1;
  55   1              return Rdata;   
C51 COMPILER V9.03   73                                                                    10/23/2012 18:17:09 PAGE 2   

  56   1      }
  57          void stop()
  58          {
  59   1              scl=0;
  60   1              sda=0;
  61   1              scl=1;
  62   1              sda=1;
  63   1      }
  64          void master_respond()
  65          {
  66   1              sda=0;
  67   1              scl=1;
  68   1              scl=0;
  69   1              sda=1;
  70   1      }
  71          void slave_respond()
  72          {
  73   1              unsigned char i;
  74   1              scl=1;
  75   1              while((sda==1)&&(i<1))  i++;
  76   1              scl=0;
  77   1      }
  78          void main()
  79          {
  80   1              unsigned char temp=0;
  81   1              GPIO_init();
  82   1              init();
  83   1              while(1)
  84   1              {
  85   2                      start();
  86   2                      send(0x02);
  87   2                      slave_respond();
  88   2                      stop();
  89   2      //              delay();
  90   2      //              temp=read();
  91   2      //              if(temp==0x88)
  92   2      //                      P3=temp;
  93   2      //              master_respond();
  94   2      /*              stop();
  95   2                      delay();
  96   2                      start();
  97   2                      delay();
  98   2                      temp=read();
  99   2                      if(temp==0x11)
 100   2                              P3=temp;
 101   2                      master_respond();
 102   2                      stop();
 103   2                      delay();*/      
 104   2              }                       
 105   1      }


MODULE INFORMATION:   STATIC OVERLAYABLE
   CODE SIZE        =    166    ----
   CONSTANT SIZE    =   ----    ----
   XDATA SIZE       =   ----    ----
   PDATA SIZE       =   ----    ----
   DATA SIZE        =   ----       2
   IDATA SIZE       =   ----    ----
   BIT SIZE         =   ----    ----
END OF MODULE INFORMATION.


C51 COMPILATION COMPLETE.  0 WARNING(S),  0 ERROR(S)
