C51 COMPILER V9.01   MASTER_8_1_W_N                                                        08/24/2012 12:51:41 PAGE 1   


C51 COMPILER V9.01, COMPILATION OF MODULE MASTER_8_1_W_N
OBJECT MODULE PLACED IN .\output\Master_8_1_w_n.obj
COMPILER INVOKED BY: C:\Keil\C51\BIN\C51.EXE c\Master_8_1_w_n.c BROWSE DEBUG OBJECTEXTEND PRINT(.\lst\Master_8_1_w_n.lst
                    -) OBJECT(.\output\Master_8_1_w_n.obj)

line level    source

   1          //************************************************************
   2          //  Copyright (c) 深圳市赛元微电子有限公司
   3          //      文件名称        : master_8_1.c
   4          //      作者            : 
   5          //      模块功能        : SIF master 8+1读写通讯
   6          //      局部函数列表:
   7          //  最后更正日期:
   8          //      版本            :
   9          //      更改记录        : SIF master (单）多字节写，slaver无响应,进入stop
  10          //*************************************************************
  11          #include "H\SC91F73_C.H"
  12          #include "H\Master_8_1.H"
  13          //============================
  14          //静态局部变量定义
  15          //============================
  16          
  17          static  unsigned char send_dat_buff[3]={0x31,0x5a,0xa5};
  18          
  19          //============================
  20          //模块内常量定义
  21          //============================
  22          #define SIF_WDat_Num                    3                       //写字节的个数
  23          #define false                                   0
  24          #define ture                                    1
  25          
  26          
  27          //============================
  28          //内部函数声明
  29          //============================
  30          bit Sif_Write_N_Byte(void);
  31          void I2C_Usdelay(unsigned int delay);
  32          
  33          //******************************************************************
  34          // 函数名       ：void I2C_Usdelay(unsigned int delay)
  35          // 作者         ：
  36          // 功能         ：通信延时函数
  37          // 参数         ：无
  38          // 返回值       ：无
  39          // 调用全局变量：无
  40          // 修改全局变量：无
  41          // 备注         ：
  42          //******************************************************************
  43          void I2C_Usdelay(unsigned int delay)
  44          {
  45   1              while(delay)
  46   1              {
  47   2                      delay--;
  48   2              }
  49   1      }
  50          
  51          //*************************************************************
  52          // 函数名       ：void Sif_Write_N_Byte(void)
  53          // 作者         ：
  54          // 功能         ：(单）多字节写
C51 COMPILER V9.01   MASTER_8_1_W_N                                                        08/24/2012 12:51:41 PAGE 2   

  55          // 参数         ：无
  56          // 返回值       ：0/1
  57          // 调用全局变量：无
  58          // 修改全局变量：无
  59          // 备注         ：
  60          //**************************************************************
  61          bit  Sif_Write_N_Byte(void)
  62          {
  63   1              unsigned char i;
  64   1              for(i=0;i<SIF_WDat_Num;i++)
  65   1                      {
  66   2                              send_byte(send_dat_buff[i]); //发送字节
  67   2                      
  68   2                              if(!sif_waitack())                      //判断是否有响应,如果没有响应，进入Stop
  69   2                                      {                                       
  70   3                                              send_stop();
  71   3                                              I2C_Usdelay(50);        
  72   3                                              return  (false);        //方便资料准备
  73   3                                              
  74   3                                      }                                       
  75   2                      }
  76   1              
  77   1                      send_stop();                                            //发送停止信号
  78   1               I2C_Usdelay(50);                                       //方便资料准备
  79   1               return (ture);
  80   1                              
  81   1      }
  82          void main()
  83          {
  84   1              RSTCFG = 0x0b;
  85   1              sif_init();                                               //SIF初始化
  86   1              for(;;)
  87   1              {                       
  88   2                      send_start();                           //SIF通讯start,写Nbyte，读Nbyte会用到
  89   2                      Sif_Write_N_Byte();                     //写N byte数据
  90   2                              
  91   2              }
  92   1      }


MODULE INFORMATION:   STATIC OVERLAYABLE
   CODE SIZE        =     77    ----
   CONSTANT SIZE    =   ----    ----
   XDATA SIZE       =   ----    ----
   PDATA SIZE       =   ----    ----
   DATA SIZE        =      3       1
   IDATA SIZE       =   ----    ----
   BIT SIZE         =   ----    ----
END OF MODULE INFORMATION.


C51 COMPILATION COMPLETE.  0 WARNING(S),  0 ERROR(S)
