C51 COMPILER V9.55   EX_INIT                                                               07/25/2019 17:11:09 PAGE 1   


C51 COMPILER V9.55, COMPILATION OF MODULE EX_INIT
OBJECT MODULE PLACED IN .\Objects\EX_Init.obj
COMPILER INVOKED BY: C:\Keil_v5\C51\BIN\C51.EXE c\EX_Init.c OPTIMIZE(8,SPEED) BROWSE DEBUG OBJECTEXTEND PRINT(.\Listings
                    -\EX_Init.lst) OBJECT(.\Objects\EX_Init.obj)

line level    source

   1          #include "H/Function_Init.H"
   2          
   3          void EX_Init(void);
   4          uchar INT1_flag = 0x00;
   5          /*****************************************************
   6          *函数名称：void EXTI_Test(void)
   7          *函数功能：外部中断测试
   8          *入口参数：void
   9          *出口参数：void
  10          *****************************************************/
  11          void EXTI_Test(void)
  12          {
  13   1              EX_Init();
  14   1              while(1)
  15   1              {                                       
  16   2              }
  17   1      }
  18          /*****************************************************
  19          *函数名称：void EX_Init(void)
  20          *函数功能：外部中断初始化
  21          *入口参数：void
  22          *出口参数：void
  23          *****************************************************/
  24          void EX_Init(void)
  25          {       
  26   1              //配置中断口INT07、INT14/15、INT20/21
  27   1              P0CON &= 0X7F;     //中断IO口设置为高阻输入
  28   1              P0PH  |= 0x80;     //中断IO口设置为高阻带上拉
  29   1              P1CON &= 0XCF;     //中断IO口设置为高阻输入
  30   1              P1PH  |= 0x30;     //中断IO口设置为高阻带上拉
  31   1              P2CON &= 0XFC;     //中断IO口设置为高阻输入
  32   1              P2PH  |= 0x03;     //中断IO口设置为高阻带上拉
  33   1       
  34   1              //配置INT07上升沿中断、INT14/15下降沿中断、INT20/21双沿中断
  35   1          //下降沿设置        
  36   1              INT0F = 0X00 ;    //xxxx 0000  0关闭 1使能
  37   1              INT1F = 0X30 ;    //xxxx xxxx  0关闭 1使能
  38   1          INT2F = 0X03 ;    //0000 xxxx  0关闭 1使能
  39   1          //上升沿设置        
  40   1              INT0R = 0X80 ;    //xxxx 0000  0关闭 1使能 
  41   1              INT1R = 0X00 ;    //xxxx xxxx  0关闭 1使能
  42   1              INT2R = 0X03 ;    //0000 xxxx  0关闭 1使能      
  43   1              
  44   1              //外部中断优先级设置
  45   1              IE  |= 0x05;    //0000 0x0x
  46   1              IE1 |= 0x08;    //0000 x000  INT2使能
  47   1              IP  |= 0X00;
  48   1              IP1 |= 0X00;
  49   1              EA = 1;
  50   1      }
  51          
  52          /*****************************************************
  53          *函数名称：void EX0/1/2() interrupt     0/2/10
  54          *函数功能：外部中断函数
C51 COMPILER V9.55   EX_INIT                                                               07/25/2019 17:11:09 PAGE 2   

  55          *入口参数：void
  56          *出口参数：void
  57          *****************************************************/
  58          void EX0() interrupt    0
  59          {
  60   1          P02 = ~P02;
  61   1      }
  62          
  63          void EX1() interrupt    2
  64          {
  65   1          P03 = ~P03;
  66   1              if(P14 == 0)
  67   1              {
  68   2               INT1_flag = 0x10; //INT14产生中断
  69   2              }
  70   1              if(P15 == 0)
  71   1              {
  72   2               INT1_flag = 0x20; //INT15产生中断
  73   2              }
  74   1      }
  75          
  76          void EX2() interrupt    10
  77          {
  78   1          P04 = ~P04;
  79   1      }


MODULE INFORMATION:   STATIC OVERLAYABLE
   CODE SIZE        =     70    ----
   CONSTANT SIZE    =   ----    ----
   XDATA SIZE       =   ----    ----
   PDATA SIZE       =   ----    ----
   DATA SIZE        =      1    ----
   IDATA SIZE       =   ----    ----
   BIT SIZE         =   ----    ----
END OF MODULE INFORMATION.


C51 COMPILATION COMPLETE.  0 WARNING(S),  0 ERROR(S)
