C51 COMPILER V9.55   PWM_INIT                                                              07/25/2019 17:11:10 PAGE 1   


C51 COMPILER V9.55, COMPILATION OF MODULE PWM_INIT
OBJECT MODULE PLACED IN .\Objects\PWM_Init.obj
COMPILER INVOKED BY: C:\Keil_v5\C51\BIN\C51.EXE c\PWM_Init.c OPTIMIZE(8,SPEED) BROWSE DEBUG OBJECTEXTEND PRINT(.\Listing
                    -s\PWM_Init.lst) OBJECT(.\Objects\PWM_Init.obj)

line level    source

   1          #include "H/Function_Init.H"
   2          
   3          #if (IC_MODEL == SC92F7447 || IC_MODEL == SC92F7446)
   4          unsigned int xdata PWMRD_40  _at_  0x740;
   5          unsigned int xdata PWMRD_41  _at_  0x742;
   6          unsigned int xdata PWMRD_42  _at_  0x744;
   7          unsigned int xdata PWMRD_43  _at_  0x746;
   8          unsigned int xdata PWMRD_50  _at_  0x748;
   9          unsigned int xdata PWMRD_51  _at_  0x74A;
  10          unsigned int xdata PWMRD_52  _at_  0x74C;
  11          unsigned int xdata PWMRD_53  _at_  0x74E;
  12          #endif
  13          
  14          unsigned int xdata PWMRD_Temp;
  15          void PWM_Init(void);
  16          /*****************************************************
  17          *函数名称：void PWM_Test(void)
  18          *函数功能：PWM测试
  19          *入口参数：void
  20          *出口参数：void
  21          *****************************************************/
  22          void PWM_Test(void)
  23          {
  24   1              PWM_Init();
  25   1              while(1)
  26   1              {
  27   2              }
  28   1      }
  29          /*****************************************************
  30          *函数名称：void PWM_Init(void)
  31          *函数功能：PWM初始化
  32          *入口参数：void
  33          *出口参数：void
  34          *****************************************************/
  35          void PWM_Init(void)
  36          {
  37   1              //设置了周期为200us，占空比为50%的PWM波形
  38   1              PWMCON = 0x7F;           //周期设置低8位,200us
  39   1          PWMCFG = 0x8C;           //7:开关  5-4：时钟源选择  3-0：周期设置高4位      
  40   1              PWMRD_Temp = 0x8000 | 0x640;     //PWM的占空比调节寄存只可写,所以可借用变量PWMRD_temp来读写占空比的值
  41   1              PWMRD_41 = PWMRD_Temp;
  42   1      }


MODULE INFORMATION:   STATIC OVERLAYABLE
   CODE SIZE        =     32    ----
   CONSTANT SIZE    =   ----    ----
   XDATA SIZE       =      2    ----
   PDATA SIZE       =   ----    ----
   DATA SIZE        =   ----    ----
   IDATA SIZE       =   ----    ----
   BIT SIZE         =   ----    ----
END OF MODULE INFORMATION.


C51 COMPILATION COMPLETE.  0 WARNING(S),  0 ERROR(S)
