C51 COMPILER V9.01   SLAVE_8_1_S                                                           05/21/2012 14:19:35 PAGE 1   


C51 COMPILER V9.01, COMPILATION OF MODULE SLAVE_8_1_S
OBJECT MODULE PLACED IN .\output\Slave_8_1_s.obj
COMPILER INVOKED BY: C:\Keil\C51\BIN\C51.EXE c\Slave_8_1_s.c BROWSE DEBUG OBJECTEXTEND PRINT(.\lst\Slave_8_1_s.lst) OBJE
                    -CT(.\output\Slave_8_1_s.obj)

line level    source

   1          //************************************************************
   2          //  Copyright (c) 深圳市赛元微电子有限公司
   3          //      文件名称        : slave_8_1.c
   4          //      作者            : 
   5          //      模块功能        : SIF slave 8+1基础通讯模块
   6          //      局部函数列表:
   7          //  最后更正日期:
   8          //      版本            :
   9          //      更改记录        : 从向主发送1Byte的数据，完成发送，切换接收状态，接收主的Stop信号。
  10          //*************************************************************
  11          #include "H\SC91F73_C.H"
  12          
  13          //============================
  14          //模块内常量定义
  15          //============================
  16          #define         SIF_SLAVE_RECE_ACK              0x08            //SIF从8+1接收模式
  17          #define         SIF_SLAVE_SEND_ACK              0x0a            //SIF从8+1发送模式
  18          
  19          #define         BS(SFR,NUM)             (SFR|=(1<<NUM))
  20          #define         BC(SFR,NUM)             (SFR&=~(1<<NUM))
  21          
  22          #define         SIF_SET_RECE    (BC(SIFCFG,1))            //设置SIF接收状态
  23          #define         SIF_SET_SEND    (BS(SIFCFG,1))            //设置SIF发送状态
  24          //=====================================
  25          //声明需要调用的全局变量
  26          //=====================================
  27          extern          unsigned char Sif_Send_dat ;
  28          
  29          //*************************************************************
  30          // 函数名       ：void sif_init(void)
  31          // 作者         ：
  32          // 功能         ：sif初始化
  33          // 参数         ：无
  34          // 返回值       ：无
  35          // 调用全局变量：无
  36          // 修改全局变量：无
  37          // 备注         ：
  38          //**************************************************************
  39          void sif_init(void)
  40          {
  41   1              P1CFG1 &= 0xF0;         //设置P11、P12状态为准双向模式
  42   1              P1 |= 0x30;         //设置P11、P12输出高
  43   1              SIFCFG = SIF_SLAVE_SEND_ACK;  //选择SIF从8+1发送模式
  44   1              SIFCFG |= 0x80;         //打开SIF
  45   1              ESIF = 1;                       //开SIF中断     
  46   1      }
  47          
  48          //*************************************************************
  49          // 函数名       ：void Sif_Slave_Int() interrupt 5
  50          // 作者         ：
  51          // 功能         ：SIF 从模式中断机制
  52          // 参数         ：无
  53          // 返回值       ：无
  54          // 调用全局变量：无
C51 COMPILER V9.01   SLAVE_8_1_S                                                           05/21/2012 14:19:35 PAGE 2   

  55          // 修改全局变量：无
  56          // 备注         ：
  57          //**************************************************************
  58          void Sif_Slave_Int() interrupt 5
  59          {
  60   1              if(STRIF==1)
  61   1              {
  62   2                      STRIF = 0;                                      //接收完成start,中断标志清0
  63   2                      SIFTXD = Sif_Send_dat;          //准备发送的数据
  64   2                      SIF_SET_SEND;                      //slave切换为发送状态，发送1byte的数据
  65   2              }
  66   1              else if(TXIF==1)
  67   1              {
  68   2                      TXIF = 0;                                       //数据发送完成,中断标志清0
  69   2                      SIF_SET_RECE;              //发送完成1byte,slave切换为接收状态
  70   2              }
  71   1              else if(STPIF==1)
  72   1              {
  73   2                      STPIF=0;                                        //接收完成stop,中断标志清0
  74   2              }
  75   1                      
  76   1      }
  77          


MODULE INFORMATION:   STATIC OVERLAYABLE
   CODE SIZE        =     42    ----
   CONSTANT SIZE    =   ----    ----
   XDATA SIZE       =   ----    ----
   PDATA SIZE       =   ----    ----
   DATA SIZE        =   ----    ----
   IDATA SIZE       =   ----    ----
   BIT SIZE         =   ----    ----
END OF MODULE INFORMATION.


C51 COMPILATION COMPLETE.  0 WARNING(S),  0 ERROR(S)
