C51 COMPILER V9.55   EX_INIT                                                               01/09/2019 16:37:54 PAGE 1   


C51 COMPILER V9.55, COMPILATION OF MODULE EX_INIT
OBJECT MODULE PLACED IN .\output\EX_Init.obj
COMPILER INVOKED BY: C:\Keil_v5\C51\BIN\C51.EXE c\EX_Init.c OPTIMIZE(8,SPEED) BROWSE NOINTPROMOTE DEBUG OBJECTEXTEND PRI
                    -NT(.\list\EX_Init.lst) OBJECT(.\output\EX_Init.obj)

line level    source

   1          #include "H/Function_Init.H"
   2          
   3          void EX_Init(void);
   4          uchar INT2_flag = 0x00;
   5          
   6          /*****************************************************
   7          *函数名称：void EX_Test(void)
   8          *函数功能：外部中断测试
   9          *入口参数：void
  10          *出口参数：void
  11          *****************************************************/
  12          void EX_Test(void)
  13          {
  14   1          EX_Init();
  15   1          while(1)
  16   1          {
  17   2          }
  18   1      }
  19          
  20          /*****************************************************
  21          *函数名称：void EX_Init(void)
  22          *函数功能：外部中断初始化
  23          *入口参数：void
  24          *出口参数：void
  25          *****************************************************/
  26          void EX_Init(void)
  27          {       
  28   1              //配置中断口INT03、INT11、INT24/25
  29   1              P1CON &= 0Xd7;     //中断IO口设置为高阻输入
  30   1              P1PH  |= 0x28;     //中断IO口设置为高阻带上拉
  31   1              P2CON &= 0XFC;     //中断IO口设置为高阻输入
  32   1              P2PH  |= 0x03;     //中断IO口设置为高阻带上拉
  33   1       
  34   1              //配置INT03上升沿中断、INT11双沿中断、INT24/25下降沿中断
  35   1          //下降沿设置        
  36   1              INT0F = 0X00 ;    //xxxx 0000  0关闭 1使能
  37   1              INT1F = 0X02 ;    //xxxx xxxx  0关闭 1使能
  38   1          INT2F = 0X30 ;    //0000 xxxx  0关闭 1使能
  39   1          //上升沿设置        
  40   1              INT0R = 0X08 ;    //xxxx 0000  0关闭 1使能 
  41   1              INT1R = 0X02 ;    //xxxx xxxx  0关闭 1使能
  42   1              INT2R = 0X00 ;    //0000 xxxx  0关闭 1使能      
  43   1              
  44   1              //外部中断优先级设置
  45   1              IE  |= 0x05;    //0000 0x0x
  46   1              IE1 |= 0x08;    //0000 x000  INT2使能
  47   1              IP  |= 0X00;
  48   1              IP1 |= 0X00;
  49   1              EA = 1;
  50   1      }
  51          
  52          /*****************************************************
  53          *函数名称：void EX0/1/2() interrupt     0/2/10
  54          *函数功能：外部中断函数
C51 COMPILER V9.55   EX_INIT                                                               01/09/2019 16:37:54 PAGE 2   

  55          *入口参数：void
  56          *出口参数：void
  57          *****************************************************/
  58          void EX0() interrupt    0
  59          {
  60   1          P23 = ~P23;
  61   1      }
  62          
  63          void EX1() interrupt    2
  64          {
  65   1          P24 = ~P24;
  66   1      }
  67          
  68          void EX2() interrupt    10
  69          {
  70   1          P25 = ~P25;
  71   1          if(P20 == 0)
  72   1              {
  73   2                      INT2_flag = 0x10; //INT24产生中断
  74   2              }
  75   1              if(P21 == 0)
  76   1              {
  77   2                      INT2_flag = 0x20; //INT25产生中断
  78   2              }
  79   1      }


MODULE INFORMATION:   STATIC OVERLAYABLE
   CODE SIZE        =     64    ----
   CONSTANT SIZE    =   ----    ----
   XDATA SIZE       =   ----    ----
   PDATA SIZE       =   ----    ----
   DATA SIZE        =      1    ----
   IDATA SIZE       =   ----    ----
   BIT SIZE         =   ----    ----
END OF MODULE INFORMATION.


C51 COMPILATION COMPLETE.  0 WARNING(S),  0 ERROR(S)
