C51 COMPILER V9.55   IO_INIT                                                               11/20/2018 11:16:45 PAGE 1   


C51 COMPILER V9.55, COMPILATION OF MODULE IO_INIT
OBJECT MODULE PLACED IN .\output\IO_Init.obj
COMPILER INVOKED BY: C:\Keil_v5\C51\BIN\C51.EXE c\IO_Init.c OPTIMIZE(8,SPEED) BROWSE NOINTPROMOTE DEBUG OBJECTEXTEND PRI
                    -NT(.\list\IO_Init.lst) OBJECT(.\output\IO_Init.obj)

line level    source

   1          #include "H/Function_Init.H"
   2          /*****************************************************
   3          *函数名称：void IO_Init(void)
   4          *函数功能：IO初始化
   5          *入口参数：void
   6          *出口参数：void
   7          *****************************************************/
   8          void IO_Init(void)
   9          {
  10   1          #if (IC_MODEL == SC93F7433)  //SC93F7433引脚定义
                      P0CON = 0x00;  //设置P0为高阻带上拉模式
                      P0PH  = 0xFF;
                      P1CON = 0x00;  //设置P1为高阻输入模式
                      P1PH  = 0x00;
                      P2CON = 0xFF;  //设置P2为强推挽模式
                      P2PH  = 0x00;
                      P5CON = 0xFF;  //设置P5为强推挽模式
                      P5PH  = 0x00;
                      #endif
  20   1          
  21   1          #if (IC_MODEL == SC93F7432)  //SC93F7432引脚定义
  22   1              P0CON = 0x00;  //设置P0为高阻带上拉模式
  23   1              P0PH  = 0xFF;
  24   1              P1CON = 0x00;  //设置P1为高阻输入模式
  25   1              P1PH  = 0x00;
  26   1              P2CON = 0xFF;  //设置P2为强推挽模式
  27   1              P2PH  = 0x00;
  28   1              SC93F7432_NIO_Init(); //未引出IO口配置
  29   1              #endif
  30   1      }


MODULE INFORMATION:   STATIC OVERLAYABLE
   CODE SIZE        =     28    ----
   CONSTANT SIZE    =   ----    ----
   XDATA SIZE       =   ----    ----
   PDATA SIZE       =   ----    ----
   DATA SIZE        =   ----    ----
   IDATA SIZE       =   ----    ----
   BIT SIZE         =   ----    ----
END OF MODULE INFORMATION.


C51 COMPILATION COMPLETE.  0 WARNING(S),  0 ERROR(S)
