C51 COMPILER V9.55   LCD_INIT                                                              01/09/2019 16:37:54 PAGE 1   


C51 COMPILER V9.55, COMPILATION OF MODULE LCD_INIT
OBJECT MODULE PLACED IN .\output\LCD_Init.obj
COMPILER INVOKED BY: C:\Keil_v5\C51\BIN\C51.EXE c\LCD_Init.c OPTIMIZE(8,SPEED) BROWSE NOINTPROMOTE DEBUG OBJECTEXTEND PR
                    -INT(.\list\LCD_Init.lst) OBJECT(.\output\LCD_Init.obj)

line level    source

   1          #include "H/Function_Init.H"
   2          
   3          void LCD_Init(uchar VDD_1_2);
   4          enum COM{COM0=1,COM1=2,COM2=4,COM3=8,COM4=16};
   5          /*****************************************************
   6          *函数名称：void LCD_Test(void)
   7          *函数功能：LCD测试
   8          *入口参数：void
   9          *出口参数：void
  10          *****************************************************/
  11          void LCD_Test(void)
  12          {
  13   1          P0CON |= 0x1F;
  14   1          P0PH &= 0xE0;
  15   1              while(1)
  16   1              {   
  17   2              P0 |= 0x1f;        
  18   2              LCD_Init(~(COM0)); 
  19   2              Delay(100);
  20   2              LCD_Init(~(COM1)); 
  21   2              Delay(100);
  22   2              LCD_Init(~(COM2)); 
  23   2              Delay(100);
  24   2              LCD_Init(~(COM3)); 
  25   2              Delay(100);
  26   2              LCD_Init(~(COM4)); 
  27   2              Delay(100);
  28   2              
  29   2              P0 &= 0xE0;        
  30   2              LCD_Init(~(COM0)); 
  31   2              Delay(100);
  32   2              LCD_Init(~(COM1)); 
  33   2              Delay(100);
  34   2              LCD_Init(~(COM2)); 
  35   2              Delay(100);
  36   2              LCD_Init(~(COM3)); 
  37   2              Delay(100);
  38   2              LCD_Init(~(COM4)); 
  39   2              Delay(100);              
  40   2              }
  41   1      }
  42          
  43          /*****************************************************
  44          *函数名称：void LCD_Init(uchar VDD_1_2)
  45          *函数功能：LCD初始化
  46          *入口参数：VDD_1_2
  47          *出口参数：void
  48          *****************************************************/
  49          void LCD_Init(uchar VDD_1_2)
  50          {
  51   1              P0VO = VDD_1_2;   //打开LCD电压输出功能，输出电压为1/2VDD
  52   1      //      OTCON |= 0x00;     //关闭内部分压电阻
  53   1      //      OTCON |= 0x04;     //设定内部分压电阻为25K
  54   1      //      OTCON |= 0x08;     //设定内部分压电阻为50K
C51 COMPILER V9.55   LCD_INIT                                                              01/09/2019 16:37:54 PAGE 2   

  55   1              OTCON |= 0x0C;     //设定内部分压电阻为100K
  56   1      }


MODULE INFORMATION:   STATIC OVERLAYABLE
   CODE SIZE        =    140    ----
   CONSTANT SIZE    =   ----    ----
   XDATA SIZE       =   ----    ----
   PDATA SIZE       =   ----    ----
   DATA SIZE        =   ----    ----
   IDATA SIZE       =   ----    ----
   BIT SIZE         =   ----    ----
END OF MODULE INFORMATION.


C51 COMPILATION COMPLETE.  0 WARNING(S),  0 ERROR(S)
