C51 COMPILER V9.55   PWM_INIT                                                              11/20/2018 11:16:47 PAGE 1   


C51 COMPILER V9.55, COMPILATION OF MODULE PWM_INIT
OBJECT MODULE PLACED IN .\output\PWM_Init.obj
COMPILER INVOKED BY: C:\Keil_v5\C51\BIN\C51.EXE c\PWM_Init.c OPTIMIZE(8,SPEED) BROWSE NOINTPROMOTE DEBUG OBJECTEXTEND PR
                    -INT(.\list\PWM_Init.lst) OBJECT(.\output\PWM_Init.obj)

line level    source

   1          #include "H/Function_Init.H"
   2          
   3          void PWM_Init(void);
   4          
   5          /*****************************************************
   6          *函数名称：void PWM_Test(void)
   7          *函数功能：PWM测试
   8          *入口参数：void
   9          *出口参数：void
  10          *****************************************************/
  11          void PWM_Test(void)
  12          {
  13   1          PWM_Init();
  14   1          while(1)
  15   1          {
  16   2          }
  17   1      }
  18          
  19          /*****************************************************
  20          *函数名称：void PWM_Init(void)
  21          *函数功能：PWM初始化
  22          *入口参数：void
  23          *出口参数：void
  24          *****************************************************/
  25          void PWM_Init(void)
  26          {
  27   1              PWMCON = 0x3A;          //PWM输出到IO，PWM时钟Fpwm=Fsys/4
  28   1              PWMPRD  = 59;           //PWM周期=(59+1)*(1/Fpwm);
  29   1              PWMCFG  = 0x00;         //PWM输出不反向,输出至P00/P01/P02
  30   1              PWMDTY0 = 30;           //PWM0的Duty = 30/60 =1/2
  31   1              PWMDTY1 = 15;       //PWM0的Duty = 15/60 =1/4
  32   1              PWMDTY2 = 10;       //PWM0的Duty = 10/60 =1/6
  33   1              PWMDTYA = 0x00;
  34   1              PWMCON |= 0x80;     //开启PWM
  35   1          IE1 |= 0x02;
  36   1          EA = 1;
  37   1      }
  38          
  39          /*****************************************************
  40          *函数名称：void PWMInt(void) interrupt 8
  41          *函数功能：PWM中断函数
  42          *入口参数：void
  43          *出口参数：void
  44          *****************************************************/
  45          void PWMInt(void) interrupt 8
  46          {       
  47   1              P20=~P20;         
  48   1      }


MODULE INFORMATION:   STATIC OVERLAYABLE
   CODE SIZE        =     37    ----
   CONSTANT SIZE    =   ----    ----
   XDATA SIZE       =   ----    ----
C51 COMPILER V9.55   PWM_INIT                                                              11/20/2018 11:16:47 PAGE 2   

   PDATA SIZE       =   ----    ----
   DATA SIZE        =   ----    ----
   IDATA SIZE       =   ----    ----
   BIT SIZE         =   ----    ----
END OF MODULE INFORMATION.


C51 COMPILATION COMPLETE.  0 WARNING(S),  0 ERROR(S)
