C51 COMPILER V9.03   TIMER                                                                 06/30/2017 16:57:43 PAGE 1   


C51 COMPILER V9.03, COMPILATION OF MODULE TIMER
OBJECT MODULE PLACED IN .\output\timer.obj
COMPILER INVOKED BY: D:\keil\C51\BIN\C51.EXE c\timer.c BROWSE DEBUG OBJECTEXTEND PRINT(.\list\timer.lst) OBJECT(.\output
                    -\timer.obj)

line level    source

   1          //************************************************************
   2          //  Copyright (c) 深圳市赛元微电子有限公司
   3          //      文件名称        : timer_1.c
   4          //      作者            : 
   5          //      模块功能        : timer0工作方式1(16位定时器)的使用
   6          //      局部函数列表:
   7          //  最后更正日期:
   8          //      版本            :
   9          //      更改记录        :rom前256byte禁止查表,因此在编译的时候，设置keil->option for Target->BL51 Locate->Code Range:
             -0x100
  10          //*************************************************************
  11          #include "h\SC92F732X_C.h"
  12          
  13          #define         tst0            P00
  14          #define         tst1            P01
  15          #define         tst2            P02
  16          //*************************************************************
  17          // 函数名       ：void timerinit(void)
  18          // 作者         ：
  19          // 功能         ：Timer定时器初始化
  20          // 参数         ：无
  21          // 返回值       ：无
  22          // 调用全局变量：无
  23          // 修改全局变量：无
  24          // 备注         ：Timer0初始化125us,Timer1初始化1ms
  25          //**************************************************************
  26          void timerinit(void)
  27          {       
  28   1              TMCON=0x07;                                                     //------111 ;Timer0、Tiemr1和Tiemr2选择时钟分频
  29   1              TMOD=0x11;                                              //0001 0001  ;Timer0和Timer1设置工作方式1       
  30   1      //T0设置        
  31   1              TH0=(65536-600)/256;                            //0.1ms
  32   1              TL0=(65536-600)%256;
  33   1              TR0=0;                                  
  34   1              ET0=1;                                                          //Timer0使能
  35   1              TR0=1;                                                          //启动Timer0
  36   1      //T1设置        
  37   1              TH1=(65536 - 6000)/256;                 //1ms
  38   1              TL1=(65536 - 6000)%256;
  39   1              TR1=0;
  40   1              ET1=1;
  41   1              TR1=1;
  42   1      //T2设置
  43   1              T2MOD=0x00;
  44   1              T2CON=0x00;                             //16位自动重载定时器模式 
  45   1              RCAP2H=(65536-3000)/256;                        //0.5ms
  46   1              RCAP2L=(65536-3000)%256;
  47   1              TR2=0;
  48   1              ET2=1;
  49   1              TR2=1;
  50   1      }
  51          
  52          //*************************************************************
  53          // 函数名       ：void timer0()interrupt 1
C51 COMPILER V9.03   TIMER                                                                 06/30/2017 16:57:43 PAGE 2   

  54          // 作者         ：
  55          // 功能         ：Timer0中断定时125us
  56          // 参数         ：无
  57          // 返回值       ：无
  58          // 调用全局变量：无
  59          // 修改全局变量：无
  60          // 备注         ：硬件自动清除中断标志,16位定时器,需再次加载初值
  61          //**************************************************************
  62          void timer0()interrupt 1                                //Timer0向量号 1
  63          {
  64   1              TH0=(65536-600)/256;                            //再次装入初值
  65   1              TL0=(65536-600)%256;
  66   1              tst0 =~tst0;
  67   1      }
  68          
  69          //*************************************************************
  70          // 函数名       ：void timer1()interrupt 3
  71          // 作者         ：
  72          // 功能         ：Timer1中断定时1ms
  73          // 参数         ：无
  74          // 返回值       ：无
  75          // 调用全局变量：无
  76          // 修改全局变量：无
  77          // 备注         ：硬件自动清除中断标志,16位定时器,需再次加载初值
  78          //**************************************************************
  79          void timer1()interrupt 3                                //Timer1向量号 3
  80          {
  81   1              TH1 = (65536 - 6000)/256;                   //再次装入初值
  82   1              TL1 = (65536 - 6000)%256;
  83   1              tst1 =~tst1;
  84   1      }
  85          //*************************************************************
  86          // 函数名       ：void timer1()interrupt 3
  87          // 作者         ：
  88          // 功能         ：Timer1中断定时1ms
  89          // 参数         ：无
  90          // 返回值       ：无
  91          // 调用全局变量：无
  92          // 修改全局变量：无
  93          // 备注         ：硬件自动清除中断标志,16位定时器,不需要再次加载初值
  94          //**************************************************************
  95          void timer2()interrupt 5                                //Timer2向量号 5
  96          {
  97   1              TF2 = 0;                                                        //溢出清零
  98   1              tst2 =~tst2;
  99   1      }
 100          //*************************************************************
 101          // 函数名       ：void main()
 102          // 作者         ：
 103          // 功能         ：主函数
 104          // 参数         ：无
 105          // 返回值       ：无
 106          // 调用全局变量：无
 107          // 修改全局变量：无
 108          // 备注         ：
 109          //**************************************************************
 110          void main()
 111          {
 112   1              P0CON =0XFF;
 113   1              WDTCON  = 0x10;                                  //清看门狗，500ms溢出
 114   1              timerinit();
 115   1              EA=1;                                                    //开总中断
C51 COMPILER V9.03   TIMER                                                                 06/30/2017 16:57:43 PAGE 3   

 116   1      
 117   1              while(1)
 118   1              {
 119   2                      WDTCON |= 0x10;                              //清看门狗
 120   2                      ;
 121   2              }
 122   1      }


MODULE INFORMATION:   STATIC OVERLAYABLE
   CODE SIZE        =     87    ----
   CONSTANT SIZE    =   ----    ----
   XDATA SIZE       =   ----    ----
   PDATA SIZE       =   ----    ----
   DATA SIZE        =   ----    ----
   IDATA SIZE       =   ----    ----
   BIT SIZE         =   ----    ----
END OF MODULE INFORMATION.


C51 COMPILATION COMPLETE.  0 WARNING(S),  0 ERROR(S)
