C51 COMPILER V9.55   PWM_INIT                                                              07/25/2019 10:19:25 PAGE 1   


C51 COMPILER V9.55, COMPILATION OF MODULE PWM_INIT
OBJECT MODULE PLACED IN .\Objects\PWM_Init.obj
COMPILER INVOKED BY: C:\Keil_v5\C51\BIN\C51.EXE c\PWM_Init.c OPTIMIZE(8,SPEED) BROWSE DEBUG OBJECTEXTEND PRINT(.\Listing
                    -s\PWM_Init.lst) OBJECT(.\Objects\PWM_Init.obj)

line level    source

   1          #include "H/Function_Init.H"
   2          
   3          #if (IC_MODEL == SC92F8545)
   4          unsigned int xdata PWMRD_41  _at_  0x742;
   5          unsigned int xdata PWMRD_42  _at_  0x744;
   6          unsigned int xdata PWMRD_43  _at_  0x746;
   7          #endif
   8          
   9          #if (IC_MODEL == SC92F8542)
              unsigned int xdata PWMRD_40  _at_  0x740;
              unsigned int xdata PWMRD_41  _at_  0x742;
              unsigned int xdata PWMRD_42  _at_  0x744;
              unsigned int xdata PWMRD_43  _at_  0x746;
              #endif
  15          
  16          unsigned int xdata PWMRD_Temp;
  17          void PWM_Init(void);
  18          /*****************************************************
  19          *函数名称：void PWM_Test(void)
  20          *函数功能：PWM测试
  21          *入口参数：void
  22          *出口参数：void
  23          *****************************************************/
  24          void PWM_Test(void)
  25          {
  26   1              PWM_Init();
  27   1              while(1)
  28   1              {
  29   2              }
  30   1      }
  31          /*****************************************************
  32          *函数名称：void PWM_Init(void)
  33          *函数功能：PWM初始化
  34          *入口参数：void
  35          *出口参数：void
  36          *****************************************************/
  37          void PWM_Init(void)
  38          {
  39   1              //设置了周期为200us，占空比为50%的PWM波形
  40   1              PWMCON = 0x7F;           //周期设置低8位,200us
  41   1          PWMCFG = 0x8C;           //7:开关  5-4：时钟源选择  3-0：周期设置高4位      
  42   1              PWMRD_Temp = 0x8000 | 0x640;     //PWM的占空比调节寄存只可写,所以可借用变量PWMRD_temp来读写占空比的值
  43   1              PWMRD_41 = PWMRD_Temp;
  44   1      }


MODULE INFORMATION:   STATIC OVERLAYABLE
   CODE SIZE        =     32    ----
   CONSTANT SIZE    =   ----    ----
   XDATA SIZE       =      2    ----
   PDATA SIZE       =   ----    ----
   DATA SIZE        =   ----    ----
   IDATA SIZE       =   ----    ----
   BIT SIZE         =   ----    ----
C51 COMPILER V9.55   PWM_INIT                                                              07/25/2019 10:19:25 PAGE 2   

END OF MODULE INFORMATION.


C51 COMPILATION COMPLETE.  0 WARNING(S),  0 ERROR(S)
