C51 COMPILER V9.55   UART_INIT                                                             07/25/2019 10:19:25 PAGE 1   


C51 COMPILER V9.55, COMPILATION OF MODULE UART_INIT
OBJECT MODULE PLACED IN .\Objects\Uart_Init.obj
COMPILER INVOKED BY: C:\Keil_v5\C51\BIN\C51.EXE c\Uart_Init.c OPTIMIZE(8,SPEED) BROWSE DEBUG OBJECTEXTEND PRINT(.\Listin
                    -gs\Uart_Init.lst) OBJECT(.\Objects\Uart_Init.obj)

line level    source

   1          #include "H/Function_Init.H" 
   2          
   3          void Uart0_Init(uint Freq,unsigned long int baud);
   4          bit UartSendFlag = 0; //发送中断标志位
   5          bit UartReceiveFlag = 0; //接收中断标志位
   6          /*****************************************************
   7          *函数名称：void Uart0_Test(void)
   8          *函数功能：Uart0测试
   9          *入口参数：void
  10          *出口参数：void
  11          *****************************************************/
  12          void Uart0_Test(void)
  13          {
  14   1              Uart0_Init(16,9600);
  15   1              while(1)
  16   1              {
  17   2                      SBUF = 0x55;
  18   2                      while(!UartSendFlag);
  19   2                      UartSendFlag = 0;
  20   2              }
  21   1      }
  22          /*****************************************************
  23          *函数名称：void Uart0_Init(uint Freq,unsigned long int baud)
  24          *函数功能：Uart0中断初始化
  25          *入口参数：Freq-主频，baud-波特率
  26          *出口参数：void
  27          *****************************************************/
  28          void Uart0_Init(uint Freq,unsigned long int baud)    //选择Timer1作为波特率信号发生器
  29          {
  30   1              #if (IC_MODEL == SC92F8545)
  31   1              P2CON &= 0xFC;   //TX/RX设置为输入带上拉
  32   1              P2PH  |= 0x03;
  33   1              #endif
  34   1              
  35   1              #if (IC_MODEL == SC92F8542)
                      P0CON &= 0xF3;   //TX/RX设置为输入带上拉
                      P0PH  |= 0x0C;
                      #endif
  39   1              
  40   1              SCON  |= 0X50;   //设置通信方式为模式一，允许接收
  41   1              TMCON |= 0X02;
  42   1              TH1 = (Freq*1000000/baud)>>8;     //波特率为T1的溢出时间；
  43   1              TL1 = Freq*1000000/baud;
  44   1              TR1 = 0;
  45   1              ET1 = 0;
  46   1              EUART = 1;     //开启Uart0中断
  47   1              EA = 1;
  48   1      }
  49          /*
  50          void Uart0_Init(uint Freq,unsigned long int baud)    //选择Timer2作为波特率信号发生器
  51          {
  52              #if (IC_MODEL == SC92F8545)
  53                  P2CON &= 0xFC;   //TX/RX设置为输入带上拉
  54                  P2PH  |= 0x03;
C51 COMPILER V9.55   UART_INIT                                                             07/25/2019 10:19:25 PAGE 2   

  55                  #endif
  56                  
  57                  #if (IC_MODEL == SC92F8542)
  58                  P0CON &= 0xF3;   //TX/RX设置为输入带上拉
  59                  P0PH  |= 0x0C;
  60                  #endif
  61          
  62                  SCON  |= 0X50;   //设置通信方式为模式一，允许接收
  63                  TMCON |= 0X04;
  64                  T2MOD = 0X00;
  65                  T2CON = 0X30;
  66                  RCAP2H = Freq*1000000/baud/256;
  67                  RCAP2L = Freq*1000000/baud%256;
  68                  TR2 = 0;
  69                  ET2 = 0;
  70                  EUART = 1;     //开启Uart0中断
  71                  EA = 1;
  72          }
  73          */
  74          
  75          /*****************************************************
  76          *函数名称：void UartInt(void) interrupt 4
  77          *函数功能：Uart0中断函数
  78          *入口参数：void
  79          *出口参数：void
  80          *****************************************************/
  81          void UartInt(void) interrupt 4
  82          {
  83   1              if(TI)
  84   1              {
  85   2                      TI = 0; 
  86   2                      UartSendFlag = 1;               
  87   2              }
  88   1              if(RI)
  89   1              {
  90   2                      RI = 0; 
  91   2                      UartReceiveFlag = 1;
  92   2              }       
  93   1      }


MODULE INFORMATION:   STATIC OVERLAYABLE
   CODE SIZE        =    132    ----
   CONSTANT SIZE    =   ----    ----
   XDATA SIZE       =   ----    ----
   PDATA SIZE       =   ----    ----
   DATA SIZE        =   ----       6
   IDATA SIZE       =   ----    ----
   BIT SIZE         =      2    ----
END OF MODULE INFORMATION.


C51 COMPILATION COMPLETE.  0 WARNING(S),  0 ERROR(S)
