C51 COMPILER V9.03   EX0_7                                                                 01/19/2016 22:27:27 PAGE 1   


C51 COMPILER V9.03, COMPILATION OF MODULE EX0_7
OBJECT MODULE PLACED IN .\output\EX0_7.obj
COMPILER INVOKED BY: C:\Keil\C51\BIN\C51.EXE c\EX0_7.c BROWSE DEBUG OBJECTEXTEND PRINT(.\lst\EX0_7.lst) OBJECT(.\output\
                    -EX0_7.obj)

line level    source

   1          //************************************************************
   2          //  Copyright (c) 深圳市赛元微电子有限公司
   3          //      文件名称        : EX0_7.c
   4          //      作者            : 
   5          //      模块功能        : 外部中断的使用
   6          //      局部函数列表:
   7          //  最后更正日期:
   8          //      版本            :
   9          //      更改记录        : rom前256byte禁止查表,因此在编译的时候，设置keil->option for Target->BL51 Locate->Code Range
             -:0x100
  10          //*************************************************************
  11          
  12          #include "h\sc91f7311_C.h"
  13          //*************************************************************
  14          // 函数名       ：void EX0_7init(void)
  15          // 作者         ：
  16          // 功能         ：外部中断初始化设置
  17          // 参数         ：无
  18          // 返回值       ：无
  19          // 调用全局变量：无
  20          // 修改全局变量：无
  21          // 备注         ：除外部中断1之外,其他外部中断均为下降沿触发
  22          //**************************************************************
  23          void EX0_7init(void)
  24          {       
  25   1              EXIE = 0xc7;                            //1100 0111  外部中断7、外部中断6...外部中断0使能
  26   1              EXIP = 0x00;                            //0000 0000  外部中断7、外部中断6...外部中断0无中断优先级
  27   1              INT1IT = 0x02;                  //---- --10              外部 中断`选择双沿触发:        00-下降沿触发 01-无中断 10-双沿触发 11-上升沿触发       
  28   1      }
  29          //*************************************************************
  30          // 函数名       ：void EX0() interrupt  n
  31          // 作者         ：
  32          // 功能         ：外部中断
  33          // 参数         ：无
  34          // 返回值       ：无
  35          // 调用全局变量：无
  36          // 修改全局变量：无
  37          // 备注         ：硬件自动清除中断标志
  38          //**************************************************************
  39          void EX0() interrupt    7
  40          {
  41   1      }
  42          void EX1() interrupt    8
  43          {
  44   1      }
  45          void EX2() interrupt    9
  46          {
  47   1      }
  48          void EX6() interrupt    13
  49          {
  50   1      }
  51          void EX7() interrupt    14
  52          {
  53   1      }
C51 COMPILER V9.03   EX0_7                                                                 01/19/2016 22:27:27 PAGE 2   

  54          
  55          //*************************************************************
  56          // 函数名       ：void main()
  57          // 作者         ：
  58          // 功能         ：主函数
  59          // 参数         ：无
  60          // 返回值       ：无
  61          // 调用全局变量：无
  62          // 修改全局变量：无
  63          // 备注         ：
  64          //**************************************************************
  65          void main()
  66          {
  67   1              RSTCFG=0X09;                             //切换RstPin为GPIO,lvr选择3.95V复位
  68   1              WDTCR = 0x90;                           //1--1 -- 00    开WDT,WDT清0,WDT 524.288ms溢出;烧录时，可Code Option选择ENWDT
  69   1              EX0_7init();
  70   1              EA=1;                                           //开总中断
  71   1              while(1)
  72   1              {
  73   2                      WDTCR = 0x90;                           //1--1 -- 00    开WDT,WDT清0,WDT 524.288ms溢出;烧录时，可Code Option选择ENWDT
  74   2      
  75   2      
  76   2      
  77   2              }
  78   1      }


MODULE INFORMATION:   STATIC OVERLAYABLE
   CODE SIZE        =     31    ----
   CONSTANT SIZE    =   ----    ----
   XDATA SIZE       =   ----    ----
   PDATA SIZE       =   ----    ----
   DATA SIZE        =   ----    ----
   IDATA SIZE       =   ----    ----
   BIT SIZE         =   ----    ----
END OF MODULE INFORMATION.


C51 COMPILATION COMPLETE.  0 WARNING(S),  0 ERROR(S)
