C51 COMPILER V9.55   TIMER_INIT                                                            07/25/2019 10:22:36 PAGE 1   


C51 COMPILER V9.55, COMPILATION OF MODULE TIMER_INIT
OBJECT MODULE PLACED IN .\Objects\Timer_Init.obj
COMPILER INVOKED BY: C:\Keil_v5\C51\BIN\C51.EXE c\Timer_Init.c OPTIMIZE(8,SPEED) BROWSE DEBUG OBJECTEXTEND PRINT(.\Listi
                    -ngs\Timer_Init.lst) OBJECT(.\Objects\Timer_Init.obj)

line level    source

   1          #include "H/Function_Init.H"
   2          
   3          void Timer_Init(void);
   4          /*****************************************************
   5          *函数名称：void Timer_Test(void);
   6          *函数功能：T0/T1/T2测试
   7          *入口参数：void
   8          *出口参数：void
   9          *****************************************************/
  10          void Timer_Test(void)
  11          {
  12   1              Timer_Init();
  13   1              while(1)
  14   1              {
  15   2              }
  16   1      }
  17          /*****************************************************
  18          *函数名称：void Timer_Init(void)
  19          *函数功能：T0/T1/T2初始化
  20          *入口参数：void
  21          *出口参数：void
  22          *****************************************************/
  23          void Timer_Init(void)
  24          { 
  25   1              TMCON = 0X07;    //------111 ;Timer0、Tiemr1和Tiemr2选择时钟Fsys
  26   1              //T0设置
  27   1              TMOD = 0x11;     //0001 0001  ;Timer0和Timer1设置工作方式1
  28   1              TL0 = (65536 - 16000)%256;    //溢出时间：时钟为Fsys，则6000*（1/Fsys）=250us;
  29   1              TH0 = (65536 - 16000)/256;
  30   1              TR0 = 0;
  31   1              ET0 = 1;//定时器0允许
  32   1              TR0 = 1;//打开定时器0
  33   1              //T1设置
  34   1              TL1 = (65536 - 48000)%256;   //溢出时间：时钟为Fsys，则24000*（1/Fsys）=1ms;
  35   1              TH1 = (65536 - 48000)/256;
  36   1              TR1 = 0;
  37   1              ET1 = 1;//定时器1允许
  38   1              TR1 = 1;//打开定时器1
  39   1              //T2设置
  40   1              T2MOD=0x00;
  41   1              T2CON=0x00;      //设置为16位重载寄存器
  42   1              RCAP2H=(65536-32000)/256;     //溢出时间：时钟为Fsys，则12000*（1/Fsys）=0.5ms;
  43   1              RCAP2L=(65536-32000)%256;
  44   1              TR2 = 0;
  45   1              ET2 = 1;//定时器2允许
  46   1              TR2 = 1;//打开定时器2   
  47   1              EA = 1; 
  48   1      }
  49          
  50          /**************************************************
  51          *函数名称：void timer0/1() interrupt 1/3
  52          *函数功能：定时器中断产生方波
  53          *入口参数：void
  54          *出口参数：void
C51 COMPILER V9.55   TIMER_INIT                                                            07/25/2019 10:22:36 PAGE 2   

  55          **************************************************/
  56          void timer0() interrupt 1
  57          {
  58   1          TL0 = (65536 - 16000)%256;
  59   1              TH0 = (65536 - 16000)/256;
  60   1              P20 = ~P20;     
  61   1      }
  62          
  63          void timer1() interrupt 3
  64          {
  65   1          TL1 = (65536 - 48000)%256;
  66   1              TH1 = (65536 - 48000)/256;
  67   1              P21 = ~P21;
  68   1      }
  69          
  70          void Timer2Int(void) interrupt 5
  71          {               
  72   1              TF2 = 0;   //溢出清零
  73   1          P22=~P22;
  74   1      }


MODULE INFORMATION:   STATIC OVERLAYABLE
   CODE SIZE        =     77    ----
   CONSTANT SIZE    =   ----    ----
   XDATA SIZE       =   ----    ----
   PDATA SIZE       =   ----    ----
   DATA SIZE        =   ----    ----
   IDATA SIZE       =   ----    ----
   BIT SIZE         =   ----    ----
END OF MODULE INFORMATION.


C51 COMPILATION COMPLETE.  0 WARNING(S),  0 ERROR(S)
