C51 COMPILER V9.55   CMP_INIT                                                              11/29/2019 15:28:15 PAGE 1   


C51 COMPILER V9.55, COMPILATION OF MODULE CMP_INIT
OBJECT MODULE PLACED IN .\Objects\CMP_Init.obj
COMPILER INVOKED BY: C:\Keil_v5\C51\BIN\C51.EXE c\CMP_Init.c OPTIMIZE(8,SPEED) BROWSE DEBUG OBJECTEXTEND PRINT(.\Listing
                    -s\CMP_Init.lst) OBJECT(.\Objects\CMP_Init.obj)

line level    source

   1          #include "H/Function_Init.H" 
   2          
   3          void CMP_Init(uchar CMPIS, uchar CMPRF);
   4          
   5          /*************模拟比较器负端比较电压选择****************/
   6          enum CMPRF {CMPRF=0,CMPRF1,CMPRF2,CMPRF3,CMPRF4,CMPRF5,CMPRF6,CMPRF7,CMPRF8,CMPRF9,CMPRF10,CMPRF11,CMPRF12
             -,CMPRF13,CMPRF14,CMPRF15};
   7          
   8          /*************模拟比较器正端输入通道选择****************/
   9          enum CMPIS {CMP0=0,CMP1,CMP2,CMP3};
  10          
  11          bit CMPSTA = 0;
  12          
  13          /*****************************************************
  14          *函数名称：void CPM_Test(void)
  15          *函数功能：模拟比较器测试
  16          *入口参数：void
  17          *出口参数：void
  18          *****************************************************/
  19          void CMP_Test(void)
  20          {
  21   1              CMP_Init(CMP1,CMPRF8);  //选择正端通道1，负端电压选择1/16VDD
  22   1              while(1)
  23   1              {
  24   2              P04 = ~P04;
  25   2                      if(CMPCON&0x20)     //判断模拟器输出状态
  26   2                      {
  27   3                              CMPSTA = 1;     //V+ > V-
  28   3                      }
  29   2                      else
  30   2                      {
  31   3                              CMPSTA = 0;     //V- > V+
  32   3                      }
  33   2              }
  34   1      }
  35          
  36          /*****************************************************
  37          *函数名称：void CMP_Init(uchar CMPIS, uchar CMPRF)
  38          *函数功能：模拟比较器初始化
  39          *入口参数：CMPIS=正端通道，CMPRF=负端电压
  40          *出口参数：void
  41          *****************************************************/
  42          void CMP_Init(uchar CMPIS, uchar CMPRF)
  43          {
  44   1              CMPCON = 0x80;   //开启模拟比较器电源
  45   1              CMPCON |= CMPRF; //选择负端电压
  46   1              CMPCFG = 0x04;   //上升沿中断
  47   1              CMPCFG |= CMPIS; //正端输入通道选择     
  48   1          
  49   1          IE1 |= 0x20;
  50   1          EA = 1;
  51   1      }
  52          
  53          void CMP_INTERRUPT() interrupt 12
C51 COMPILER V9.55   CMP_INIT                                                              11/29/2019 15:28:15 PAGE 2   

  54          {
  55   1              CMPCON &= ~0x40;        //清中断标志位
  56   1          P05 = ~P05;
  57   1      }


MODULE INFORMATION:   STATIC OVERLAYABLE
   CODE SIZE        =     46    ----
   CONSTANT SIZE    =   ----    ----
   XDATA SIZE       =   ----    ----
   PDATA SIZE       =   ----    ----
   DATA SIZE        =   ----    ----
   IDATA SIZE       =   ----    ----
   BIT SIZE         =      1    ----
END OF MODULE INFORMATION.


C51 COMPILATION COMPLETE.  0 WARNING(S),  0 ERROR(S)
