C51 COMPILER V9.55   IO_INIT                                                               11/29/2019 15:28:12 PAGE 1   


C51 COMPILER V9.55, COMPILATION OF MODULE IO_INIT
OBJECT MODULE PLACED IN .\Objects\IO_Init.obj
COMPILER INVOKED BY: C:\Keil_v5\C51\BIN\C51.EXE c\IO_Init.c OPTIMIZE(8,SPEED) BROWSE DEBUG OBJECTEXTEND PRINT(.\Listings
                    -\IO_Init.lst) OBJECT(.\Objects\IO_Init.obj)

line level    source

   1          #include "H/Function_Init.H"
   2          /*****************************************************
   3          *函数名称：void IO_Init(void)
   4          *函数功能：IO初始化
   5          *入口参数：void
   6          *出口参数：void
   7          *****************************************************/
   8          void IO_Init(void)
   9          {
  10   1              #if (IC_MODEL == SC95F8517)  //SC92F8617引脚定义
                      P0CON = 0xFF;  //设置P0为强推挽模式
                      P0PH  = 0x00;
                      P1CON = 0x00;  //设置P1为高阻输入模式
                      P1PH  = 0x00;
                      P2CON = 0x00;  //设置P2为高阻带上拉模式
                      P2PH  = 0xFF;
                      P3CON = 0xFF;  //设置P3为强推挽模式
                      P3PH  = 0x00;
                      P4CON = 0xFF;  //设置P4为强推挽模式
                      P4PH  = 0x01;
                      P5CON = 0xFF;  //设置P5为强推挽模式
                      P5PH  = 0x00;
                      #endif
  24   1              
  25   1              #if (IC_MODEL == SC95F8516)  //SC92F8616引脚定义
                      P0CON = 0xFF;  //设置P0为强推挽模式
                      P0PH  = 0x00;
                      P1CON = 0x00;  //设置P1为高阻输入模式
                      P1PH  = 0x00;
                      P2CON = 0x00;  //设置P2为高阻带上拉模式
                      P2PH  = 0xFF;
                      P3CON = 0xFF;  //设置P3为强推挽模式
                      P3PH  = 0x00;
                      P4CON = 0xFF;  //设置P4为强推挽模式
                      P4PH  = 0x01;
                      P5CON = 0xFF;  //设置P5为强推挽模式
                      P5PH  = 0x00;
                      SC95F8516_NIO_Init(); //未引出IO口配置
                      #endif
  40   1          
  41   1          #if (IC_MODEL == SC95F8515)  //SC92F8615引脚定义
  42   1              P0CON = 0xFF;  //设置P0为强推挽模式
  43   1              P0PH  = 0x00;
  44   1              P1CON = 0x00;  //设置P1为高阻输入模式
  45   1              P1PH  = 0x00;
  46   1              P2CON = 0x00;  //设置P2为高阻带上拉模式
  47   1              P2PH  = 0xFF;
  48   1              P3CON = 0xFF;  //设置P3为强推挽模式
  49   1              P3PH  = 0x00;
  50   1              P4CON = 0xFF;  //设置P4为强推挽模式
  51   1              P4PH  = 0x01;
  52   1              P5CON = 0xFF;  //设置P5为强推挽模式
  53   1              P5PH  = 0x00;
  54   1              SC95F8515_NIO_Init(); //未引出IO口配置
C51 COMPILER V9.55   IO_INIT                                                               11/29/2019 15:28:12 PAGE 2   

  55   1              #endif
  56   1              
  57   1              #if (IC_MODEL == SC95F8513)  //SC92F8613引脚定义
                      P0CON = 0xFF;  //设置P0为强推挽模式
                      P0PH  = 0x00;
                      P1CON = 0x00;  //设置P1为高阻输入模式
                      P1PH  = 0x00;
                      P2CON = 0x00;  //设置P2为高阻带上拉模式
                      P2PH  = 0xFF;
                      P3CON = 0xFF;  //设置P3为强推挽模式
                      P3PH  = 0x00;
                      P4CON = 0xFF;  //设置P4为强推挽模式
                      P4PH  = 0x01;
                      SC95F8513_NIO_Init(); //未引出IO口配置
                      #endif
  70   1      }
  71          
  72          void Delay(uint time)
  73          {
  74   1          for(;time>0;time--);
  75   1      }


MODULE INFORMATION:   STATIC OVERLAYABLE
   CODE SIZE        =     64    ----
   CONSTANT SIZE    =   ----    ----
   XDATA SIZE       =   ----    ----
   PDATA SIZE       =   ----    ----
   DATA SIZE        =   ----    ----
   IDATA SIZE       =   ----    ----
   BIT SIZE         =   ----    ----
END OF MODULE INFORMATION.


C51 COMPILATION COMPLETE.  0 WARNING(S),  0 ERROR(S)
