C51 COMPILER V9.55   BTM                                                                   11/29/2019 15:01:35 PAGE 1   


C51 COMPILER V9.55, COMPILATION OF MODULE BTM
OBJECT MODULE PLACED IN .\Objects\BTM.obj
COMPILER INVOKED BY: C:\Keil_v5\C51\BIN\C51.EXE c\BTM.c OPTIMIZE(8,SPEED) BROWSE DEBUG OBJECTEXTEND PRINT(.\Listings\BTM
                    -.lst) OBJECT(.\Objects\BTM.obj)

line level    source

   1          #include "H/Function_Init.H"
   2          
   3          void BTM_Init(void);
   4          
   5          /*****************************************************
   6          *函数名称：void BTM_Test(void)
   7          *函数功能：BTM测试
   8          *入口参数：void
   9          *出口参数：void
  10          *****************************************************/
  11          void BTM_Test(void)
  12          {
  13   1              BTM_Init();
  14   1              while(1)
  15   1              {
  16   2              }
  17   1      }
  18          /*****************************************************
  19          *函数名称：void BTM_Init(void)
  20          *函数功能：BTM初始化
  21          *入口参数：void
  22          *出口参数：void
  23          *****************************************************/
  24          void BTM_Init(void)
  25          {
  26   1      //      BTMCON = 0x00;  //不开启
  27   1      //      BTMCON = 0x80;  //每15.6ms产生一个中断
  28   1      //      BTMCON = 0x81;  //每31.3ms产生一个中断
  29   1      //      BTMCON = 0x82;  //每62.5ms产生一个中断
  30   1      //      BTMCON = 0x83;  //每125ms产生一个中断
  31   1              BTMCON = 0x84;  //每0.25s产生一个中断
  32   1      //      BTMCON = 0x85;  //每0.5s产生一个中断
  33   1      //      BTMCON = 0x86;  //每1s产生一个中断
  34   1      //      BTMCON = 0x87;  //每2s产生一个中断
  35   1      //  BTMCON = 0x88;      //每4s产生一个中断
  36   1      //  BTMCON = 0x89;      //每8s产生一个中断
  37   1      //  BTMCON = 0x8A;      //每16s产生一个中断
  38   1      //  BTMCON = 0x8B;      //每32s产生一个中断
  39   1              EA = 1;           //开启总中断
  40   1              IE1 |= 0x04;       //开启BTM中断
  41   1      }
  42          
  43          /*****************************************************
  44          *函数名称：void BTM_Int(void) interrupt 9
  45          *函数功能：中断函数
  46          *入口参数：void
  47          *出口参数：void
  48          *****************************************************/
  49          void BTM_Int(void) interrupt 9
  50          {
  51   1              if(!(BTMCON&0X40))              //中断标志位判断
  52   1              {
  53   2                      P05 = ~P05;
  54   2              }
C51 COMPILER V9.55   BTM                                                                   11/29/2019 15:01:35 PAGE 2   

  55   1      }


MODULE INFORMATION:   STATIC OVERLAYABLE
   CODE SIZE        =     26    ----
   CONSTANT SIZE    =   ----    ----
   XDATA SIZE       =   ----    ----
   PDATA SIZE       =   ----    ----
   DATA SIZE        =   ----    ----
   IDATA SIZE       =   ----    ----
   BIT SIZE         =   ----    ----
END OF MODULE INFORMATION.


C51 COMPILATION COMPLETE.  0 WARNING(S),  0 ERROR(S)
