C51 COMPILER V9.55   SSI2_INIT                                                             11/29/2019 15:01:40 PAGE 1   


C51 COMPILER V9.55, COMPILATION OF MODULE SSI2_INIT
OBJECT MODULE PLACED IN .\Objects\SSI2_Init.obj
COMPILER INVOKED BY: C:\Keil_v5\C51\BIN\C51.EXE c\SSI2_Init.c OPTIMIZE(8,SPEED) BROWSE DEBUG OBJECTEXTEND PRINT(.\Listin
                    -gs\SSI2_Init.lst) OBJECT(.\Objects\SSI2_Init.obj)

line level    source

   1          #include "H/Function_Init.H"
   2          
   3          //选择三合一模式：
   4          #define  Uart2   0
   5          #define  TWI2    1
   6          #define  SPI2    2
   7          
   8          #define  SSI2_Mode  TWI2
   9          
  10          void Uart2_Init(uint Freq,unsigned long int baud);
  11          void TWI2_Init(void);
  12          void SPI2_Init(void);
  13          
  14          bit Uart2SendFlag = 0;    //Uart2发送中断标志位
  15          bit Uart2ReceiveFlag = 0; //Uart2接收中断标志位
  16          bit SPI2Flag = 0;         //SPI2数据传输完成标志位
  17          bit TWI2Flag = 0;         //TWI2中断标志位
  18          
  19          /*****************************************************
  20          *函数名称：void SSI2_Test(void)
  21          *函数功能：SSI2测试
  22          *入口参数：void
  23          *出口参数：void
  24          *****************************************************/
  25          void SSI2_Test(void)
  26          {
  27   1      #if (SSI2_Mode == Uart2)
                      Uart2_Init(32,9600);
                      while(1)
                      {
                              US2CON3 = 0xAA;
                              while(!Uart2SendFlag);
                              Uart2SendFlag = 0;
                      }
              #endif
  36   1              
  37   1      #if (SSI2_Mode == TWI2)
  38   1              TWI2_Init();
  39   1              while(1)
  40   1              {
  41   2                      US2CON1 |= 0x20;    //产生起始条件
  42   2                      while(!TWI2Flag);
  43   2              TWI2Flag = 0;           
  44   2                      US2CON3 = 0x10;     //发送地址及读命令
  45   2              while(!TWI2Flag);
  46   2              TWI2Flag = 0;
  47   2              US2CON3 = 0x55;     //发送地址及读命令
  48   2              while(!TWI2Flag);
  49   2              TWI2Flag = 0;
  50   2                      Delay(100);
  51   2                      US2CON1 |= 0x10;
  52   2                      Delay(100);
  53   2              }
  54   1      #endif
C51 COMPILER V9.55   SSI2_INIT                                                             11/29/2019 15:01:40 PAGE 2   

  55   1      
  56   1      #if (SSI2_Mode == SPI2)
                      SPI2_Init();
                      while(1)
                      {
                              US2CON2 = 0xAA;
                              while(!SPI2Flag);
                              SPI2Flag = 0;
                      Delay(1000);
                      }
              #endif  
  66   1      }
  67          /*****************************************************
  68          *函数名称：void Uart2_Init(uint Freq,unsigned long int baud)
  69          *函数功能：Uart2中断初始化
  70          *入口参数：Freq-主频，baud-波特率
  71          *出口参数：void
  72          *****************************************************/
  73          void Uart2_Init(uint Freq,unsigned long int baud)
  74          {
  75   1              P4CON &= 0xCF;    //TX/RX设置为输入带上拉
  76   1              P4PH  |= 0x30;
  77   1              
  78   1              TMCON |= 0xC0;    //串行接口SSI2选择Uart2通信
  79   1              US2CON0 = 0x50;   //设置通信方式为模式一，允许接收
  80   1              US2CON1 = Freq*1000000/baud;   //波特率低位控制
  81   1              US2CON2 = (Freq*1000000/baud)>>8;   //波特率高位控制
  82   1              IE2 |= 0x02;      //开启SSI2中断
  83   1          EA = 1;     
  84   1      }
  85          
  86          /*****************************************************
  87          *函数名称：void TWI2_Init(void)
  88          *函数功能：TWI2初始化
  89          *入口参数：void
  90          *出口参数：void
  91          *****************************************************/
  92          void TWI2_Init(void)
  93          {
  94   1              TMCON |= 0x80;   //选择TWI2模式
  95   1              US2CON0 = 0x80;  //主模式， 使能应答标志位
  96   1              US2CON1 = 0x05;  //---- xxxx  x为时钟速率
  97   1              IE2 |= 0x02;
  98   1              EA = 1;
  99   1      }
 100          
 101          /*****************************************************
 102          *函数名称：void SPI2_Init(void)
 103          *函数功能：SPI2初始化
 104          *入口参数：void
 105          *出口参数：void
 106          *****************************************************/
 107          void SPI2_Init(void)
 108          {
 109   1              TMCON |= 0X40;    //选择SPI2模式
 110   1              US2CON0 = 0x3F;   //设置SPI2为主设备，SCK空闲时间为高电平，SCK周期第二沿采集数据，时钟速率为Fsys/128
 111   1              US2CON1 = 0x01;   //MSB优先发送，8位传输，允许发送中断
 112   1              US2CON0 |= 0x80;  //开启SPI2
 113   1              IE2 |= 0x02;
 114   1              EA = 1;
 115   1      }
 116          
C51 COMPILER V9.55   SSI2_INIT                                                             11/29/2019 15:01:40 PAGE 3   

 117          
 118          /*****************************************************
 119          *函数名称：void TWI2/PI/UART1_Int() interrupt 7
 120          *函数功能：SSI2中断函数
 121          *入口参数：void
 122          *出口参数：void
 123          *****************************************************/
 124          #if (SSI2_Mode == Uart2)
              void Uart2_Int() interrupt 16   //Uart2中断函数
              {
                      if(US2CON0&0x02)    //发送标志位判断
                      {
                              US2CON0 &= 0xFD;
                              Uart2SendFlag = 1;
                      }
                      if((US2CON0&0x01))  //接收标志位判断
                      {
                              US2CON0 &= 0xFE;
                              Uart2ReceiveFlag = 1;
                      }       
              }
              #endif
 139          
 140          #if (SSI2_Mode == TWI2)
 141          void TWI2_Int() interrupt 16     //TWI2中断函数
 142          {
 143   1              if(US2CON0&0x40)
 144   1              {
 145   2                      US2CON0 &= 0xbf;  //中断清零
 146   2                      TWI2Flag = 1;
 147   2              }       
 148   1      }
 149          #endif 
 150          
 151          #if (SSI2_Mode == SPI2)
              void SpiInt(void) interrupt 16    //SPI2中断函数
              {         
                      if(US2CON1&0X08)    //发送缓存器空标志判断
                      {
                              US2CON1 &= ~0X08;
                      }
                      if(US2CON1&0X80)    //数据传输标志位判断
                      {
                              US2CON1 &= ~0X80;
                              SPI2Flag = 1;
                      }
              }
              #endif 


MODULE INFORMATION:   STATIC OVERLAYABLE
   CODE SIZE        =    181    ----
   CONSTANT SIZE    =   ----    ----
   XDATA SIZE       =   ----    ----
   PDATA SIZE       =   ----    ----
   DATA SIZE        =   ----       6
   IDATA SIZE       =   ----    ----
   BIT SIZE         =      4    ----
END OF MODULE INFORMATION.


C51 COMPILATION COMPLETE.  0 WARNING(S),  0 ERROR(S)
