C51 COMPILER V9.03   SLAVE_8_1_R_N                                                         04/16/2014 15:27:36 PAGE 1   


C51 COMPILER V9.03, COMPILATION OF MODULE SLAVE_8_1_R_N
OBJECT MODULE PLACED IN .\output\Slave_8_1_r_N.obj
COMPILER INVOKED BY: C:\Keil\C51\BIN\C51.EXE c\Slave_8_1_r_N.C BROWSE DEBUG OBJECTEXTEND PRINT(.\lst\Slave_8_1_r_N.lst) 
                    -OBJECT(.\output\Slave_8_1_r_N.obj)

line level    source

   1          //************************************************************
   2          //  Copyright (c) 深圳市赛元微电子有限公司
   3          //      文件名称        : slave_8_1.c
   4          //      作者            : 
   5          //      模块功能        : SIF slave 8+1多字节接收模块
   6          //      局部函数列表:
   7          //  最后更正日期:
   8          //      版本            :
   9          //      更改记录        : 从接收主发来的3Byte数据.
  10          //*************************************************************
  11          #include "H\SC91F832_C.H"
  12          
  13          //============================
  14          //模块内常量定义
  15          //============================
  16          #define         SIF_SLAVE_RECE_ACK              0x08            //SIF从8+1接收模式
  17          #define         SIF_SLAVE_SEND_ACK              0x0a            //SIF从8+1发送模式
  18          
  19          #define         BS(SFR,NUM)             (SFR|=(1<<NUM))
  20          #define         BC(SFR,NUM)             (SFR&=~(1<<NUM))
  21          
  22          #define         SIF_SET_RECE    (BC(SIFCFG,1))            //设置SIF接收状态
  23          #define         SIF_SET_SEND    (BS(SIFCFG,1))            //设置SIF发送状态
  24          
  25          #define         Rece_Date_Max                   3       
  26          
  27          //=====================================
  28          //声明需要调用的全局变量
  29          //=====================================
  30          extern          unsigned char Sif_Rec_dat_1 ;
  31          extern          unsigned char Sif_Rec_dat_2 ;
  32          extern          unsigned char Sif_Rec_dat_3 ;
  33          
  34          extern          unsigned char Rece_Date_Cnt;     //发送数据标志 
  35          //*************************************************************
  36          // 函数名       ：void sif_init(void)
  37          // 作者         ：
  38          // 功能         ：sif初始化
  39          // 参数         ：无
  40          // 返回值       ：无
  41          // 调用全局变量：无
  42          // 修改全局变量：无
  43          // 备注         ：
  44          //**************************************************************
  45          void sif_init(void)
  46          {
  47   1              P1CFG1 &= 0xF0;         //设置P14、P15状态为准双向模式
  48   1              P1 |= 0x30;         //设置P14、P15输出高
  49   1              SIFCFG = SIF_SLAVE_RECE_ACK;  //选择SIF从8+1接收模式
  50   1              SIFCFG |= 0x80;         //打开SIF
  51   1              ESIF = 1;                       //开SIF中断     
  52   1      }
  53          
  54          //*************************************************************
C51 COMPILER V9.03   SLAVE_8_1_R_N                                                         04/16/2014 15:27:36 PAGE 2   

  55          // 函数名       ：void Sif_Slave_Int() interrupt 5
  56          // 作者         ：
  57          // 功能         ：SIF 从模式中断机制
  58          // 参数         ：无
  59          // 返回值       ：无
  60          // 调用全局变量：无
  61          // 修改全局变量：无
  62          // 备注         ：
  63          //**************************************************************
  64          void Sif_Slave_Int() interrupt 5
  65          {
  66   1              if(STRIF==1)
  67   1              {
  68   2                      STRIF = 0;                                      //接收完成start,中断标志清0
  69   2                      SIF_SET_RECE;                           //slave切换为接收状态，发送1byte的数据          
  70   2              }
  71   1              else if(RXIF==1)
  72   1              {
  73   2                      RXIF = 0;                                       //数据接收完成,中断标志清0
  74   2                      if(++Rece_Date_Cnt>= Rece_Date_Max)
  75   2                              {
  76   3                                      Rece_Date_Cnt = 0 ;
  77   3                              }
  78   2                      if(Rece_Date_Cnt==1)
  79   2                              {Sif_Rec_dat_1 = SIFRXD;}               //保存接受数据DAT1
  80   2                      else if(Rece_Date_Cnt==2)
  81   2                              {Sif_Rec_dat_2 = SIFRXD;}               //保存接受数据DAT2
  82   2                      else if(Rece_Date_Cnt==0)
  83   2                              {Sif_Rec_dat_3 = SIFRXD;}               //保存接受数据DAT3
  84   2                      
  85   2              }
  86   1              else if(STPIF==1)
  87   1              {
  88   2                      STPIF=0;                                        //接收完成stop,中断标志清0
  89   2              }
  90   1                      
  91   1      }
  92          


MODULE INFORMATION:   STATIC OVERLAYABLE
   CODE SIZE        =     85    ----
   CONSTANT SIZE    =   ----    ----
   XDATA SIZE       =   ----    ----
   PDATA SIZE       =   ----    ----
   DATA SIZE        =   ----    ----
   IDATA SIZE       =   ----    ----
   BIT SIZE         =   ----    ----
END OF MODULE INFORMATION.


C51 COMPILATION COMPLETE.  0 WARNING(S),  0 ERROR(S)
